cargo : warning: 
unused import: `ADMI
N_INITIALIZED_KEY`
At line:1 char:1
+ cargo test "bid" 
-- --show-output 
2>&1 | Out-File 
-FilePath bid_query 
...
+ ~~~~~~~~~~~~~~~~~~
~~~~~~~~~~~~~~~~~~~~
    + CategoryInfo  
            : NotS  
  pecified: (warn   
 ing: unused...N    
ITIALIZED_KEY`:    
String) [], Rem    
oteException
    + FullyQualifie 
   dErrorId : Nati  
  veCommandError
 
  --> 
src\init.rs:28:34
   |
28 | use crate::admi
n::{AdminStorage, AD
MIN_INITIALIZED_KEY}
;
   |                
                  ^^
^^^^^^^^^^^^^^^^^^^
   |
   = note: `#[warn(u
nused_imports)]` 
(part of 
`#[warn(unused)]`) 
on by default

warning: unused 
import: `crate::curr
ency::CurrencyWhitel
ist`
  --> 
src\init.rs:29:5
   |
29 | use crate::curr
ency::CurrencyWhitel
ist;
   |     ^^^^^^^^^^^
^^^^^^^^^^^^^^^^^^^^
^^^

warning: use of 
deprecated method `s
oroban_sdk::events::
Events::publish`: 
use the 
#[contractevent] 
macro on a contract 
event type
   --> 
src\admin.rs:165:18
    |
165 |     env.events
().publish(
    |               
   ^^^^^^^
    |
    = note: `#[warn(
deprecated)]` on by 
default

warning: use of 
deprecated method `s
oroban_sdk::events::
Events::publish`: 
use the 
#[contractevent] 
macro on a contract 
event type
   --> 
src\admin.rs:173:18
    |
173 |     env.events
().publish(
    |               
   ^^^^^^^

warning: use of 
deprecated method `s
oroban_sdk::events::
Events::publish`: 
use the 
#[contractevent] 
macro on a contract 
event type
  --> src\emergency.
rs:65:22
   |
65 |         env.eve
nts().publish(
   |                
      ^^^^^^^

warning: use of 
deprecated method `s
oroban_sdk::events::
Events::publish`: 
use the 
#[contractevent] 
macro on a contract 
event type
   --> src\emergency
.rs:107:22
    |
107 |         env.ev
ents().publish(
    |               
       ^^^^^^^

warning: use of 
deprecated method `s
oroban_sdk::events::
Events::publish`: 
use the 
#[contractevent] 
macro on a contract 
event type
   --> src\emergency
.rs:142:22
    |
142 |         env.ev
ents().publish(
    |               
       ^^^^^^^

warning: use of 
deprecated method `s
oroban_sdk::events::
Events::publish`: 
use the 
#[contractevent] 
macro on a contract 
event type
 --> 
src\events.rs:9:18
  |
9 |     env.events()
.publish(
  |                 
 ^^^^^^^

warning: use of 
deprecated method `s
oroban_sdk::events::
Events::publish`: 
use the 
#[contractevent] 
macro on a contract 
event type
  --> 
src\events.rs:23:18
   |
23 |     env.events(
).publish(
   |                
  ^^^^^^^

warning: use of 
deprecated method `s
oroban_sdk::events::
Events::publish`: 
use the 
#[contractevent] 
macro on a contract 
event type
  --> 
src\events.rs:34:18
   |
34 |     env.events(
).publish(
   |                
  ^^^^^^^

warning: use of 
deprecated method `s
oroban_sdk::events::
Events::publish`: 
use the 
#[contractevent] 
macro on a contract 
event type
  --> 
src\events.rs:50:18
   |
50 |     env.events(
).publish(
   |                
  ^^^^^^^

warning: use of 
deprecated method `s
oroban_sdk::events::
Events::publish`: 
use the 
#[contractevent] 
macro on a contract 
event type
  --> 
src\events.rs:63:18
   |
63 |     env.events(
).publish(
   |                
  ^^^^^^^

warning: use of 
deprecated method `s
oroban_sdk::events::
Events::publish`: 
use the 
#[contractevent] 
macro on a contract 
event type
  --> 
src\events.rs:70:18
   |
70 |     env.events(
).publish(
   |                
  ^^^^^^^

warning: use of 
deprecated method `s
oroban_sdk::events::
Events::publish`: 
use the 
#[contractevent] 
macro on a contract 
event type
  --> 
src\events.rs:86:18
   |
86 |     env.events(
).publish(
   |                
  ^^^^^^^

warning: use of 
deprecated method `s
oroban_sdk::events::
Events::publish`: 
use the 
#[contractevent] 
macro on a contract 
event type
   --> 
src\events.rs:110:18
    |
110 |     env.events
().publish(
    |               
   ^^^^^^^

warning: use of 
deprecated method `s
oroban_sdk::events::
Events::publish`: 
use the 
#[contractevent] 
macro on a contract 
event type
   --> 
src\events.rs:124:18
    |
124 |     env.events
().publish(
    |               
   ^^^^^^^

warning: use of 
deprecated method `s
oroban_sdk::events::
Events::publish`: 
use the 
#[contractevent] 
macro on a contract 
event type
   --> 
src\events.rs:135:18
    |
135 |     env.events
().publish(
    |               
   ^^^^^^^

warning: use of 
deprecated method `s
oroban_sdk::events::
Events::publish`: 
use the 
#[contractevent] 
macro on a contract 
event type
   --> 
src\events.rs:159:18
    |
159 |     env.events
().publish(
    |               
   ^^^^^^^

warning: use of 
deprecated method `s
oroban_sdk::events::
Events::publish`: 
use the 
#[contractevent] 
macro on a contract 
event type
   --> 
src\events.rs:179:18
    |
179 |     env.events
().publish(
    |               
   ^^^^^^^

warning: use of 
deprecated method `s
oroban_sdk::events::
Events::publish`: 
use the 
#[contractevent] 
macro on a contract 
event type
   --> 
src\events.rs:192:18
    |
192 |     env.events
().publish(
    |               
   ^^^^^^^

warning: use of 
deprecated method `s
oroban_sdk::events::
Events::publish`: 
use the 
#[contractevent] 
macro on a contract 
event type
   --> 
src\events.rs:204:18
    |
204 |     env.events
().publish(
    |               
   ^^^^^^^

warning: use of 
deprecated method `s
oroban_sdk::events::
Events::publish`: 
use the 
#[contractevent] 
macro on a contract 
event type
   --> 
src\events.rs:212:18
    |
212 |     env.events
().publish(
    |               
   ^^^^^^^

warning: use of 
deprecated method `s
oroban_sdk::events::
Events::publish`: 
use the 
#[contractevent] 
macro on a contract 
event type
   --> 
src\events.rs:232:18
    |
232 |     env.events
().publish(
    |               
   ^^^^^^^

warning: use of 
deprecated method `s
oroban_sdk::events::
Events::publish`: 
use the 
#[contractevent] 
macro on a contract 
event type
   --> 
src\events.rs:251:18
    |
251 |     env.events
().publish(
    |               
   ^^^^^^^

warning: use of 
deprecated method `s
oroban_sdk::events::
Events::publish`: 
use the 
#[contractevent] 
macro on a contract 
event type
   --> 
src\events.rs:263:18
    |
263 |     env.events
().publish(
    |               
   ^^^^^^^

warning: use of 
deprecated method `s
oroban_sdk::events::
Events::publish`: 
use the 
#[contractevent] 
macro on a contract 
event type
   --> 
src\events.rs:277:18
    |
277 |     env.events
().publish(
    |               
   ^^^^^^^

warning: use of 
deprecated method `s
oroban_sdk::events::
Events::publish`: 
use the 
#[contractevent] 
macro on a contract 
event type
   --> 
src\events.rs:293:18
    |
293 |     env.events
().publish(
    |               
   ^^^^^^^

warning: use of 
deprecated method `s
oroban_sdk::events::
Events::publish`: 
use the 
#[contractevent] 
macro on a contract 
event type
   --> 
src\events.rs:307:18
    |
307 |     env.events
().publish(
    |               
   ^^^^^^^

warning: use of 
deprecated method `s
oroban_sdk::events::
Events::publish`: 
use the 
#[contractevent] 
macro on a contract 
event type
   --> 
src\events.rs:323:18
    |
323 |     env.events
().publish(
    |               
   ^^^^^^^

warning: use of 
deprecated method `s
oroban_sdk::events::
Events::publish`: 
use the 
#[contractevent] 
macro on a contract 
event type
   --> 
src\events.rs:331:18
    |
331 |     env.events
().publish(
    |               
   ^^^^^^^

warning: use of 
deprecated method `s
oroban_sdk::events::
Events::publish`: 
use the 
#[contractevent] 
macro on a contract 
event type
   --> 
src\events.rs:339:18
    |
339 |     env.events
().publish(
    |               
   ^^^^^^^

warning: use of 
deprecated method `s
oroban_sdk::events::
Events::publish`: 
use the 
#[contractevent] 
macro on a contract 
event type
   --> 
src\events.rs:347:18
    |
347 |     env.events
().publish(
    |               
   ^^^^^^^

warning: use of 
deprecated method `s
oroban_sdk::events::
Events::publish`: 
use the 
#[contractevent] 
macro on a contract 
event type
   --> 
src\events.rs:360:18
    |
360 |     env.events
().publish(
    |               
   ^^^^^^^

warning: use of 
deprecated method `s
oroban_sdk::events::
Events::publish`: 
use the 
#[contractevent] 
macro on a contract 
event type
   --> 
src\events.rs:373:18
    |
373 |     env.events
().publish(
    |               
   ^^^^^^^

warning: use of 
deprecated method `s
oroban_sdk::events::
Events::publish`: 
use the 
#[contractevent] 
macro on a contract 
event type
   --> 
src\events.rs:382:18
    |
382 |     env.events
().publish(
    |               
   ^^^^^^^

warning: use of 
deprecated method `s
oroban_sdk::events::
Events::publish`: 
use the 
#[contractevent] 
macro on a contract 
event type
   --> 
src\events.rs:391:10
    |
391 |         .publi
sh((symbol_short!("a
ud_qry"),), 
(query_type, 
result_count));
    |          
^^^^^^^

warning: use of 
deprecated method `s
oroban_sdk::events::
Events::publish`: 
use the 
#[contractevent] 
macro on a contract 
event type
   --> 
src\events.rs:402:18
    |
402 |     env.events
().publish(
    |               
   ^^^^^^^

warning: use of 
deprecated method `s
oroban_sdk::events::
Events::publish`: 
use the 
#[contractevent] 
macro on a contract 
event type
   --> 
src\events.rs:420:18
    |
420 |     env.events
().publish(
    |               
   ^^^^^^^

warning: use of 
deprecated method `s
oroban_sdk::events::
Events::publish`: 
use the 
#[contractevent] 
macro on a contract 
event type
   --> 
src\events.rs:433:18
    |
433 |     env.events
().publish(
    |               
   ^^^^^^^

warning: use of 
deprecated method `s
oroban_sdk::events::
Events::publish`: 
use the 
#[contractevent] 
macro on a contract 
event type
   --> 
src\events.rs:446:18
    |
446 |     env.events
().publish(
    |               
   ^^^^^^^

warning: use of 
deprecated method `s
oroban_sdk::events::
Events::publish`: 
use the 
#[contractevent] 
macro on a contract 
event type
   --> 
src\events.rs:459:18
    |
459 |     env.events
().publish(
    |               
   ^^^^^^^

warning: use of 
deprecated method `s
oroban_sdk::events::
Events::publish`: 
use the 
#[contractevent] 
macro on a contract 
event type
   --> 
src\events.rs:476:18
    |
476 |     env.events
().publish(
    |               
   ^^^^^^^

warning: use of 
deprecated method `s
oroban_sdk::events::
Events::publish`: 
use the 
#[contractevent] 
macro on a contract 
event type
   --> 
src\events.rs:488:18
    |
488 |     env.events
().publish(
    |               
   ^^^^^^^

warning: use of 
deprecated method `s
oroban_sdk::events::
Events::publish`: 
use the 
#[contractevent] 
macro on a contract 
event type
   --> 
src\events.rs:509:18
    |
509 |     env.events
().publish(
    |               
   ^^^^^^^

warning: use of 
deprecated method `s
oroban_sdk::events::
Events::publish`: 
use the 
#[contractevent] 
macro on a contract 
event type
   --> 
src\events.rs:528:18
    |
528 |     env.events
().publish(
    |               
   ^^^^^^^

warning: use of 
deprecated method `s
oroban_sdk::events::
Events::publish`: 
use the 
#[contractevent] 
macro on a contract 
event type
   --> 
src\events.rs:547:18
    |
547 |     env.events
().publish(
    |               
   ^^^^^^^

warning: use of 
deprecated method `s
oroban_sdk::events::
Events::publish`: 
use the 
#[contractevent] 
macro on a contract 
event type
   --> 
src\events.rs:567:18
    |
567 |     env.events
().publish(
    |               
   ^^^^^^^

warning: use of 
deprecated method `s
oroban_sdk::events::
Events::publish`: 
use the 
#[contractevent] 
macro on a contract 
event type
   --> 
src\events.rs:588:18
    |
588 |     env.events
().publish(
    |               
   ^^^^^^^

warning: use of 
deprecated method `s
oroban_sdk::events::
Events::publish`: 
use the 
#[contractevent] 
macro on a contract 
event type
   --> 
src\events.rs:610:18
    |
610 |     env.events
().publish(
    |               
   ^^^^^^^

warning: use of 
deprecated method `s
oroban_sdk::events::
Events::publish`: 
use the 
#[contractevent] 
macro on a contract 
event type
   --> 
src\events.rs:630:18
    |
630 |     env.events
().publish(
    |               
   ^^^^^^^

warning: use of 
deprecated method `s
oroban_sdk::events::
Events::publish`: 
use the 
#[contractevent] 
macro on a contract 
event type
   --> 
src\events.rs:648:18
    |
648 |     env.events
().publish(
    |               
   ^^^^^^^

warning: use of 
deprecated method `s
oroban_sdk::events::
Events::publish`: 
use the 
#[contractevent] 
macro on a contract 
event type
   --> 
src\events.rs:666:18
    |
666 |     env.events
().publish(
    |               
   ^^^^^^^

warning: use of 
deprecated method `s
oroban_sdk::events::
Events::publish`: 
use the 
#[contractevent] 
macro on a contract 
event type
   --> 
src\events.rs:679:18
    |
679 |     env.events
().publish(
    |               
   ^^^^^^^

warning: use of 
deprecated method `s
oroban_sdk::events::
Events::publish`: 
use the 
#[contractevent] 
macro on a contract 
event type
   --> 
src\events.rs:696:18
    |
696 |     env.events
().publish(
    |               
   ^^^^^^^

warning: use of 
deprecated method `s
oroban_sdk::events::
Events::publish`: 
use the 
#[contractevent] 
macro on a contract 
event type
   --> 
src\events.rs:709:18
    |
709 |     env.events
().publish(
    |               
   ^^^^^^^

warning: use of 
deprecated method `s
oroban_sdk::events::
Events::publish`: 
use the 
#[contractevent] 
macro on a contract 
event type
   --> 
src\events.rs:726:18
    |
726 |     env.events
().publish(
    |               
   ^^^^^^^

warning: use of 
deprecated method `s
oroban_sdk::events::
Events::publish`: 
use the 
#[contractevent] 
macro on a contract 
event type
   --> 
src\events.rs:756:18
    |
756 |     env.events
().publish(
    |               
   ^^^^^^^

warning: use of 
deprecated method `s
oroban_sdk::events::
Events::publish`: 
use the 
#[contractevent] 
macro on a contract 
event type
   --> 
src\fees.rs:220:22
    |
220 |         env.ev
ents().publish((symb
ol_short!("fee_upd")
,), fee_bps);
    |               
       ^^^^^^^

warning: use of 
deprecated method `s
oroban_sdk::events::
Events::publish`: 
use the 
#[contractevent] 
macro on a contract 
event type
   --> 
src\init.rs:458:18
    |
458 |     env.events
().publish(
    |               
   ^^^^^^^

warning: use of 
deprecated method `s
oroban_sdk::events::
Events::publish`: 
use the 
#[contractevent] 
macro on a contract 
event type
   --> 
src\init.rs:480:18
    |
480 |     env.events
().publish(
    |               
   ^^^^^^^

warning: use of 
deprecated method `s
oroban_sdk::events::
Events::publish`: 
use the 
#[contractevent] 
macro on a contract 
event type
   --> 
src\init.rs:494:18
    |
494 |     env.events
().publish(
    |               
   ^^^^^^^

warning: use of 
deprecated method `s
oroban_sdk::events::
Events::publish`: 
use the 
#[contractevent] 
macro on a contract 
event type
   --> 
src\init.rs:502:18
    |
502 |     env.events
().publish(
    |               
   ^^^^^^^

warning: use of 
deprecated method `s
oroban_sdk::events::
Events::publish`: 
use the 
#[contractevent] 
macro on a contract 
event type
   --> src\notificat
ions.rs:264:22
    |
264 |         env.ev
ents().publish(
    |               
       ^^^^^^^

warning: use of 
deprecated method `s
oroban_sdk::events::
Events::publish`: 
use the 
#[contractevent] 
macro on a contract 
event type
   --> src\notificat
ions.rs:311:22
    |
311 |         env.ev
ents().publish(
    |               
       ^^^^^^^

warning: use of 
deprecated method `s
oroban_sdk::events::
Events::publish`: 
use the 
#[contractevent] 
macro on a contract 
event type
   --> src\notificat
ions.rs:348:14
    |
348 |             .p
ublish((symbol_short
!("pref_up"),), 
(user.clone(),));
    |              
^^^^^^^

warning: use of 
deprecated method `s
oroban_sdk::events::
Events::publish`: 
use the 
#[contractevent] 
macro on a contract 
event type
   --> src\settlemen
t.rs:510:18
    |
510 |     env.events
().publish(
    |               
   ^^^^^^^

warning: use of 
deprecated method `s
oroban_sdk::events::
Events::publish`: 
use the 
#[contractevent] 
macro on a contract 
event type
   --> src\settlemen
t.rs:528:18
    |
528 |     env.events
().publish(
    |               
   ^^^^^^^

warning: use of 
deprecated method `s
oroban_sdk::events::
Events::publish`: 
use the 
#[contractevent] 
macro on a contract 
event type
   --> src\verificat
ion.rs:680:18
    |
680 |     env.events
().publish(
    |               
   ^^^^^^^

warning: use of 
deprecated method `s
oroban_sdk::events::
Events::publish`: 
use the 
#[contractevent] 
macro on a contract 
event type
   --> src\verificat
ion.rs:687:18
    |
687 |     env.events
().publish(
    |               
   ^^^^^^^

warning: use of 
deprecated method `s
oroban_sdk::events::
Events::publish`: 
use the 
#[contractevent] 
macro on a contract 
event type
   --> src\verificat
ion.rs:694:18
    |
694 |     env.events
().publish(
    |               
   ^^^^^^^

warning: use of 
deprecated method `s
oroban_sdk::events::
Events::publish`: 
use the 
#[contractevent] 
macro on a contract 
event type
   --> 
src\lib.rs:336:22
    |
336 |         env.ev
ents().publish(
    |               
       ^^^^^^^

warning: use of 
deprecated method `s
oroban_sdk::events::
Events::publish`: 
use the 
#[contractevent] 
macro on a contract 
event type
   --> 
src\lib.rs:613:22
    |
613 |         env.ev
ents().publish(
    |               
       ^^^^^^^

warning: use of 
deprecated method `s
oroban_sdk::events::
Events::publish`: 
use the 
#[contractevent] 
macro on a contract 
event type
    --> 
src\lib.rs:1143:14
     |
1143 |             .
publish((symbol_shor
t!("rated"),), 
(invoice_id, 
rating, rater));
     |              
^^^^^^^

warning: unused 
variable: `admin`
   --> 
src\fees.rs:204:9
    |
204 |         
admin: &Address,
    |         ^^^^^ 
help: if this is 
intentional, prefix 
it with an 
underscore: `_admin`
    |
    = note: `#[warn(
unused_variables)]` 
(part of 
`#[warn(unused)]`) 
on by default

warning: constant `M
AX_PLATFORM_FEE_BPS`
 is never used
  --> 
src\fees.rs:10:7
   |
10 | const MAX_PLATF
ORM_FEE_BPS: u32 = 
1000; // 10%
   |       
^^^^^^^^^^^^^^^^^^^^
   |
   = note: `#[warn(d
ead_code)]` (part 
of 
`#[warn(unused)]`) 
on by default

warning: constant 
`TREASURY_KEY` is 
never used
  --> 
src\init.rs:40:7
   |
40 | const 
TREASURY_KEY: 
Symbol = symbol_shor
t!("treasury");
   |       
^^^^^^^^^^^^

warning: constant 
`FEE_BPS_KEY` is 
never used
  --> 
src\init.rs:43:7
   |
43 | const 
FEE_BPS_KEY: Symbol 
= symbol_short!("fee
_bps");
   |       
^^^^^^^^^^^

warning: constant 
`WHITELIST_KEY` is 
never used
  --> 
src\init.rs:46:7
   |
46 | const 
WHITELIST_KEY: 
Symbol = symbol_shor
t!("curr_wl");
   |       
^^^^^^^^^^^^^

warning: constant `D
EFAULT_MIN_INVOICE_A
MOUNT` is never used
  --> 
src\init.rs:49:7
   |
49 | const DEFAULT_M
IN_INVOICE_AMOUNT: 
i128 = 1_000_000; 
// 1 token (6 
decimals)
   |       ^^^^^^^^^
^^^^^^^^^^^^^^^^^

warning: constant `D
EFAULT_MAX_DUE_DATE_
DAYS` is never used
  --> 
src\init.rs:50:7
   |
50 | const DEFAULT_M
AX_DUE_DATE_DAYS: 
u64 = 365;
   |       ^^^^^^^^^
^^^^^^^^^^^^^^^^

warning: constant `D
EFAULT_GRACE_PERIOD_
SECONDS` is never 
used
  --> 
src\init.rs:51:7
   |
51 | const DEFAULT_G
RACE_PERIOD_SECONDS:
 u64 = 7 * 24 * 60 
* 60; // 7 days
   |       ^^^^^^^^^
^^^^^^^^^^^^^^^^^^^

warning: constant 
`DEFAULT_FEE_BPS` 
is never used
  --> 
src\init.rs:52:7
   |
52 | const 
DEFAULT_FEE_BPS: 
u32 = 200; // 2%
   |       
^^^^^^^^^^^^^^^

warning: multiple 
associated 
functions are never 
used
   --> 
src\init.rs:245:12
    |
101 | impl 
ProtocolInitializer 
{
    | --------------
---------- 
associated 
functions in this 
implementation
...
245 |     pub fn 
set_protocol_config(
    |            
^^^^^^^^^^^^^^^^^^^
...
307 |     pub fn 
set_fee_config(
    |            
^^^^^^^^^^^^^^
...
344 |     pub fn 
set_treasury(
    |            
^^^^^^^^^^^^
...
385 |     pub fn 
get_fee_bps(env: 
&Env) -> u32 {
    |            
^^^^^^^^^^^
...
400 |     pub fn 
get_treasury(env: 
&Env) -> 
Option<Address> {
    |            
^^^^^^^^^^^^
...
411 |     pub fn get
_min_invoice_amount(
env: &Env) -> i128 {
    |            ^^^
^^^^^^^^^^^^^^^^^^^
...
424 |     pub fn get
_max_due_date_days(e
nv: &Env) -> u64 {
    |            ^^^
^^^^^^^^^^^^^^^^^^
...
437 |     pub fn get
_grace_period_second
s(env: &Env) -> u64 
{
    |            ^^^
^^^^^^^^^^^^^^^^^^^^
^

warning: function `e
mit_protocol_config_
updated` is never 
used
   --> 
src\init.rs:473:4
    |
473 | fn emit_protoc
ol_config_updated(
    |    ^^^^^^^^^^^
^^^^^^^^^^^^^^^^^

warning: function `e
mit_fee_config_updat
ed` is never used
   --> 
src\init.rs:493:4
    |
493 | fn emit_fee_co
nfig_updated(env: 
&Env, admin: 
&Address, fee_bps: 
u32) {
    |    ^^^^^^^^^^^
^^^^^^^^^^^^

warning: function `e
mit_treasury_updated
` is never used
   --> 
src\init.rs:501:4
    |
501 | fn emit_treasu
ry_updated(env: 
&Env, admin: 
&Address, treasury: 
&Address) {
    |    ^^^^^^^^^^^
^^^^^^^^^^

warning: constant 
`MAX_TAG_LENGTH` is 
never used
  --> src\protocol_l
imits.rs:35:11
   |
35 | pub const 
MAX_TAG_LENGTH: u32 
= 50;
   |           
^^^^^^^^^^^^^^

warning: function 
`get_payment_count` 
is never used
   --> src\settlemen
t.rs:293:8
    |
293 | pub fn get_pay
ment_count(env: 
&Env, invoice_id: 
&BytesN<32>) -> 
Result<u32, 
QuickLendXError> {
    |        
^^^^^^^^^^^^^^^^^

warning: function `g
et_payment_records` 
is never used
   --> src\settlemen
t.rs:312:8
    |
312 | pub fn 
get_payment_records(
    |        
^^^^^^^^^^^^^^^^^^^

warning: `quicklendx
-contracts` (lib) 
generated 89 
warnings (run 
`cargo fix --lib -p 
quicklendx-contracts
` to apply 3 
suggestions)
warning: unused 
import: `BytesN`
  --> src\test_strin
g_limits.rs:11:14
   |
11 |     Address, 
BytesN, Env, 
String, Vec,
   |              
^^^^^^

warning: unused 
import: `BytesN as 
_`
  --> src\test_dispu
te.rs:15:31
   |
15 |     
testutils::{Address 
as _, BytesN as _},
   |                
               
^^^^^^^^^^^

warning: unused 
import: `IntoVal`
 --> src\test_init.r
s:6:38
  |
6 | use soroban_sdk:
:{Address, Env, 
Vec, IntoVal};
  |                 
                    
 ^^^^^^^

warning: unused 
imports: 
`PlatformFeeConfig` 
and `PlatformFee`
  --> src\test_stora
ge.rs:18:22
   |
18 | use crate::prof
its::{PlatformFee, 
PlatformFeeConfig};
   |                
      ^^^^^^^^^^^  
^^^^^^^^^^^^^^^^^

warning: unused 
import: 
`ConfigStorage`
  --> src\test_stora
ge.rs:20:17
   |
20 |     
BidStorage, 
ConfigStorage, 
Indexes, 
InvestmentStorage, 
InvoiceStorage, 
StorageKeys,
   |                
 ^^^^^^^^^^^^^

warning: unused 
imports: 
`AnalyticsStorage`, 
`FinancialMetrics`, 
and 
`PlatformMetrics`
  --> src\test\test_
analytics.rs:14:26
   |
14 |     AnalyticsCa
lculator, 
AnalyticsStorage, 
FinancialMetrics, 
PlatformMetrics, 
TimePeriod,
   |                
          
^^^^^^^^^^^^^^^^  
^^^^^^^^^^^^^^^^  
^^^^^^^^^^^^^^^

warning: unused 
import: 
`InvoiceStatus`
 --> src\test\test_i
nvoice_categories.rs
:2:39
  |
2 | use crate::invoi
ce::{InvoiceCategory
, InvoiceStatus};
  |                 
                    
  ^^^^^^^^^^^^^

warning: unused 
import: `Ledger`
 --> src\test\test_i
nvoice_metadata.rs:5
:31
  |
5 |     
testutils::{Address 
as _, Ledger},
  |                 
              ^^^^^^

warning: cannot 
test inner items
   --> src\test_bid.
rs:259:1
    |
259 | #[test]
    | ^^^^^^^
    |
    = note: `#[warn(
unnameable_test_item
s)]` on by default

warning: cannot 
test inner items
   --> src\test_bid.
rs:278:1
    |
278 | #[test]
    | ^^^^^^^

warning: cannot 
test inner items
   --> src\test_bid.
rs:300:1
    |
300 | #[test]
    | ^^^^^^^

warning: unused 
import: `crate::bid:
:BidStatus`
  --> src\test_bid_r
anking.rs:10:5
   |
10 | use crate::bid:
:BidStatus;
   |     ^^^^^^^^^^^
^^^^^^^^^^

warning: unused 
import: `Events`
 --> src\test_querie
s.rs:6:31
  |
6 |     
testutils::{Address 
as _, Events, 
Ledger},
  |                 
              ^^^^^^

warning: unused 
import: `super::*`
 --> src\test_escrow
_refund.rs:7:9
  |
7 |     use 
super::*;
  |         ^^^^^^^^

warning: unused 
imports: `IntoVal`, 
`Symbol`, and `Val`
  --> src\test_escro
w_refund.rs:11:79
   |
11 |     use soroban
_sdk::{testutils::{A
ddress as _, 
Events}, token, 
Address, Env, 
IntoVal, Symbol, 
Vec, Val, String, 
xdr};
   |                
                    
                    
                    
   ^^^^^^^  ^^^^^^  
     ^^^

warning: unused 
imports: `Symbol`, 
`TryFromVal`, and 
`TryIntoVal`
   --> src\test_escr
ow_refund.rs:289:27
    |
289 |         use so
roban_sdk::{Symbol, 
TryFromVal, 
TryIntoVal};
    |               
            ^^^^^^  
^^^^^^^^^^  
^^^^^^^^^^

warning: unused 
import: `Ledger`
  --> src\test_inves
tor_kyc.rs:19:35
   |
19 |         
testutils::{Address 
as _, Ledger},
   |                
                   
^^^^^^

warning: unused 
import: `crate::erro
rs::QuickLendXError`
 --> src\test_limit.
rs:3:5
  |
3 | use crate::error
s::QuickLendXError;
  |     ^^^^^^^^^^^^
^^^^^^^^^^^^^^^^^^

warning: unused 
import: `crate::veri
fication::BusinessVe
rificationStatus`
 --> src\test_lifecy
cle.rs:9:9
  |
9 |     use crate::v
erification::Busines
sVerificationStatus;
  |         ^^^^^^^^
^^^^^^^^^^^^^^^^^^^^
^^^^^^^^^^^^^^^^^^^

warning: unused 
imports: `Symbol` 
and `Val`
  --> src\test_lifec
ycle.rs:14:52
   |
14 |         token, 
Address, Env, 
IntoVal, String, 
Vec, Symbol, Val, 
xdr,
   |                
                    
                
^^^^^^  ^^^

warning: unused 
import: `xdr`
 --> src\test_events
_debug.rs:3:86
  |
3 |     use 
soroban_sdk::{Env, 
testutils::Events, 
Symbol, TryFromVal, 
Val, Address, Vec, 
xdr};
  |                 
                    
                    
                    
         ^^^

warning: unused 
import: `Ledger`
 --> src\test_curren
cy.rs:9:31
  |
9 |     
testutils::{Address 
as _, Ledger},
  |                 
              ^^^^^^

warning: unused 
import: `Ledger`
 --> src\test_querie
s.rs:6:39
  |
6 |     
testutils::{Address 
as _, Events, 
Ledger},
  |                 
                    
  ^^^^^^

warning: unused 
import: `IntoVal`
  --> src\test_lifec
ycle.rs:14:30
   |
14 |         token, 
Address, Env, 
IntoVal, String, 
Vec, Symbol, Val, 
xdr,
   |                
              
^^^^^^^

warning: variable 
does not need to be 
mutable
   --> src\storage.r
s:248:13
    |
248 |         let 
mut ids: 
Vec<BytesN<32>> = en
v.storage().persiste
nt().get(&key).unwra
p_or(Vec::new(env));
    |             
----^^^
    |             |
    |             
help: remove this 
`mut`
    |
    = note: `#[warn(
unused_mut)]` (part 
of 
`#[warn(unused)]`) 
on by default

warning: variable 
does not need to be 
mutable
   --> src\storage.r
s:269:13
    |
269 |         let 
mut ids: 
Vec<BytesN<32>> = en
v.storage().persiste
nt().get(&key).unwra
p_or(Vec::new(env));
    |             
----^^^
    |             |
    |             
help: remove this 
`mut`

warning: unused 
variable: `env`
   --> src\test_admi
n.rs:729:14
    |
729 |         let 
(env, client) = 
setup();
    |              
^^^ help: if this 
is intentional, 
prefix it with an 
underscore: `_env`

warning: unused 
variable: `env`
    --> src\test_bus
iness_kyc.rs:1012:10
     |
1012 |     let 
(env, client, 
_admin) = setup();
     |          ^^^ 
help: if this is 
intentional, prefix 
it with an 
underscore: `_env`

warning: unused 
variable: `env`
    --> src\test_bus
iness_kyc.rs:1020:10
     |
1020 |     let 
(env, client, 
_admin) = setup();
     |          ^^^ 
help: if this is 
intentional, prefix 
it with an 
underscore: `_env`

warning: unused 
variable: `env`
    --> src\test_bus
iness_kyc.rs:1028:10
     |
1028 |     let 
(env, client, 
_admin) = setup();
     |          ^^^ 
help: if this is 
intentional, prefix 
it with an 
underscore: `_env`

warning: unused 
variable: `result`
   --> src\test_canc
el_refund.rs:548:9
    |
548 |     let 
result = client.try_
cancel_invoice(&invo
ice_id);
    |         
^^^^^^ help: if 
this is 
intentional, prefix 
it with an 
underscore: 
`_result`

warning: unused 
variable: `result`
   --> src\test_canc
el_refund.rs:571:9
    |
571 |     let 
result = client.try_
cancel_invoice(&invo
ice_id);
    |         
^^^^^^ help: if 
this is 
intentional, prefix 
it with an 
underscore: 
`_result`

warning: unused 
variable: 
`invoice_id_3`
   --> src\test_disp
ute.rs:465:9
    |
465 |     let 
invoice_id_3 = creat
e_test_invoice(&env,
 &client, 
&business, 200_000);
    |         
^^^^^^^^^^^^ help: 
if this is 
intentional, prefix 
it with an 
underscore: 
`_invoice_id_3`

warning: unused 
variable: `env`
   --> src\test_over
flow.rs:159:10
    |
159 |     let (env, 
client, _admin) = 
setup_test();
    |          ^^^ 
help: if this is 
intentional, prefix 
it with an 
underscore: `_env`

warning: unused 
variable: `env`
   --> src\test_over
flow.rs:293:9
    |
293 |     let env = 
Env::default();
    |         ^^^ 
help: if this is 
intentional, prefix 
it with an 
underscore: `_env`

warning: unused 
variable: `env`
   --> src\test_over
flow.rs:333:10
    |
333 |     let (env, 
client, _admin) = 
setup_test();
    |          ^^^ 
help: if this is 
intentional, prefix 
it with an 
underscore: `_env`

warning: unused 
variable: `env`
   --> src\test\test
_invoice_categories.
rs:164:10
    |
164 |     let (env, 
client, _admin) = 
setup_env();
    |          ^^^ 
help: if this is 
intentional, prefix 
it with an 
underscore: `_env`

warning: unused 
variable: `env`
   --> src\test\test
_invoice_categories.
rs:271:10
    |
271 |     let (env, 
client, _admin) = 
setup_env();
    |          ^^^ 
help: if this is 
intentional, prefix 
it with an 
underscore: `_env`

warning: unused 
variable: 
`token_client`
   --> 
src\test.rs:449:9
    |
449 |     let 
token_client = token
::Client::new(&env, 
&currency);
    |         
^^^^^^^^^^^^ help: 
if this is 
intentional, prefix 
it with an 
underscore: 
`_token_client`

warning: unused 
variable: `i`
    --> 
src\test.rs:2202:9
     |
2202 |     for i in 
0..10 {
     |         ^ 
help: if this is 
intentional, prefix 
it with an 
underscore: `_i`

warning: unused 
variable: `i`
    --> 
src\test.rs:2262:9
     |
2262 |     for i in 
0..5 {
     |         ^ 
help: if this is 
intentional, prefix 
it with an 
underscore: `_i`

warning: unused 
variable: `desc`
    --> 
src\test.rs:2263:13
     |
2263 |         let 
desc = String::from_
str(&env, "Backup");
     |             
^^^^ help: if this 
is intentional, 
prefix it with an 
underscore: `_desc`

warning: unused 
variable: `i`
    --> 
src\test.rs:2346:9
     |
2346 |     for i in 
0..7 {
     |         ^ 
help: if this is 
intentional, prefix 
it with an 
underscore: `_i`

warning: unused 
variable: `i`
    --> 
src\test.rs:2384:9
     |
2384 |     for i in 
0..5 {
     |         ^ 
help: if this is 
intentional, prefix 
it with an 
underscore: `_i`

warning: unused 
variable: `i`
    --> 
src\test.rs:2410:9
     |
2410 |     for i in 
0..10 {
     |         ^ 
help: if this is 
intentional, prefix 
it with an 
underscore: `_i`

warning: unused 
variable: `i`
    --> 
src\test.rs:2476:9
     |
2476 |     for i in 
0..6 {
     |         ^ 
help: if this is 
intentional, prefix 
it with an 
underscore: `_i`

warning: unused 
variable: `bid1`
   --> src\test_bid_
ranking.rs:172:9
    |
172 |     let bid1 
= client.place_bid(&
investor1, 
&invoice_id, 
&5_000, &6_000);
    |         ^^^^ 
help: if this is 
intentional, prefix 
it with an 
underscore: `_bid1`

warning: unused 
variable: `bid3`
   --> src\test_bid_
ranking.rs:178:9
    |
178 |     let bid3 
= client.place_bid(&
investor3, 
&invoice_id, 
&5_000, &6_500);
    |         ^^^^ 
help: if this is 
intentional, prefix 
it with an 
underscore: `_bid3`

warning: unused 
variable: `admin`
  --> src\test_fees.
rs:24:65
   |
24 | fn 
setup_investor(env: 
&Env, client: &Quick
LendXContractClient,
 admin: &Address) 
-> Address {
   |                
                    
                    
         ^^^^^ 
help: if this is 
intentional, prefix 
it with an 
underscore: `_admin`

warning: unused 
variable: `admin`
   --> src\test_fees
.rs:214:9
    |
214 |     let admin 
= setup_admin(&env, 
&client);
    |         ^^^^^ 
help: if this is 
intentional, prefix 
it with an 
underscore: `_admin`

warning: unused 
variable: `admin`
  --> src\test_audit
.rs:53:23
   |
53 |     let (env, 
client, admin, 
business) = setup();
   |                
       ^^^^^ help: 
if this is 
intentional, prefix 
it with an 
underscore: `_admin`

warning: unused 
variable: `admin`
   --> src\test_curr
ency.rs:221:23
    |
221 |     let (env, 
client, admin) = 
setup();
    |               
        ^^^^^ help: 
if this is 
intentional, prefix 
it with an 
underscore: `_admin`

warning: unused 
variable: `admin`
   --> src\test_erro
rs.rs:207:23
    |
207 |     let (env, 
client, admin) = 
setup();
    |               
        ^^^^^ help: 
if this is 
intentional, prefix 
it with an 
underscore: `_admin`

warning: unused 
variable: 
`token_client`
  --> src\test_event
s.rs:91:9
   |
91 |     let 
token_client = token
::Client::new(&env, 
&currency);
   |         
^^^^^^^^^^^^ help: 
if this is 
intentional, prefix 
it with an 
underscore: 
`_token_client`

warning: unused 
variable: `invoice2`
   --> src\test_defa
ult.rs:509:9
    |
509 |     let 
invoice2 = client.ge
t_invoice(&invoice2_
id);
    |         
^^^^^^^^ help: if 
this is 
intentional, prefix 
it with an 
underscore: 
`_invoice2`

warning: unused 
variable: `admin`
   --> src\test_part
ial_payments.rs:542:
5
    |
542 |     admin: 
&Address,
    |     ^^^^^ 
help: if this is 
intentional, prefix 
it with an 
underscore: `_admin`

warning: unused 
variable: `actor`
   --> src\test_quer
ies.rs:403:9
    |
403 |     let actor 
= Address::generate(
&env);
    |         ^^^^^ 
help: if this is 
intentional, prefix 
it with an 
underscore: `_actor`

warning: unused 
variable: 
`filter_inv1`
   --> src\test_quer
ies.rs:449:9
    |
449 |     let 
filter_inv1 = 
AuditQueryFilter {
    |         
^^^^^^^^^^^ help: 
if this is 
intentional, prefix 
it with an 
underscore: 
`_filter_inv1`

warning: unused 
variable: 
`filter_created`
   --> src\test_quer
ies.rs:472:9
    |
472 |     let 
filter_created = 
AuditQueryFilter {
    |         
^^^^^^^^^^^^^^ 
help: if this is 
intentional, prefix 
it with an 
underscore: 
`_filter_created`

warning: unused 
variable: `env`
   --> src\test_back
up.rs:181:10
    |
181 |     let (env, 
client, admin) = 
setup();
    |          ^^^ 
help: if this is 
intentional, prefix 
it with an 
underscore: `_env`

warning: 
irrefutable `if 
let` pattern
   --> src\test_escr
ow_refund.rs:332:16
    |
332 |             
if let xdr::Contract
EventBody::V0(v0) = 
&event.body {
    |               
 ^^^^^^^^^^^^^^^^^^^
^^^^^^^^^^^^^^^^^^^^
^^^^^^^^^
    |
    = note: this 
pattern will always 
match, so the `if 
let` is useless
    = help: 
consider replacing 
the `if let` with a 
`let`
    = note: `#[warn(
irrefutable_let_patt
erns)]` on by 
default

warning: unused 
variable: 
`escrow_details`
   --> src\test_escr
ow_refund.rs:321:13
    |
321 |         let 
escrow_details = cli
ent.get_escrow_detai
ls(&invoice_id);
    |             
^^^^^^^^^^^^^^ 
help: if this is 
intentional, prefix 
it with an 
underscore: 
`_escrow_details`

warning: unused 
variable: 
`contract_id`
   --> src\test_insu
rance.rs:160:23
    |
160 |     let (env, 
client, 
contract_id) = 
setup();
    |               
        ^^^^^^^^^^^ 
help: if this is 
intentional, prefix 
it with an 
underscore: 
`_contract_id`

warning: unused 
variable: `admin`
   --> src\test_inve
stor_kyc.rs:104:27
    |
104 |         let 
(env, client, 
admin) = setup();
    |               
            ^^^^^ 
help: if this is 
intentional, prefix 
it with an 
underscore: `_admin`

warning: unused 
variable: 
`non_admin`
   --> src\test_inve
stor_kyc.rs:181:13
    |
181 |         let 
non_admin = Address:
:generate(&env);
    |             
^^^^^^^^^ help: if 
this is 
intentional, prefix 
it with an 
underscore: 
`_non_admin`

warning: unused 
variable: `result`
   --> src\test_inve
stor_kyc.rs:194:13
    |
194 |         let 
result = client.try_
verify_investor(&inv
estor, 
&investment_limit);
    |             
^^^^^^ help: if 
this is 
intentional, prefix 
it with an 
underscore: 
`_result`

warning: unused 
variable: `admin`
   --> src\test_inve
stor_kyc.rs:201:27
    |
201 |         let 
(env, client, 
admin) = setup();
    |               
            ^^^^^ 
help: if this is 
intentional, prefix 
it with an 
underscore: `_admin`

warning: unused 
variable: `business`
   --> src\test_inve
stor_kyc.rs:484:13
    |
484 |         let 
business = Address::
generate(&env);
    |             
^^^^^^^^ help: if 
this is 
intentional, prefix 
it with an 
underscore: 
`_business`

warning: unused 
variable: 
`high_risk`
   --> src\test_inve
stor_kyc.rs:612:13
    |
612 |         let 
high_risk = client.g
et_investors_by_risk
_level(&InvestorRisk
Level::High);
    |             
^^^^^^^^^ help: if 
this is 
intentional, prefix 
it with an 
underscore: 
`_high_risk`

warning: unused 
variable: `admin`
   --> src\test_inve
stor_kyc.rs:754:27
    |
754 |         let 
(env, client, 
admin) = setup();
    |               
            ^^^^^ 
help: if this is 
intentional, prefix 
it with an 
underscore: `_admin`

warning: unused 
variable: `admin`
  --> src\test_profi
t_fee_formula.rs:40:
65
   |
40 | fn 
setup_investor(env: 
&Env, client: &Quick
LendXContractClient,
 admin: &Address) 
-> Address {
   |                
                    
                    
         ^^^^^ 
help: if this is 
intentional, prefix 
it with an 
underscore: `_admin`

warning: unused 
variable: `admin`
  --> src\test_profi
t_fee_formula.rs:80:
9
   |
80 |     let admin 
= setup_admin(&env, 
&client);
   |         ^^^^^ 
help: if this is 
intentional, prefix 
it with an 
underscore: `_admin`

warning: unused 
variable: `admin`
   --> src\test_prof
it_fee_formula.rs:10
3:9
    |
103 |     let admin 
= setup_admin(&env, 
&client);
    |         ^^^^^ 
help: if this is 
intentional, prefix 
it with an 
underscore: `_admin`

warning: unused 
variable: `admin`
   --> src\test_prof
it_fee_formula.rs:12
6:9
    |
126 |     let admin 
= setup_admin(&env, 
&client);
    |         ^^^^^ 
help: if this is 
intentional, prefix 
it with an 
underscore: `_admin`

warning: unused 
variable: `admin`
   --> src\test_prof
it_fee_formula.rs:30
1:9
    |
301 |     let admin 
= setup_admin(&env, 
&client);
    |         ^^^^^ 
help: if this is 
intentional, prefix 
it with an 
underscore: `_admin`

warning: unused 
variable: `admin`
   --> src\test_prof
it_fee_formula.rs:34
3:9
    |
343 |     let admin 
= setup_admin(&env, 
&client);
    |         ^^^^^ 
help: if this is 
intentional, prefix 
it with an 
underscore: `_admin`

warning: unused 
variable: `admin`
   --> src\test_prof
it_fee_formula.rs:37
4:9
    |
374 |     let admin 
= setup_admin(&env, 
&client);
    |         ^^^^^ 
help: if this is 
intentional, prefix 
it with an 
underscore: `_admin`

warning: unused 
variable: `admin`
   --> src\test_prof
it_fee_formula.rs:59
0:9
    |
590 |     let admin 
= setup_admin(&env, 
&client);
    |         ^^^^^ 
help: if this is 
intentional, prefix 
it with an 
underscore: `_admin`

warning: unused 
variable: `admin`
   --> src\test_prof
it_fee_formula.rs:60
4:9
    |
604 |     let admin 
= setup_admin(&env, 
&client);
    |         ^^^^^ 
help: if this is 
intentional, prefix 
it with an 
underscore: `_admin`

warning: 
irrefutable `if 
let` pattern
   --> src\test_life
cycle.rs:108:16
    |
108 |             
if let xdr::Contract
EventBody::V0(v0) = 
&event.body {
    |               
 ^^^^^^^^^^^^^^^^^^^
^^^^^^^^^^^^^^^^^^^^
^^^^^^^^^
    |
    = note: this 
pattern will always 
match, so the `if 
let` is useless
    = help: 
consider replacing 
the `if let` with a 
`let`

warning: unused 
variable: 
`topic_str_val`
  --> src\test_lifec
ycle.rs:62:13
   |
62 |         let 
topic_str_val = 
topic.to_val();
   |             
^^^^^^^^^^^^^ help: 
if this is 
intentional, prefix 
it with an 
underscore: 
`_topic_str_val`

warning: unused 
variable: 
`bid_id_placed`
  --> src\test_bid_q
ueries.rs:77:9
   |
77 |     let 
bid_id_placed = clie
nt.place_bid(&invest
or, &invoice_id, 
&1_000, &1_200);
   |         
^^^^^^^^^^^^^ help: 
if this is 
intentional, prefix 
it with an 
underscore: 
`_bid_id_placed`

warning: unused 
variable: 
`bid_id_expired`
  --> src\test_bid_q
ueries.rs:90:9
   |
90 |     let 
bid_id_expired = cli
ent.place_bid(&inves
tor, &invoice_id, 
&4_000, &4_800);
   |         
^^^^^^^^^^^^^^ 
help: if this is 
intentional, prefix 
it with an 
underscore: 
`_bid_id_expired`

warning: associated 
functions 
`set_fee_config`, 
`set_treasury`, 
`get_fee_bps`, 
`get_treasury`, and 
`get_grace_period_se
conds` are never 
used
   --> 
src\init.rs:307:12
    |
101 | impl 
ProtocolInitializer 
{
    | --------------
---------- 
associated 
functions in this 
implementation
...
307 |     pub fn 
set_fee_config(
    |            
^^^^^^^^^^^^^^
...
344 |     pub fn 
set_treasury(
    |            
^^^^^^^^^^^^
...
385 |     pub fn 
get_fee_bps(env: 
&Env) -> u32 {
    |            
^^^^^^^^^^^
...
400 |     pub fn 
get_treasury(env: 
&Env) -> 
Option<Address> {
    |            
^^^^^^^^^^^^
...
437 |     pub fn get
_grace_period_second
s(env: &Env) -> u64 
{
    |            ^^^
^^^^^^^^^^^^^^^^^^^^
^

warning: function 
`make_breakdown` is 
never used
   --> 
src\profits.rs:501:8
    |
501 |     fn 
make_breakdown(
    |        
^^^^^^^^^^^^^^

warning: struct 
`ConfigStorage` is 
never constructed
   --> src\storage.r
s:537:12
    |
537 | pub struct 
ConfigStorage;
    |            
^^^^^^^^^^^^^

warning: associated 
functions 
`set_platform_fees` 
and 
`get_platform_fees` 
are never used
   --> src\storage.r
s:541:12
    |
539 | impl 
ConfigStorage {
    | 
------------------ 
associated 
functions in this 
implementation
540 |     /// Store 
platform fee 
configuration
541 |     pub fn set
_platform_fees(env: 
&Env, config: 
&PlatformFeeConfig) 
{
    |            
^^^^^^^^^^^^^^^^^
...
548 |     pub fn get
_platform_fees(env: 
&Env) -> Option<Plat
formFeeConfig> {
    |            
^^^^^^^^^^^^^^^^^

warning: associated 
function `is_busines
s_verified` is 
never used
   --> src\verificat
ion.rs:123:12
    |
 71 | impl BusinessV
erificationStorage {
    | --------------
------------------ 
associated function 
in this 
implementation
...
123 |     pub fn is_
business_verified(en
v: &Env, business: 
&Address) -> bool {
    |            
^^^^^^^^^^^^^^^^^^^^

warning: associated 
constants `INVESTOR_
HISTORY_KEY` and `IN
VESTOR_ANALYTICS_KEY
` are never used
   --> src\verificat
ion.rs:254:11
    |
249 | impl InvestorV
erificationStorage {
    | --------------
------------------ 
associated 
constants in this 
implementation
...
254 |     const INVE
STOR_HISTORY_KEY: 
&'static str = 
"investor_history";
    |           
^^^^^^^^^^^^^^^^^^^^
255 |     
#[cfg(test)]
256 |     const INVE
STOR_ANALYTICS_KEY: 
&'static str = "inve
stor_analytics";
    |           ^^^^
^^^^^^^^^^^^^^^^^^

warning: function `r
equire_business_veri
fication` is never 
used
   --> src\verificat
ion.rs:635:8
    |
635 | pub fn require
_business_verificati
on(env: &Env, 
business: &Address) 
-> Result<(), 
QuickLendXError> {
    |        ^^^^^^^
^^^^^^^^^^^^^^^^^^^^
^^

warning: function 
`setup_env` is 
never used
  --> 
src\test.rs:29:8
   |
29 | pub fn 
setup_env() -> 
(Env, QuickLendXCont
ractClient<'static>,
 Address, Address) {
   |        
^^^^^^^^^

warning: function `s
etup_verified_busine
ss` is never used
  --> 
src\test.rs:41:8
   |
41 | pub fn setup_ve
rified_business(
   |        ^^^^^^^^
^^^^^^^^^^^^^^^

warning: function `s
etup_verified_invest
or` is never used
  --> 
src\test.rs:53:8
   |
53 | pub fn setup_ve
rified_investor(
   |        ^^^^^^^^
^^^^^^^^^^^^^^^

warning: function 
`setup_token` is 
never used
  --> 
src\test.rs:65:8
   |
65 | pub fn 
setup_token(
   |        
^^^^^^^^^^^

warning: function `c
reate_funded_invoice
` is never used
  --> 
src\test.rs:87:8
   |
87 | pub fn create_f
unded_invoice(
   |        ^^^^^^^^
^^^^^^^^^^^^^

warning: function `t
est_audit_trail_crea
tion` is never used
    --> 
src\test.rs:2501:4
     |
2501 | fn test_audit
_trail_creation() {
     |    ^^^^^^^^^^
^^^^^^^^^^^^^^^

warning: function `t
est_audit_integrity_
validation` is 
never used
    --> 
src\test.rs:2545:4
     |
2545 | fn test_audit
_integrity_validatio
n() {
     |    ^^^^^^^^^^
^^^^^^^^^^^^^^^^^^^^
^

warning: function `t
est_audit_query_func
tionality` is never 
used
    --> 
src\test.rs:2584:4
     |
2584 | fn test_audit
_query_functionality
() {
     |    ^^^^^^^^^^
^^^^^^^^^^^^^^^^^^^^

warning: function `t
est_audit_statistics
` is never used
    --> 
src\test.rs:2653:4
     |
2653 | fn test_audit
_statistics() {
     |    ^^^^^^^^^^
^^^^^^^^^^^

warning: function `t
est_create_dispute` 
is never used
    --> 
src\test.rs:3452:4
     |
3452 | fn test_creat
e_dispute() {
     |    
^^^^^^^^^^^^^^^^^^^

warning: function `t
est_create_dispute_a
s_investor` is 
never used
    --> 
src\test.rs:3497:4
     |
3497 | fn test_creat
e_dispute_as_investo
r() {
     |    ^^^^^^^^^^
^^^^^^^^^^^^^^^^^^^^
^

warning: function `t
est_unauthorized_dis
pute_creation` is 
never used
    --> 
src\test.rs:3546:4
     |
3546 | fn test_unaut
horized_dispute_crea
tion() {
     |    ^^^^^^^^^^
^^^^^^^^^^^^^^^^^^^^
^^^^

warning: function `t
est_duplicate_disput
e_prevention` is 
never used
    --> 
src\test.rs:3581:4
     |
3581 | fn test_dupli
cate_dispute_prevent
ion() {
     |    ^^^^^^^^^^
^^^^^^^^^^^^^^^^^^^^
^^^

warning: function `t
est_dispute_under_re
view` is never used
    --> 
src\test.rs:3621:4
     |
3621 | fn test_dispu
te_under_review() {
     |    ^^^^^^^^^^
^^^^^^^^^^^^^^^

warning: function `t
est_resolve_dispute`
 is never used
    --> 
src\test.rs:3664:4
     |
3664 | fn test_resol
ve_dispute() {
     |    
^^^^^^^^^^^^^^^^^^^^

warning: function `t
est_get_invoices_wit
h_disputes` is 
never used
    --> 
src\test.rs:3722:4
     |
3722 | fn test_get_i
nvoices_with_dispute
s() {
     |    ^^^^^^^^^^
^^^^^^^^^^^^^^^^^^^^
^

warning: function `t
est_get_invoices_by_
dispute_status` is 
never used
    --> 
src\test.rs:3775:4
     |
3775 | fn test_get_i
nvoices_by_dispute_s
tatus() {
     |    ^^^^^^^^^^
^^^^^^^^^^^^^^^^^^^^
^^^^^

warning: function `t
est_dispute_validati
on` is never used
    --> 
src\test.rs:3834:4
     |
3834 | fn test_dispu
te_validation() {
     |    ^^^^^^^^^^
^^^^^^^^^^^^^

warning: function `t
est_default_bid_ttl_
used_in_place_bid` 
is never used
   --> src\test_bid.
rs:260:4
    |
260 | fn test_defaul
t_bid_ttl_used_in_pl
ace_bid() {
    |    ^^^^^^^^^^^
^^^^^^^^^^^^^^^^^^^^
^^^^^^^

warning: function `t
est_admin_can_update
_ttl_and_bid_uses_ne
w_value` is never 
used
   --> src\test_bid.
rs:279:4
    |
279 | fn test_admin_
can_update_ttl_and_b
id_uses_new_value() 
{
    |    ^^^^^^^^^^^
^^^^^^^^^^^^^^^^^^^^
^^^^^^^^^^^^^^^^^

warning: function `t
est_set_bid_ttl_boun
ds_enforced` is 
never used
   --> src\test_bid.
rs:301:4
    |
301 | fn test_set_bi
d_ttl_bounds_enforce
d() {
    |    ^^^^^^^^^^^
^^^^^^^^^^^^^^^^^^^^
^

warning: function 
`setup_business` is 
never used
  --> src\test_fees.
rs:16:4
   |
16 | fn 
setup_business(env: 
&Env, client: &Quick
LendXContractClient,
 admin: &Address) 
-> Address {
   |    
^^^^^^^^^^^^^^

warning: function 
`setup_business` is 
never used
  --> src\test_profi
t_fee_formula.rs:32:
4
   |
32 | fn 
setup_business(env: 
&Env, client: &Quick
LendXContractClient,
 admin: &Address) 
-> Address {
   |    
^^^^^^^^^^^^^^

warning: function 
`setup_investor` is 
never used
  --> src\test_profi
t_fee_formula.rs:40:
4
   |
40 | fn 
setup_investor(env: 
&Env, client: &Quick
LendXContractClient,
 admin: &Address) 
-> Address {
   |    
^^^^^^^^^^^^^^

warning: comparison 
is useless due to 
type limits
    --> 
src\test.rs:2942:13
     |
2942 |     assert!(s
tats.total_sent >= 
0);
     |             ^
^^^^^^^^^^^^^^^^^^^^
     |
     = note: `#[warn
(unused_comparisons)
]` on by default

warning: comparison 
is useless due to 
type limits
    --> 
src\test.rs:2943:13
     |
2943 |     assert!(s
tats.total_delivered
 >= 0);
     |             ^
^^^^^^^^^^^^^^^^^^^^
^^^^^

warning: comparison 
is useless due to 
type limits
    --> 
src\test.rs:2944:13
     |
2944 |     assert!(s
tats.total_read >= 
0);
     |             ^
^^^^^^^^^^^^^^^^^^^^

warning: comparison 
is useless due to 
type limits
    --> 
src\test.rs:2945:13
     |
2945 |     assert!(s
tats.total_failed 
>= 0);
     |             ^
^^^^^^^^^^^^^^^^^^^^
^^

warning: comparison 
is useless due to 
type limits
    --> 
src\test.rs:3011:13
     |
3011 |     assert!(p
refs.updated_at >= 
0);
     |             ^
^^^^^^^^^^^^^^^^^^^^

warning: comparison 
is useless due to 
type limits
    --> 
src\test.rs:3315:13
     |
3315 |     assert!(o
verdue_count >= 0);
     |             
^^^^^^^^^^^^^^^^^^

warning: hiding a 
lifetime that's 
elided elsewhere is 
confusing
  --> src\test\test_
analytics.rs:26:24
   |
26 | fn 
setup_contract(env: 
&Env) -> (QuickLendX
ContractClient, 
Address, Address) {
   |                
        ^^^^      ^^
^^^^^^^^^^^^^^^^^^^^
^^ the same 
lifetime is hidden 
here
   |                
        |
   |                
        the 
lifetime is elided 
here
   |
   = help: the same 
lifetime is 
referred to in 
inconsistent ways, 
making the 
signature confusing
   = note: `#[warn(m
ismatched_lifetime_s
yntaxes)]` on by 
default
help: use `'_` for 
type paths
   |
26 | fn 
setup_contract(env: 
&Env) -> (QuickLendX
ContractClient<'_>, 
Address, Address) {
   |                
                    
                    
  ++++

warning: hiding a 
lifetime that's 
elided elsewhere is 
confusing
 --> src\test\test_i
nvoice_metadata.rs:9
:24
  |
9 | fn 
setup_contract(env: 
&Env) -> (QuickLendX
ContractClient, 
Address) {
  |                 
       ^^^^      ^^^
^^^^^^^^^^^^^^^^^^^^
^ the same lifetime 
is hidden here
  |                 
       |
  |                 
       the lifetime 
is elided here
  |
  = help: the same 
lifetime is 
referred to in 
inconsistent ways, 
making the 
signature confusing
help: use `'_` for 
type paths
  |
9 | fn 
setup_contract(env: 
&Env) -> (QuickLendX
ContractClient<'_>, 
Address) {
  |                 
                    
                    
 ++++

warning: hiding a 
lifetime that's 
elided elsewhere is 
confusing
 --> src\test\test_a
nalytics_export_quer
y.rs:7:20
  |
7 | fn 
setup_test(env: 
&Env) -> (QuickLendX
ContractClient, 
Address, Address) {
  |                 
   ^^^^      ^^^^^^^
^^^^^^^^^^^^^^^^^ 
the same lifetime 
is hidden here
  |                 
   |
  |                 
   the lifetime is 
elided here
  |
  = help: the same 
lifetime is 
referred to in 
inconsistent ways, 
making the 
signature confusing
help: use `'_` for 
type paths
  |
7 | fn 
setup_test(env: 
&Env) -> (QuickLendX
ContractClient<'_>, 
Address, Address) {
  |                 
                    
                 
++++

warning: hiding a 
lifetime that's 
elided elsewhere is 
confusing
  --> src\test_event
s.rs:25:24
   |
25 | fn 
setup_contract(env: 
&Env) -> (QuickLendX
ContractClient, 
Address, Address) {
   |                
        ^^^^      ^^
^^^^^^^^^^^^^^^^^^^^
^^ the same 
lifetime is hidden 
here
   |                
        |
   |                
        the 
lifetime is elided 
here
   |
   = help: the same 
lifetime is 
referred to in 
inconsistent ways, 
making the 
signature confusing
help: use `'_` for 
type paths
   |
25 | fn 
setup_contract(env: 
&Env) -> (QuickLendX
ContractClient<'_>, 
Address, Address) {
   |                
                    
                    
  ++++

warning: variable 
`TAG_MASK` should 
have a snake case 
name
  --> src\test_lifec
ycle.rs:81:17
   |
81 |             
let TAG_MASK: u64 = 
0xF;
   |                
 ^^^^^^^^ help: 
convert the 
identifier to snake 
case: `tag_mask`
   |
   = note: `#[warn(n
on_snake_case)]` 
(part of `#[warn(non
standard_style)]`) 
on by default

warning: variable 
`SYMBOL_SMALL_TAG` 
should have a snake 
case name
  --> src\test_lifec
ycle.rs:82:17
   |
82 |             
let 
SYMBOL_SMALL_TAG: 
u64 = 0xA; // 
SymbolSmall tag 
value in soroban-env
   |                
 ^^^^^^^^^^^^^^^^ 
help: convert the 
identifier to snake 
case: 
`symbol_small_tag`

warning: `quicklendx
-contracts` (lib 
test) generated 209 
warnings (83 
duplicates) (run 
`cargo fix --lib -p 
quicklendx-contracts
 --tests` to apply 
79 suggestions)
    Finished `test` 
profile 
[unoptimized + 
debuginfo] 
target(s) in 2.72s
     Running 
unittests 
src\lib.rs (target\d
ebug\deps\quicklendx
_contracts-317e03c2b
a3bf57a.exe)

running 120 tests
test test::test_simple_bid_storage ... FAILED
test test::test_bid_validation_rules ... FAILED
test test::test_bid_ranking_and_filters ... FAILED
test test::test_bid_expiration_cleanup ... FAILED
test test::test_get_bids_for_invoice ... FAILED
test test_audit::test_audit_stats_after_bid_withdrawal ... FAILED
test test_audit::test_audit_stats_total_entries_after_bid ... FAILED
test test::test_withdraw_bid ... FAILED
test test::test_notification_creation_on_bid_placement ... FAILED
test test::test_escrow_creation_on_bid_acceptance ... FAILED
test test_bid::test_bid_at_exact_expiration_not_expired ... FAILED
test test_bid::test_bid_default_ttl_seven_days ... FAILED
test test::test_unique_bid_id_generation ... FAILED
test test_bid::test_bid_minimum_amount_enforced ... FAILED
test test_bid::test_bid_one_second_past_expiration_expired ... FAILED
test test_bid::test_bid_expiration_and_cleanup ... FAILED
test test_bid::test_best_bid_excludes_withdrawn ... FAILED
test test_bid::test_bid_placement_respects_investment_limit ... FAILED
test test_bid::test_bid_placement_non_verified_invoice_fails ... FAILED
test test_bid::test_bid_placement_verified_invoice_succeeds ... FAILED
test test_bid::test_bid_withdrawal_only_placed_bids ... FAILED
test test_bid::test_bid_withdrawal_by_owner_succeeds ... FAILED
test test_bid::test_cancel_bid_nonexistent_returns_false ... ok
test test_bid::test_cancel_bid_on_cancelled_returns_false ... FAILED
test test_bid::test_cancel_bid_on_withdrawn_returns_false ... FAILED
test test_bid::test_cannot_accept_expired_bid ... FAILED
test test_bid::test_cancel_bid_succeeds ... FAILED
test test_bid::test_bid_ranking_by_profit ... FAILED
test test_bid::test_cleanup_on_invoice_with_no_bids ... FAILED
test test_bid::test_cancelled_bids_not_affected_by_expiration ... FAILED
test test_bid::test_business_accepts_one_bid_others_remain_placed ... FAILED
test test_bid::test_cancelled_bid_excluded_from_ranking ... FAILED
test test_bid::test_cannot_accept_second_bid_after_first_accepted ... FAILED
test test_bid::test_cleanup_with_no_expired_bids_returns_zero ... FAILED
test test_bid::test_get_all_bids_by_investor_cross_invoice ... FAILED
test test_bid::test_cleanup_triggered_on_query_after_expiration ... FAILED
test test_bid::test_get_all_bids_by_investor_empty ... ok
test test_bid::test_expiration_cleanup_isolated_per_invoice ... FAILED
test test_bid::test_expired_bids_removed_from_invoice_list ... FAILED
test test_bid::test_cleanup_expired_bids_returns_count ... FAILED
test test_bid::test_get_best_bid_excludes_expired ... FAILED
test test_bid::test_get_ranked_bids_excludes_expired ... FAILED
test test_bid::test_get_bids_for_invoice_returns_all_bids ... FAILED
test test_bid::test_multiple_bids_indexing_and_query ... FAILED
test test_bid::test_non_accepted_investors_can_withdraw_after_acceptance ... FAILED
test test_bid::test_mixed_status_bids_only_placed_expire ... FAILED
test test_bid::test_only_one_escrow_created_for_accepted_bid ... FAILED
test test_bid::test_multiple_investors_place_bids_on_same_invoice ... FAILED
test test_bid::test_place_bid_cleans_up_expired_before_placing ... FAILED
test test_bid::test_set_investment_limit_unverified_fails ... ok
test test_bid::test_query_bids_by_investor ... FAILED
test test_bid::test_partial_expiration_cleanup ... FAILED
test test_bid::test_multiple_investors_bids_ranking_order ... FAILED
test test_bid::test_set_investment_limit_invalid_amount_fails ... ok
test test_bid::test_set_investment_limit_succeeds ... ok
test test_bid::test_set_investment_limit_non_admin_fails ... ok
test test_bid_queries::test_get_bids_for_invoice_empty ... FAILED
test test_bid_queries::test_get_bids_by_investor_empty ... FAILED
test test_bid::test_updated_limit_enforced_in_bidding ... FAILED
test test_bid_queries::test_get_all_bids_by_investor_empty_and_multiple ... FAILED
test test_bid::test_ranking_after_all_bids_expire ... FAILED
test test_bid_queries::test_get_bids_by_status_isolated ... FAILED
test test_bid::test_withdrawn_bids_not_affected_by_expiration ... FAILED
test test_bid_queries::test_get_bids_for_invoice_multiple_all_statuses ... FAILED
test test_bid_ranking::test_empty_bid_list ... ok
test test_bid_ranking::test_best_bid_excludes_expired ... FAILED
test test_bid_ranking::test_empty_ranked_and_best_for_nonexistent_invoice ... ok
test test_bid_queries::test_get_bids_by_investor_multiple ... FAILED
test test_bid_ranking::test_best_bid_excludes_withdrawn ... FAILED
test test_bid_ranking::test_best_bid_after_withdrawal ... FAILED
test test_bid_ranking::test_equal_bids_tie_break_by_timestamp ... FAILED
test test_bid_ranking::test_single_bid_ranking_and_best_selection ... FAILED
test test_currency::test_bid_on_invoice_with_non_whitelisted_currency_fails_when_whitelist_set ... FAILED
test test_bid_ranking::test_best_bid_equals_first_ranked ... FAILED
test test_bid_ranking::test_ranked_bids_profit_ordering ... FAILED
test test_bid_ranking::test_ranking_with_multiple_bids ... FAILED
test test_bid_ranking::test_ranked_excludes_withdrawn_and_expired ... FAILED
test test_escrow::test_accept_bid_state_transitions ... FAILED
test test_escrow::test_cannot_accept_withdrawn_bid ... FAILED
test test_escrow::test_only_invoice_owner_can_accept_bid ... FAILED
test test_escrow::test_multiple_bids_only_one_accepted ... FAILED
test test_events::test_bid_placed_event ... FAILED
test test_investor_kyc::test_investor_kyc::test_bid_exceeding_investment_limit_fails ... FAILED
test test_escrow::test_single_escrow_per_invoice_with_multiple_bids ... FAILED
test test_events::test_bid_accepted_event ... FAILED
test test_escrow::test_multiple_bids_only_accepted_creates_escrow ... FAILED
test test_events::test_bid_withdrawn_event ... FAILED
test test_investor_kyc::test_investor_kyc::test_investment_limit_applies_across_all_bids ... FAILED
test test_investor_kyc::test_investor_kyc::test_bid_within_investment_limit_succeeds ... FAILED
test test_escrow::test_multiple_bids_complete_workflow ... FAILED
test test_investor_kyc::test_investor_kyc::test_investor_bids_accepted_on_some_invoices ... FAILED
test test_investor_kyc::test_investor_kyc::test_investor_without_kyc_cannot_bid ... FAILED
test test_investor_kyc::test_investor_kyc::test_get_all_bids_by_investor_after_acceptances ... FAILED
test test_investor_kyc::test_investor_kyc::test_investor_can_withdraw_non_accepted_bids ... FAILED
test test_investor_kyc::test_investor_kyc::test_limit_update_applies_to_new_bids_only ... FAILED
test test_investor_kyc::test_investor_kyc::test_multiple_accepted_bids_create_multiple_investments ... FAILED
test test_limit::test_bid_amount_limits ... ok
test test_investor_kyc::test_investor_kyc::test_single_investor_bids_on_multiple_invoices ... FAILED
test test_investor_kyc::test_investor_kyc::test_rejected_investor_cannot_bid ... FAILED
test test_overflow::test_compare_bids_underflow_safe ... ok
test test_overflow::test_compare_bids_safe_overflow ... ok
test test_overflow::test_compare_bids_equal_profit_ordering ... ok
test test_investor_kyc::test_investor_kyc::test_unverified_investor_cannot_bid ... FAILED
test test_investor_kyc::test_investor_kyc::test_zero_amount_bid_fails_regardless_of_limit ... FAILED
test test_overflow::test_timestamp_bid_default_expiration_saturates ... ok
test test_queries::test_bid_query_pagination_limit_is_capped_to_max_query_limit ... FAILED
test test_types::test_bid_clone_equality ... ok
test test_types::test_bid_expiration_after_timestamp ... ok
test test_types::test_bid_all_statuses_assignable ... ok
test test_investor_kyc::test_investor_kyc::test_multiple_investors_competitive_bidding ... FAILED
test test_storage::test_bid_storage ... FAILED
test test_types::test_bid_status_all_variants_distinct ... ok
test test_types::test_bid_inequality ... ok
test test_types::test_bid_fields ... ok
test test_types::test_bid_serialization_roundtrip ... ok
test test_types::test_bid_status_serialization_roundtrip ... ok
test test_types::test_bid_status_clone ... ok
test test_types::test_bid_status_discriminants ... ok
test test_queries::test_get_investments_by_investor_after_mixed_bid_outcomes ... FAILED
test test_reentrancy::test_accept_bid_and_fund_guard_blocks ... FAILED

successes:

---- test_bid::test_cancel_bid_nonexistent_returns_false stdout ----
Writing test snapshot file for test "test_bid::test_cancel_bid_nonexistent_returns_false" to "test_snapshots\\test_bid\\test_cancel_bid_nonexistent_returns_false.1.json".

---- test_bid::test_get_all_bids_by_investor_empty stdout ----
Writing test snapshot file for test "test_bid::test_get_all_bids_by_investor_empty" to "test_snapshots\\test_bid\\test_get_all_bids_by_investor_empty.1.json".

---- test_bid::test_set_investment_limit_unverified_fails stdout ----
Writing test snapshot file for test "test_bid::test_set_investment_limit_unverified_fails" to "test_snapshots\\test_bid\\test_set_investment_limit_unverified_fails.1.json".

---- test_bid::test_set_investment_limit_invalid_amount_fails stdout ----
Writing test snapshot file for test "test_bid::test_set_investment_limit_invalid_amount_fails" to "test_snapshots\\test_bid\\test_set_investment_limit_invalid_amount_fails.1.json".

---- test_bid::test_set_investment_limit_succeeds stdout ----
Writing test snapshot file for test "test_bid::test_set_investment_limit_succeeds" to "test_snapshots\\test_bid\\test_set_investment_limit_succeeds.1.json".

---- test_bid::test_set_investment_limit_non_admin_fails stdout ----
Writing test snapshot file for test "test_bid::test_set_investment_limit_non_admin_fails" to "test_snapshots\\test_bid\\test_set_investment_limit_non_admin_fails.1.json".

---- test_bid_ranking::test_empty_bid_list stdout ----
Writing test snapshot file for test "test_bid_ranking::test_empty_bid_list" to "test_snapshots\\test_bid_ranking\\test_empty_bid_list.1.json".

---- test_bid_ranking::test_empty_ranked_and_best_for_nonexistent_invoice stdout ----
Writing test snapshot file for test "test_bid_ranking::test_empty_ranked_and_best_for_nonexistent_invoice" to "test_snapshots\\test_bid_ranking\\test_empty_ranked_and_best_for_nonexistent_invoice.1.json".

---- test_limit::test_bid_amount_limits stdout ----
Writing test snapshot file for test "test_limit::test_bid_amount_limits" to "test_snapshots\\test_limit\\test_bid_amount_limits.1.json".


successes:
    test_bid::test_cancel_bid_nonexistent_returns_false
    test_bid::test_get_all_bids_by_investor_empty
    test_bid::test_set_investment_limit_invalid_amount_fails
    test_bid::test_set_investment_limit_non_admin_fails
    test_bid::test_set_investment_limit_succeeds
    test_bid::test_set_investment_limit_unverified_fails
    test_bid_ranking::test_empty_bid_list
    test_bid_ranking::test_empty_ranked_and_best_for_nonexistent_invoice
    test_limit::test_bid_amount_limits
    test_overflow::test_compare_bids_equal_profit_ordering
    test_overflow::test_compare_bids_safe_overflow
    test_overflow::test_compare_bids_underflow_safe
    test_overflow::test_timestamp_bid_default_expiration_saturates
    test_types::test_bid_all_statuses_assignable
    test_types::test_bid_clone_equality
    test_types::test_bid_expiration_after_timestamp
    test_types::test_bid_fields
    test_types::test_bid_inequality
    test_types::test_bid_serialization_roundtrip
    test_types::test_bid_status_all_variants_distinct
    test_types::test_bid_status_clone
    test_types::test_bid_status_discriminants
    test_types::test_bid_status_serialization_roundtrip

failures:

---- test::test_simple_bid_storage stdout ----

thread 'test::test_simple_bid_storage' (22036) panicked at C:\Users\ADMIN\.cargo\registry\src\index.crates.io-1949cf8c6b5b557f\soroban-env-host-25.0.1\src\host.rs:907:9:
HostError: Error(Contract, #1013)

Event log (newest first):
   0: [Diagnostic Event] topics:[error, Error(Contract, #1013)], data:"escalating error to panic"
   1: [Diagnostic Event] topics:[error, Error(Contract, #1013)], data:["contract call failed", store_invoice, [CAAAAAAAAAAAAAAAAAAAAAAAAAAAAAAAAAAAAAAAAAAAAAAAAAAAFCT4, 1000, CAAAAAAAAAAAAAAAAAAAAAAAAAAAAAAAAAAAAAAAAAAAAAAAAAAAITA4, 86400, "Test invoice", [Services], []]]
   2: [Failed Diagnostic Event (not emitted)] contract:CAAAAAAAAAAAAAAAAAAAAAAAAAAAAAAAAAAAAAAAAAAAAAAAAAAAD2KM, topics:[error, Error(Contract, #1013)], data:"escalating Ok(ScErrorType::Contract) frame-exit to Err"
   3: [Failed Diagnostic Event (not emitted)] contract:CAAAAAAAAAAAAAAAAAAAAAAAAAAAAAAAAAAAAAAAAAAAAAAAAAAAD2KM, topics:[fn_return, store_invoice], data:Error(Contract, #1013)
   4: [Diagnostic Event] topics:[fn_call, CAAAAAAAAAAAAAAAAAAAAAAAAAAAAAAAAAAAAAAAAAAAAAAAAAAAD2KM, store_invoice], data:[CAAAAAAAAAAAAAAAAAAAAAAAAAAAAAAAAAAAAAAAAAAAAAAAAAAAFCT4, 1000, CAAAAAAAAAAAAAAAAAAAAAAAAAAAAAAAAAAAAAAAAAAAAAAAAAAAITA4, 86400, "Test invoice", [Services], []]

note: run with `RUST_BACKTRACE=1` environment variable to display a backtrace
Writing test snapshot file for test "test::test_simple_bid_storage" to "test_snapshots\\test\\test_simple_bid_storage.1.json".

---- test::test_bid_validation_rules stdout ----

thread 'test::test_bid_validation_rules' (5352) panicked at C:\Users\ADMIN\.cargo\registry\src\index.crates.io-1949cf8c6b5b557f\soroban-env-host-25.0.1\src\host.rs:907:9:
HostError: Error(Contract, #1013)

Event log (newest first):
   0: [Diagnostic Event] topics:[error, Error(Contract, #1013)], data:"escalating error to panic"
   1: [Diagnostic Event] topics:[error, Error(Contract, #1013)], data:["contract call failed", store_invoice, [CAAAAAAAAAAAAAAAAAAAAAAAAAAAAAAAAAAAAAAAAAAAAAAAAAAAFCT4, 1000, CAAAAAAAAAAAAAAAAAAAAAAAAAAAAAAAAAAAAAAAAAAAAAAAAAAAMDR4, 86400, "Validation invoice", [Services], []]]
   2: [Failed Diagnostic Event (not emitted)] contract:CAAAAAAAAAAAAAAAAAAAAAAAAAAAAAAAAAAAAAAAAAAAAAAAAAAAD2KM, topics:[error, Error(Contract, #1013)], data:"escalating Ok(ScErrorType::Contract) frame-exit to Err"
   3: [Failed Diagnostic Event (not emitted)] contract:CAAAAAAAAAAAAAAAAAAAAAAAAAAAAAAAAAAAAAAAAAAAAAAAAAAAD2KM, topics:[fn_return, store_invoice], data:Error(Contract, #1013)
   4: [Diagnostic Event] topics:[fn_call, CAAAAAAAAAAAAAAAAAAAAAAAAAAAAAAAAAAAAAAAAAAAAAAAAAAAD2KM, store_invoice], data:[CAAAAAAAAAAAAAAAAAAAAAAAAAAAAAAAAAAAAAAAAAAAAAAAAAAAFCT4, 1000, CAAAAAAAAAAAAAAAAAAAAAAAAAAAAAAAAAAAAAAAAAAAAAAAAAAAMDR4, 86400, "Validation invoice", [Services], []]

Writing test snapshot file for test "test::test_bid_validation_rules" to "test_snapshots\\test\\test_bid_validation_rules.1.json".

---- test::test_bid_ranking_and_filters stdout ----

thread 'test::test_bid_ranking_and_filters' (26964) panicked at C:\Users\ADMIN\.cargo\registry\src\index.crates.io-1949cf8c6b5b557f\soroban-env-host-25.0.1\src\host.rs:907:9:
HostError: Error(Contract, #1013)

Event log (newest first):
   0: [Diagnostic Event] topics:[error, Error(Contract, #1013)], data:"escalating error to panic"
   1: [Diagnostic Event] topics:[error, Error(Contract, #1013)], data:["contract call failed", store_invoice, [CAAAAAAAAAAAAAAAAAAAAAAAAAAAAAAAAAAAAAAAAAAAAAAAAAAAFCT4, 2000, CAAAAAAAAAAAAAAAAAAAAAAAAAAAAAAAAAAAAAAAAAAAAAAAAAAAMDR4, 86400, "Ranking invoice", [Services], []]]
   2: [Failed Diagnostic Event (not emitted)] contract:CAAAAAAAAAAAAAAAAAAAAAAAAAAAAAAAAAAAAAAAAAAAAAAAAAAAD2KM, topics:[error, Error(Contract, #1013)], data:"escalating Ok(ScErrorType::Contract) frame-exit to Err"
   3: [Failed Diagnostic Event (not emitted)] contract:CAAAAAAAAAAAAAAAAAAAAAAAAAAAAAAAAAAAAAAAAAAAAAAAAAAAD2KM, topics:[fn_return, store_invoice], data:Error(Contract, #1013)
   4: [Diagnostic Event] topics:[fn_call, CAAAAAAAAAAAAAAAAAAAAAAAAAAAAAAAAAAAAAAAAAAAAAAAAAAAD2KM, store_invoice], data:[CAAAAAAAAAAAAAAAAAAAAAAAAAAAAAAAAAAAAAAAAAAAAAAAAAAAFCT4, 2000, CAAAAAAAAAAAAAAAAAAAAAAAAAAAAAAAAAAAAAAAAAAAAAAAAAAAMDR4, 86400, "Ranking invoice", [Services], []]

Writing test snapshot file for test "test::test_bid_ranking_and_filters" to "test_snapshots\\test\\test_bid_ranking_and_filters.1.json".

---- test::test_bid_expiration_cleanup stdout ----

thread 'test::test_bid_expiration_cleanup' (14528) panicked at C:\Users\ADMIN\.cargo\registry\src\index.crates.io-1949cf8c6b5b557f\soroban-env-host-25.0.1\src\host.rs:907:9:
HostError: Error(Contract, #1013)

Event log (newest first):
   0: [Diagnostic Event] topics:[error, Error(Contract, #1013)], data:"escalating error to panic"
   1: [Diagnostic Event] topics:[error, Error(Contract, #1013)], data:["contract call failed", store_invoice, [CAAAAAAAAAAAAAAAAAAAAAAAAAAAAAAAAAAAAAAAAAAAAAAAAAAAFCT4, 1000, CAAAAAAAAAAAAAAAAAAAAAAAAAAAAAAAAAAAAAAAAAAAAAAAAAAAITA4, 86400, "Expiration invoice", [Services], []]]
   2: [Failed Diagnostic Event (not emitted)] contract:CAAAAAAAAAAAAAAAAAAAAAAAAAAAAAAAAAAAAAAAAAAAAAAAAAAAD2KM, topics:[error, Error(Contract, #1013)], data:"escalating Ok(ScErrorType::Contract) frame-exit to Err"
   3: [Failed Diagnostic Event (not emitted)] contract:CAAAAAAAAAAAAAAAAAAAAAAAAAAAAAAAAAAAAAAAAAAAAAAAAAAAD2KM, topics:[fn_return, store_invoice], data:Error(Contract, #1013)
   4: [Diagnostic Event] topics:[fn_call, CAAAAAAAAAAAAAAAAAAAAAAAAAAAAAAAAAAAAAAAAAAAAAAAAAAAD2KM, store_invoice], data:[CAAAAAAAAAAAAAAAAAAAAAAAAAAAAAAAAAAAAAAAAAAAAAAAAAAAFCT4, 1000, CAAAAAAAAAAAAAAAAAAAAAAAAAAAAAAAAAAAAAAAAAAAAAAAAAAAITA4, 86400, "Expiration invoice", [Services], []]

Writing test snapshot file for test "test::test_bid_expiration_cleanup" to "test_snapshots\\test\\test_bid_expiration_cleanup.1.json".

---- test::test_get_bids_for_invoice stdout ----

thread 'test::test_get_bids_for_invoice' (2684) panicked at C:\Users\ADMIN\.cargo\registry\src\index.crates.io-1949cf8c6b5b557f\soroban-env-host-25.0.1\src\host.rs:907:9:
HostError: Error(Contract, #1013)

Event log (newest first):
   0: [Diagnostic Event] topics:[error, Error(Contract, #1013)], data:"escalating error to panic"
   1: [Diagnostic Event] topics:[error, Error(Contract, #1013)], data:["contract call failed", store_invoice, [CAAAAAAAAAAAAAAAAAAAAAAAAAAAAAAAAAAAAAAAAAAAAAAAAAAAFCT4, 2000, CAAAAAAAAAAAAAAAAAAAAAAAAAAAAAAAAAAAAAAAAAAAAAAAAAAAK3IM, 86400, "Get bids test invoice", [Services], []]]
   2: [Failed Diagnostic Event (not emitted)] contract:CAAAAAAAAAAAAAAAAAAAAAAAAAAAAAAAAAAAAAAAAAAAAAAAAAAAD2KM, topics:[error, Error(Contract, #1013)], data:"escalating Ok(ScErrorType::Contract) frame-exit to Err"
   3: [Failed Diagnostic Event (not emitted)] contract:CAAAAAAAAAAAAAAAAAAAAAAAAAAAAAAAAAAAAAAAAAAAAAAAAAAAD2KM, topics:[fn_return, store_invoice], data:Error(Contract, #1013)
   4: [Diagnostic Event] topics:[fn_call, CAAAAAAAAAAAAAAAAAAAAAAAAAAAAAAAAAAAAAAAAAAAAAAAAAAAD2KM, store_invoice], data:[CAAAAAAAAAAAAAAAAAAAAAAAAAAAAAAAAAAAAAAAAAAAAAAAAAAAFCT4, 2000, CAAAAAAAAAAAAAAAAAAAAAAAAAAAAAAAAAAAAAAAAAAAAAAAAAAAK3IM, 86400, "Get bids test invoice", [Services], []]

Writing test snapshot file for test "test::test_get_bids_for_invoice" to "test_snapshots\\test\\test_get_bids_for_invoice.1.json".

---- test_audit::test_audit_stats_after_bid_withdrawal stdout ----

thread 'test_audit::test_audit_stats_after_bid_withdrawal' (16048) panicked at C:\Users\ADMIN\.cargo\registry\src\index.crates.io-1949cf8c6b5b557f\soroban-env-host-25.0.1\src\host.rs:907:9:
HostError: Error(Contract, #1013)

Event log (newest first):
   0: [Diagnostic Event] topics:[error, Error(Contract, #1013)], data:"escalating error to panic"
   1: [Diagnostic Event] topics:[error, Error(Contract, #1013)], data:["contract call failed", store_invoice, [CAAAAAAAAAAAAAAAAAAAAAAAAAAAAAAAAAAAAAAAAAAAAAAAAAAAHK3M, 1000, CAAAAAAAAAAAAAAAAAAAAAAAAAAAAAAAAAAAAAAAAAAAAAAAAAAAITA4, 86400, "Invoice", [Services], []]]
   2: [Failed Diagnostic Event (not emitted)] contract:CAAAAAAAAAAAAAAAAAAAAAAAAAAAAAAAAAAAAAAAAAAAAAAAAAAAD2KM, topics:[error, Error(Contract, #1013)], data:"escalating Ok(ScErrorType::Contract) frame-exit to Err"
   3: [Failed Diagnostic Event (not emitted)] contract:CAAAAAAAAAAAAAAAAAAAAAAAAAAAAAAAAAAAAAAAAAAAAAAAAAAAD2KM, topics:[fn_return, store_invoice], data:Error(Contract, #1013)
   4: [Diagnostic Event] topics:[fn_call, CAAAAAAAAAAAAAAAAAAAAAAAAAAAAAAAAAAAAAAAAAAAAAAAAAAAD2KM, store_invoice], data:[CAAAAAAAAAAAAAAAAAAAAAAAAAAAAAAAAAAAAAAAAAAAAAAAAAAAHK3M, 1000, CAAAAAAAAAAAAAAAAAAAAAAAAAAAAAAAAAAAAAAAAAAAAAAAAAAAITA4, 86400, "Invoice", [Services], []]

Writing test snapshot file for test "test_audit::test_audit_stats_after_bid_withdrawal" to "test_snapshots\\test_audit\\test_audit_stats_after_bid_withdrawal.1.json".

---- test_audit::test_audit_stats_total_entries_after_bid stdout ----

thread 'test_audit::test_audit_stats_total_entries_after_bid' (23728) panicked at C:\Users\ADMIN\.cargo\registry\src\index.crates.io-1949cf8c6b5b557f\soroban-env-host-25.0.1\src\host.rs:907:9:
HostError: Error(Contract, #1013)

Event log (newest first):
   0: [Diagnostic Event] topics:[error, Error(Contract, #1013)], data:"escalating error to panic"
   1: [Diagnostic Event] topics:[error, Error(Contract, #1013)], data:["contract call failed", store_invoice, [CAAAAAAAAAAAAAAAAAAAAAAAAAAAAAAAAAAAAAAAAAAAAAAAAAAAHK3M, 1000, CAAAAAAAAAAAAAAAAAAAAAAAAAAAAAAAAAAAAAAAAAAAAAAAAAAAITA4, 86400, "Invoice", [Services], []]]
   2: [Failed Diagnostic Event (not emitted)] contract:CAAAAAAAAAAAAAAAAAAAAAAAAAAAAAAAAAAAAAAAAAAAAAAAAAAAD2KM, topics:[error, Error(Contract, #1013)], data:"escalating Ok(ScErrorType::Contract) frame-exit to Err"
   3: [Failed Diagnostic Event (not emitted)] contract:CAAAAAAAAAAAAAAAAAAAAAAAAAAAAAAAAAAAAAAAAAAAAAAAAAAAD2KM, topics:[fn_return, store_invoice], data:Error(Contract, #1013)
   4: [Diagnostic Event] topics:[fn_call, CAAAAAAAAAAAAAAAAAAAAAAAAAAAAAAAAAAAAAAAAAAAAAAAAAAAD2KM, store_invoice], data:[CAAAAAAAAAAAAAAAAAAAAAAAAAAAAAAAAAAAAAAAAAAAAAAAAAAAHK3M, 1000, CAAAAAAAAAAAAAAAAAAAAAAAAAAAAAAAAAAAAAAAAAAAAAAAAAAAITA4, 86400, "Invoice", [Services], []]

Writing test snapshot file for test "test_audit::test_audit_stats_total_entries_after_bid" to "test_snapshots\\test_audit\\test_audit_stats_total_entries_after_bid.1.json".

---- test::test_withdraw_bid stdout ----

thread 'test::test_withdraw_bid' (24344) panicked at C:\Users\ADMIN\.cargo\registry\src\index.crates.io-1949cf8c6b5b557f\soroban-env-host-25.0.1\src\host.rs:907:9:
HostError: Error(Contract, #1013)

Event log (newest first):
   0: [Diagnostic Event] topics:[error, Error(Contract, #1013)], data:"escalating error to panic"
   1: [Diagnostic Event] topics:[error, Error(Contract, #1013)], data:["contract call failed", store_invoice, [CAAAAAAAAAAAAAAAAAAAAAAAAAAAAAAAAAAAAAAAAAAAAAAAAAAAFCT4, 1000, CAAAAAAAAAAAAAAAAAAAAAAAAAAAAAAAAAAAAAAAAAAAAAAAAAAAITA4, 86400, "Withdraw test invoice", [Services], []]]
   2: [Failed Diagnostic Event (not emitted)] contract:CAAAAAAAAAAAAAAAAAAAAAAAAAAAAAAAAAAAAAAAAAAAAAAAAAAAD2KM, topics:[error, Error(Contract, #1013)], data:"escalating Ok(ScErrorType::Contract) frame-exit to Err"
   3: [Failed Diagnostic Event (not emitted)] contract:CAAAAAAAAAAAAAAAAAAAAAAAAAAAAAAAAAAAAAAAAAAAAAAAAAAAD2KM, topics:[fn_return, store_invoice], data:Error(Contract, #1013)
   4: [Diagnostic Event] topics:[fn_call, CAAAAAAAAAAAAAAAAAAAAAAAAAAAAAAAAAAAAAAAAAAAAAAAAAAAD2KM, store_invoice], data:[CAAAAAAAAAAAAAAAAAAAAAAAAAAAAAAAAAAAAAAAAAAAAAAAAAAAFCT4, 1000, CAAAAAAAAAAAAAAAAAAAAAAAAAAAAAAAAAAAAAAAAAAAAAAAAAAAITA4, 86400, "Withdraw test invoice", [Services], []]

Writing test snapshot file for test "test::test_withdraw_bid" to "test_snapshots\\test\\test_withdraw_bid.1.json".

---- test::test_notification_creation_on_bid_placement stdout ----

thread 'test::test_notification_creation_on_bid_placement' (18680) panicked at C:\Users\ADMIN\.cargo\registry\src\index.crates.io-1949cf8c6b5b557f\soroban-env-host-25.0.1\src\host.rs:907:9:
HostError: Error(Contract, #1002)

Event log (newest first):
   0: [Diagnostic Event] topics:[error, Error(Contract, #1002)], data:"escalating error to panic"
   1: [Diagnostic Event] topics:[error, Error(Contract, #1002)], data:["contract call failed", upload_invoice, [CAAAAAAAAAAAAAAAAAAAAAAAAAAAAAAAAAAAAAAAAAAAAAAAAAAAFCT4, 1000, CAAAAAAAAAAAAAAAAAAAAAAAAAAAAAAAAAAAAAAAAAAAAAAAAAAAK3IM, 86400, "Test invoice", [Services], []]]
   2: [Failed Diagnostic Event (not emitted)] contract:CAAAAAAAAAAAAAAAAAAAAAAAAAAAAAAAAAAAAAAAAAAAAAAAAAAAD2KM, topics:[error, Error(Contract, #1002)], data:"escalating Ok(ScErrorType::Contract) frame-exit to Err"
   3: [Failed Diagnostic Event (not emitted)] contract:CAAAAAAAAAAAAAAAAAAAAAAAAAAAAAAAAAAAAAAAAAAAAAAAAAAAD2KM, topics:[fn_return, upload_invoice], data:Error(Contract, #1002)
   4: [Diagnostic Event] topics:[fn_call, CAAAAAAAAAAAAAAAAAAAAAAAAAAAAAAAAAAAAAAAAAAAAAAAAAAAD2KM, upload_invoice], data:[CAAAAAAAAAAAAAAAAAAAAAAAAAAAAAAAAAAAAAAAAAAAAAAAAAAAFCT4, 1000, CAAAAAAAAAAAAAAAAAAAAAAAAAAAAAAAAAAAAAAAAAAAAAAAAAAAK3IM, 86400, "Test invoice", [Services], []]

Writing test snapshot file for test "test::test_notification_creation_on_bid_placement" to "test_snapshots\\test\\test_notification_creation_on_bid_placement.1.json".

---- test::test_escrow_creation_on_bid_acceptance stdout ----

thread 'test::test_escrow_creation_on_bid_acceptance' (1620) panicked at C:\Users\ADMIN\.cargo\registry\src\index.crates.io-1949cf8c6b5b557f\soroban-env-host-25.0.1\src\host.rs:907:9:
HostError: Error(Contract, #1013)

Event log (newest first):
   0: [Diagnostic Event] topics:[error, Error(Contract, #1013)], data:"escalating error to panic"
   1: [Diagnostic Event] topics:[error, Error(Contract, #1013)], data:["contract call failed", store_invoice, [CAAAAAAAAAAAAAAAAAAAAAAAAAAAAAAAAAAAAAAAAAAAAAAAAAAAFCT4, 1000, CDLDVFKHEZ2RVB3NG4UQA4VPD3TSHV6XMHXMHP2BSGCJ2IIWVTOHGDSG, 86400, "Test invoice", [Services], []]]
   2: [Failed Diagnostic Event (not emitted)] contract:CAAAAAAAAAAAAAAAAAAAAAAAAAAAAAAAAAAAAAAAAAAAAAAAAAAAD2KM, topics:[error, Error(Contract, #1013)], data:"escalating Ok(ScErrorType::Contract) frame-exit to Err"
   3: [Failed Diagnostic Event (not emitted)] contract:CAAAAAAAAAAAAAAAAAAAAAAAAAAAAAAAAAAAAAAAAAAAAAAAAAAAD2KM, topics:[fn_return, store_invoice], data:Error(Contract, #1013)
   4: [Diagnostic Event] topics:[fn_call, CAAAAAAAAAAAAAAAAAAAAAAAAAAAAAAAAAAAAAAAAAAAAAAAAAAAD2KM, store_invoice], data:[CAAAAAAAAAAAAAAAAAAAAAAAAAAAAAAAAAAAAAAAAAAAAAAAAAAAFCT4, 1000, CDLDVFKHEZ2RVB3NG4UQA4VPD3TSHV6XMHXMHP2BSGCJ2IIWVTOHGDSG, 86400, "Test invoice", [Services], []]

Writing test snapshot file for test "test::test_escrow_creation_on_bid_acceptance" to "test_snapshots\\test\\test_escrow_creation_on_bid_acceptance.1.json".

---- test_bid::test_bid_at_exact_expiration_not_expired stdout ----

thread 'test_bid::test_bid_at_exact_expiration_not_expired' (24052) panicked at C:\Users\ADMIN\.cargo\registry\src\index.crates.io-1949cf8c6b5b557f\soroban-env-host-25.0.1\src\host.rs:907:9:
HostError: Error(Contract, #1013)

Event log (newest first):
   0: [Diagnostic Event] topics:[error, Error(Contract, #1013)], data:"escalating error to panic"
   1: [Diagnostic Event] topics:[error, Error(Contract, #1013)], data:["contract call failed", store_invoice, [CAAAAAAAAAAAAAAAAAAAAAAAAAAAAAAAAAAAAAAAAAAAAAAAAAAAITA4, 100000, CAAAAAAAAAAAAAAAAAAAAAAAAAAAAAAAAAAAAAAAAAAAAAAAAAAAK3IM, 86400, "Invoice", [Services], []]]
   2: [Failed Diagnostic Event (not emitted)] contract:CAAAAAAAAAAAAAAAAAAAAAAAAAAAAAAAAAAAAAAAAAAAAAAAAAAAD2KM, topics:[error, Error(Contract, #1013)], data:"escalating Ok(ScErrorType::Contract) frame-exit to Err"
   3: [Failed Diagnostic Event (not emitted)] contract:CAAAAAAAAAAAAAAAAAAAAAAAAAAAAAAAAAAAAAAAAAAAAAAAAAAAD2KM, topics:[fn_return, store_invoice], data:Error(Contract, #1013)
   4: [Diagnostic Event] topics:[fn_call, CAAAAAAAAAAAAAAAAAAAAAAAAAAAAAAAAAAAAAAAAAAAAAAAAAAAD2KM, store_invoice], data:[CAAAAAAAAAAAAAAAAAAAAAAAAAAAAAAAAAAAAAAAAAAAAAAAAAAAITA4, 100000, CAAAAAAAAAAAAAAAAAAAAAAAAAAAAAAAAAAAAAAAAAAAAAAAAAAAK3IM, 86400, "Invoice", [Services], []]

Writing test snapshot file for test "test_bid::test_bid_at_exact_expiration_not_expired" to "test_snapshots\\test_bid\\test_bid_at_exact_expiration_not_expired.1.json".

---- test_bid::test_bid_default_ttl_seven_days stdout ----

thread 'test_bid::test_bid_default_ttl_seven_days' (20172) panicked at C:\Users\ADMIN\.cargo\registry\src\index.crates.io-1949cf8c6b5b557f\soroban-env-host-25.0.1\src\host.rs:907:9:
HostError: Error(Contract, #1013)

Event log (newest first):
   0: [Diagnostic Event] topics:[error, Error(Contract, #1013)], data:"escalating error to panic"
   1: [Diagnostic Event] topics:[error, Error(Contract, #1013)], data:["contract call failed", store_invoice, [CAAAAAAAAAAAAAAAAAAAAAAAAAAAAAAAAAAAAAAAAAAAAAAAAAAAITA4, 10000, CAAAAAAAAAAAAAAAAAAAAAAAAAAAAAAAAAAAAAAAAAAAAAAAAAAAK3IM, 86400, "Invoice", [Services], []]]
   2: [Failed Diagnostic Event (not emitted)] contract:CAAAAAAAAAAAAAAAAAAAAAAAAAAAAAAAAAAAAAAAAAAAAAAAAAAAD2KM, topics:[error, Error(Contract, #1013)], data:"escalating Ok(ScErrorType::Contract) frame-exit to Err"
   3: [Failed Diagnostic Event (not emitted)] contract:CAAAAAAAAAAAAAAAAAAAAAAAAAAAAAAAAAAAAAAAAAAAAAAAAAAAD2KM, topics:[fn_return, store_invoice], data:Error(Contract, #1013)
   4: [Diagnostic Event] topics:[fn_call, CAAAAAAAAAAAAAAAAAAAAAAAAAAAAAAAAAAAAAAAAAAAAAAAAAAAD2KM, store_invoice], data:[CAAAAAAAAAAAAAAAAAAAAAAAAAAAAAAAAAAAAAAAAAAAAAAAAAAAITA4, 10000, CAAAAAAAAAAAAAAAAAAAAAAAAAAAAAAAAAAAAAAAAAAAAAAAAAAAK3IM, 86400, "Invoice", [Services], []]

Writing test snapshot file for test "test_bid::test_bid_default_ttl_seven_days" to "test_snapshots\\test_bid\\test_bid_default_ttl_seven_days.1.json".

---- test::test_unique_bid_id_generation stdout ----

thread 'test::test_unique_bid_id_generation' (24764) panicked at C:\Users\ADMIN\.cargo\registry\src\index.crates.io-1949cf8c6b5b557f\soroban-env-host-25.0.1\src\host.rs:907:9:
HostError: Error(Contract, #1013)

Event log (newest first):
   0: [Diagnostic Event] topics:[error, Error(Contract, #1013)], data:"escalating error to panic"
   1: [Diagnostic Event] topics:[error, Error(Contract, #1013)], data:["contract call failed", store_invoice, [CAAAAAAAAAAAAAAAAAAAAAAAAAAAAAAAAAAAAAAAAAAAAAAAAAAAFCT4, 1000, CAAAAAAAAAAAAAAAAAAAAAAAAAAAAAAAAAAAAAAAAAAAAAAAAAAAITA4, 86400, "Test invoice", [Services], []]]
   2: [Failed Diagnostic Event (not emitted)] contract:CAAAAAAAAAAAAAAAAAAAAAAAAAAAAAAAAAAAAAAAAAAAAAAAAAAAD2KM, topics:[error, Error(Contract, #1013)], data:"escalating Ok(ScErrorType::Contract) frame-exit to Err"
   3: [Failed Diagnostic Event (not emitted)] contract:CAAAAAAAAAAAAAAAAAAAAAAAAAAAAAAAAAAAAAAAAAAAAAAAAAAAD2KM, topics:[fn_return, store_invoice], data:Error(Contract, #1013)
   4: [Diagnostic Event] topics:[fn_call, CAAAAAAAAAAAAAAAAAAAAAAAAAAAAAAAAAAAAAAAAAAAAAAAAAAAD2KM, store_invoice], data:[CAAAAAAAAAAAAAAAAAAAAAAAAAAAAAAAAAAAAAAAAAAAAAAAAAAAFCT4, 1000, CAAAAAAAAAAAAAAAAAAAAAAAAAAAAAAAAAAAAAAAAAAAAAAAAAAAITA4, 86400, "Test invoice", [Services], []]

Writing test snapshot file for test "test::test_unique_bid_id_generation" to "test_snapshots\\test\\test_unique_bid_id_generation.1.json".

---- test_bid::test_bid_minimum_amount_enforced stdout ----

thread 'test_bid::test_bid_minimum_amount_enforced' (17748) panicked at C:\Users\ADMIN\.cargo\registry\src\index.crates.io-1949cf8c6b5b557f\soroban-env-host-25.0.1\src\host.rs:907:9:
HostError: Error(Contract, #1013)

Event log (newest first):
   0: [Diagnostic Event] topics:[error, Error(Contract, #1013)], data:"escalating error to panic"
   1: [Diagnostic Event] topics:[error, Error(Contract, #1013)], data:["contract call failed", store_invoice, [CAAAAAAAAAAAAAAAAAAAAAAAAAAAAAAAAAAAAAAAAAAAAAAAAAAAITA4, 200000, CAAAAAAAAAAAAAAAAAAAAAAAAAAAAAAAAAAAAAAAAAAAAAAAAAAAK3IM, 86400, "Invoice", [Services], []]]
   2: [Failed Diagnostic Event (not emitted)] contract:CAAAAAAAAAAAAAAAAAAAAAAAAAAAAAAAAAAAAAAAAAAAAAAAAAAAD2KM, topics:[error, Error(Contract, #1013)], data:"escalating Ok(ScErrorType::Contract) frame-exit to Err"
   3: [Failed Diagnostic Event (not emitted)] contract:CAAAAAAAAAAAAAAAAAAAAAAAAAAAAAAAAAAAAAAAAAAAAAAAAAAAD2KM, topics:[fn_return, store_invoice], data:Error(Contract, #1013)
   4: [Diagnostic Event] topics:[fn_call, CAAAAAAAAAAAAAAAAAAAAAAAAAAAAAAAAAAAAAAAAAAAAAAAAAAAD2KM, store_invoice], data:[CAAAAAAAAAAAAAAAAAAAAAAAAAAAAAAAAAAAAAAAAAAAAAAAAAAAITA4, 200000, CAAAAAAAAAAAAAAAAAAAAAAAAAAAAAAAAAAAAAAAAAAAAAAAAAAAK3IM, 86400, "Invoice", [Services], []]

Writing test snapshot file for test "test_bid::test_bid_minimum_amount_enforced" to "test_snapshots\\test_bid\\test_bid_minimum_amount_enforced.1.json".

---- test_bid::test_bid_one_second_past_expiration_expired stdout ----

thread 'test_bid::test_bid_one_second_past_expiration_expired' (3856) panicked at C:\Users\ADMIN\.cargo\registry\src\index.crates.io-1949cf8c6b5b557f\soroban-env-host-25.0.1\src\host.rs:907:9:
HostError: Error(Contract, #1013)

Event log (newest first):
   0: [Diagnostic Event] topics:[error, Error(Contract, #1013)], data:"escalating error to panic"
   1: [Diagnostic Event] topics:[error, Error(Contract, #1013)], data:["contract call failed", store_invoice, [CAAAAAAAAAAAAAAAAAAAAAAAAAAAAAAAAAAAAAAAAAAAAAAAAAAAITA4, 100000, CAAAAAAAAAAAAAAAAAAAAAAAAAAAAAAAAAAAAAAAAAAAAAAAAAAAK3IM, 86400, "Invoice", [Services], []]]
   2: [Failed Diagnostic Event (not emitted)] contract:CAAAAAAAAAAAAAAAAAAAAAAAAAAAAAAAAAAAAAAAAAAAAAAAAAAAD2KM, topics:[error, Error(Contract, #1013)], data:"escalating Ok(ScErrorType::Contract) frame-exit to Err"
   3: [Failed Diagnostic Event (not emitted)] contract:CAAAAAAAAAAAAAAAAAAAAAAAAAAAAAAAAAAAAAAAAAAAAAAAAAAAD2KM, topics:[fn_return, store_invoice], data:Error(Contract, #1013)
   4: [Diagnostic Event] topics:[fn_call, CAAAAAAAAAAAAAAAAAAAAAAAAAAAAAAAAAAAAAAAAAAAAAAAAAAAD2KM, store_invoice], data:[CAAAAAAAAAAAAAAAAAAAAAAAAAAAAAAAAAAAAAAAAAAAAAAAAAAAITA4, 100000, CAAAAAAAAAAAAAAAAAAAAAAAAAAAAAAAAAAAAAAAAAAAAAAAAAAAK3IM, 86400, "Invoice", [Services], []]

Writing test snapshot file for test "test_bid::test_bid_one_second_past_expiration_expired" to "test_snapshots\\test_bid\\test_bid_one_second_past_expiration_expired.1.json".

---- test_bid::test_bid_expiration_and_cleanup stdout ----

thread 'test_bid::test_bid_expiration_and_cleanup' (7160) panicked at C:\Users\ADMIN\.cargo\registry\src\index.crates.io-1949cf8c6b5b557f\soroban-env-host-25.0.1\src\host.rs:907:9:
HostError: Error(Contract, #1013)

Event log (newest first):
   0: [Diagnostic Event] topics:[error, Error(Contract, #1013)], data:"escalating error to panic"
   1: [Diagnostic Event] topics:[error, Error(Contract, #1013)], data:["contract call failed", store_invoice, [CAAAAAAAAAAAAAAAAAAAAAAAAAAAAAAAAAAAAAAAAAAAAAAAAAAAITA4, 10000, CAAAAAAAAAAAAAAAAAAAAAAAAAAAAAAAAAAAAAAAAAAAAAAAAAAAK3IM, 86400, "Invoice", [Services], []]]
   2: [Failed Diagnostic Event (not emitted)] contract:CAAAAAAAAAAAAAAAAAAAAAAAAAAAAAAAAAAAAAAAAAAAAAAAAAAAD2KM, topics:[error, Error(Contract, #1013)], data:"escalating Ok(ScErrorType::Contract) frame-exit to Err"
   3: [Failed Diagnostic Event (not emitted)] contract:CAAAAAAAAAAAAAAAAAAAAAAAAAAAAAAAAAAAAAAAAAAAAAAAAAAAD2KM, topics:[fn_return, store_invoice], data:Error(Contract, #1013)
   4: [Diagnostic Event] topics:[fn_call, CAAAAAAAAAAAAAAAAAAAAAAAAAAAAAAAAAAAAAAAAAAAAAAAAAAAD2KM, store_invoice], data:[CAAAAAAAAAAAAAAAAAAAAAAAAAAAAAAAAAAAAAAAAAAAAAAAAAAAITA4, 10000, CAAAAAAAAAAAAAAAAAAAAAAAAAAAAAAAAAAAAAAAAAAAAAAAAAAAK3IM, 86400, "Invoice", [Services], []]

Writing test snapshot file for test "test_bid::test_bid_expiration_and_cleanup" to "test_snapshots\\test_bid\\test_bid_expiration_and_cleanup.1.json".

---- test_bid::test_best_bid_excludes_withdrawn stdout ----

thread 'test_bid::test_best_bid_excludes_withdrawn' (24556) panicked at C:\Users\ADMIN\.cargo\registry\src\index.crates.io-1949cf8c6b5b557f\soroban-env-host-25.0.1\src\host.rs:907:9:
HostError: Error(Contract, #1013)

Event log (newest first):
   0: [Diagnostic Event] topics:[error, Error(Contract, #1013)], data:"escalating error to panic"
   1: [Diagnostic Event] topics:[error, Error(Contract, #1013)], data:["contract call failed", store_invoice, [CAAAAAAAAAAAAAAAAAAAAAAAAAAAAAAAAAAAAAAAAAAAAAAAAAAAK3IM, 100000, CAAAAAAAAAAAAAAAAAAAAAAAAAAAAAAAAAAAAAAAAAAAAAAAAAAAMDR4, 86400, "Invoice", [Services], []]]
   2: [Failed Diagnostic Event (not emitted)] contract:CAAAAAAAAAAAAAAAAAAAAAAAAAAAAAAAAAAAAAAAAAAAAAAAAAAAD2KM, topics:[error, Error(Contract, #1013)], data:"escalating Ok(ScErrorType::Contract) frame-exit to Err"
   3: [Failed Diagnostic Event (not emitted)] contract:CAAAAAAAAAAAAAAAAAAAAAAAAAAAAAAAAAAAAAAAAAAAAAAAAAAAD2KM, topics:[fn_return, store_invoice], data:Error(Contract, #1013)
   4: [Diagnostic Event] topics:[fn_call, CAAAAAAAAAAAAAAAAAAAAAAAAAAAAAAAAAAAAAAAAAAAAAAAAAAAD2KM, store_invoice], data:[CAAAAAAAAAAAAAAAAAAAAAAAAAAAAAAAAAAAAAAAAAAAAAAAAAAAK3IM, 100000, CAAAAAAAAAAAAAAAAAAAAAAAAAAAAAAAAAAAAAAAAAAAAAAAAAAAMDR4, 86400, "Invoice", [Services], []]

Writing test snapshot file for test "test_bid::test_best_bid_excludes_withdrawn" to "test_snapshots\\test_bid\\test_best_bid_excludes_withdrawn.1.json".

---- test_bid::test_bid_placement_respects_investment_limit stdout ----

thread 'test_bid::test_bid_placement_respects_investment_limit' (17652) panicked at C:\Users\ADMIN\.cargo\registry\src\index.crates.io-1949cf8c6b5b557f\soroban-env-host-25.0.1\src\host.rs:907:9:
HostError: Error(Contract, #1013)

Event log (newest first):
   0: [Diagnostic Event] topics:[error, Error(Contract, #1013)], data:"escalating error to panic"
   1: [Diagnostic Event] topics:[error, Error(Contract, #1013)], data:["contract call failed", store_invoice, [CAAAAAAAAAAAAAAAAAAAAAAAAAAAAAAAAAAAAAAAAAAAAAAAAAAAITA4, 10000, CAAAAAAAAAAAAAAAAAAAAAAAAAAAAAAAAAAAAAAAAAAAAAAAAAAAK3IM, 86400, "Invoice", [Services], []]]
   2: [Failed Diagnostic Event (not emitted)] contract:CAAAAAAAAAAAAAAAAAAAAAAAAAAAAAAAAAAAAAAAAAAAAAAAAAAAD2KM, topics:[error, Error(Contract, #1013)], data:"escalating Ok(ScErrorType::Contract) frame-exit to Err"
   3: [Failed Diagnostic Event (not emitted)] contract:CAAAAAAAAAAAAAAAAAAAAAAAAAAAAAAAAAAAAAAAAAAAAAAAAAAAD2KM, topics:[fn_return, store_invoice], data:Error(Contract, #1013)
   4: [Diagnostic Event] topics:[fn_call, CAAAAAAAAAAAAAAAAAAAAAAAAAAAAAAAAAAAAAAAAAAAAAAAAAAAD2KM, store_invoice], data:[CAAAAAAAAAAAAAAAAAAAAAAAAAAAAAAAAAAAAAAAAAAAAAAAAAAAITA4, 10000, CAAAAAAAAAAAAAAAAAAAAAAAAAAAAAAAAAAAAAAAAAAAAAAAAAAAK3IM, 86400, "Invoice", [Services], []]

Writing test snapshot file for test "test_bid::test_bid_placement_respects_investment_limit" to "test_snapshots\\test_bid\\test_bid_placement_respects_investment_limit.1.json".

---- test_bid::test_bid_placement_non_verified_invoice_fails stdout ----

thread 'test_bid::test_bid_placement_non_verified_invoice_fails' (9588) panicked at C:\Users\ADMIN\.cargo\registry\src\index.crates.io-1949cf8c6b5b557f\soroban-env-host-25.0.1\src\host.rs:907:9:
HostError: Error(Contract, #1013)

Event log (newest first):
   0: [Diagnostic Event] topics:[error, Error(Contract, #1013)], data:"escalating error to panic"
   1: [Diagnostic Event] topics:[error, Error(Contract, #1013)], data:["contract call failed", store_invoice, [CAAAAAAAAAAAAAAAAAAAAAAAAAAAAAAAAAAAAAAAAAAAAAAAAAAAITA4, 10000, CAAAAAAAAAAAAAAAAAAAAAAAAAAAAAAAAAAAAAAAAAAAAAAAAAAAK3IM, 86400, "Pending", [Services], []]]
   2: [Failed Diagnostic Event (not emitted)] contract:CAAAAAAAAAAAAAAAAAAAAAAAAAAAAAAAAAAAAAAAAAAAAAAAAAAAD2KM, topics:[error, Error(Contract, #1013)], data:"escalating Ok(ScErrorType::Contract) frame-exit to Err"
   3: [Failed Diagnostic Event (not emitted)] contract:CAAAAAAAAAAAAAAAAAAAAAAAAAAAAAAAAAAAAAAAAAAAAAAAAAAAD2KM, topics:[fn_return, store_invoice], data:Error(Contract, #1013)
   4: [Diagnostic Event] topics:[fn_call, CAAAAAAAAAAAAAAAAAAAAAAAAAAAAAAAAAAAAAAAAAAAAAAAAAAAD2KM, store_invoice], data:[CAAAAAAAAAAAAAAAAAAAAAAAAAAAAAAAAAAAAAAAAAAAAAAAAAAAITA4, 10000, CAAAAAAAAAAAAAAAAAAAAAAAAAAAAAAAAAAAAAAAAAAAAAAAAAAAK3IM, 86400, "Pending", [Services], []]

Writing test snapshot file for test "test_bid::test_bid_placement_non_verified_invoice_fails" to "test_snapshots\\test_bid\\test_bid_placement_non_verified_invoice_fails.1.json".

---- test_bid::test_bid_placement_verified_invoice_succeeds stdout ----

thread 'test_bid::test_bid_placement_verified_invoice_succeeds' (14900) panicked at C:\Users\ADMIN\.cargo\registry\src\index.crates.io-1949cf8c6b5b557f\soroban-env-host-25.0.1\src\host.rs:907:9:
HostError: Error(Contract, #1013)

Event log (newest first):
   0: [Diagnostic Event] topics:[error, Error(Contract, #1013)], data:"escalating error to panic"
   1: [Diagnostic Event] topics:[error, Error(Contract, #1013)], data:["contract call failed", store_invoice, [CAAAAAAAAAAAAAAAAAAAAAAAAAAAAAAAAAAAAAAAAAAAAAAAAAAAITA4, 10000, CAAAAAAAAAAAAAAAAAAAAAAAAAAAAAAAAAAAAAAAAAAAAAAAAAAAK3IM, 86400, "Invoice", [Services], []]]
   2: [Failed Diagnostic Event (not emitted)] contract:CAAAAAAAAAAAAAAAAAAAAAAAAAAAAAAAAAAAAAAAAAAAAAAAAAAAD2KM, topics:[error, Error(Contract, #1013)], data:"escalating Ok(ScErrorType::Contract) frame-exit to Err"
   3: [Failed Diagnostic Event (not emitted)] contract:CAAAAAAAAAAAAAAAAAAAAAAAAAAAAAAAAAAAAAAAAAAAAAAAAAAAD2KM, topics:[fn_return, store_invoice], data:Error(Contract, #1013)
   4: [Diagnostic Event] topics:[fn_call, CAAAAAAAAAAAAAAAAAAAAAAAAAAAAAAAAAAAAAAAAAAAAAAAAAAAD2KM, store_invoice], data:[CAAAAAAAAAAAAAAAAAAAAAAAAAAAAAAAAAAAAAAAAAAAAAAAAAAAITA4, 10000, CAAAAAAAAAAAAAAAAAAAAAAAAAAAAAAAAAAAAAAAAAAAAAAAAAAAK3IM, 86400, "Invoice", [Services], []]

Writing test snapshot file for test "test_bid::test_bid_placement_verified_invoice_succeeds" to "test_snapshots\\test_bid\\test_bid_placement_verified_invoice_succeeds.1.json".

---- test_bid::test_bid_withdrawal_only_placed_bids stdout ----

thread 'test_bid::test_bid_withdrawal_only_placed_bids' (23716) panicked at C:\Users\ADMIN\.cargo\registry\src\index.crates.io-1949cf8c6b5b557f\soroban-env-host-25.0.1\src\host.rs:907:9:
HostError: Error(Contract, #1013)

Event log (newest first):
   0: [Diagnostic Event] topics:[error, Error(Contract, #1013)], data:"escalating error to panic"
   1: [Diagnostic Event] topics:[error, Error(Contract, #1013)], data:["contract call failed", store_invoice, [CAAAAAAAAAAAAAAAAAAAAAAAAAAAAAAAAAAAAAAAAAAAAAAAAAAAITA4, 10000, CAAAAAAAAAAAAAAAAAAAAAAAAAAAAAAAAAAAAAAAAAAAAAAAAAAAK3IM, 86400, "Invoice", [Services], []]]
   2: [Failed Diagnostic Event (not emitted)] contract:CAAAAAAAAAAAAAAAAAAAAAAAAAAAAAAAAAAAAAAAAAAAAAAAAAAAD2KM, topics:[error, Error(Contract, #1013)], data:"escalating Ok(ScErrorType::Contract) frame-exit to Err"
   3: [Failed Diagnostic Event (not emitted)] contract:CAAAAAAAAAAAAAAAAAAAAAAAAAAAAAAAAAAAAAAAAAAAAAAAAAAAD2KM, topics:[fn_return, store_invoice], data:Error(Contract, #1013)
   4: [Diagnostic Event] topics:[fn_call, CAAAAAAAAAAAAAAAAAAAAAAAAAAAAAAAAAAAAAAAAAAAAAAAAAAAD2KM, store_invoice], data:[CAAAAAAAAAAAAAAAAAAAAAAAAAAAAAAAAAAAAAAAAAAAAAAAAAAAITA4, 10000, CAAAAAAAAAAAAAAAAAAAAAAAAAAAAAAAAAAAAAAAAAAAAAAAAAAAK3IM, 86400, "Invoice", [Services], []]

Writing test snapshot file for test "test_bid::test_bid_withdrawal_only_placed_bids" to "test_snapshots\\test_bid\\test_bid_withdrawal_only_placed_bids.1.json".

---- test_bid::test_bid_withdrawal_by_owner_succeeds stdout ----

thread 'test_bid::test_bid_withdrawal_by_owner_succeeds' (13324) panicked at C:\Users\ADMIN\.cargo\registry\src\index.crates.io-1949cf8c6b5b557f\soroban-env-host-25.0.1\src\host.rs:907:9:
HostError: Error(Contract, #1013)

Event log (newest first):
   0: [Diagnostic Event] topics:[error, Error(Contract, #1013)], data:"escalating error to panic"
   1: [Diagnostic Event] topics:[error, Error(Contract, #1013)], data:["contract call failed", store_invoice, [CAAAAAAAAAAAAAAAAAAAAAAAAAAAAAAAAAAAAAAAAAAAAAAAAAAAITA4, 10000, CAAAAAAAAAAAAAAAAAAAAAAAAAAAAAAAAAAAAAAAAAAAAAAAAAAAK3IM, 86400, "Invoice", [Services], []]]
   2: [Failed Diagnostic Event (not emitted)] contract:CAAAAAAAAAAAAAAAAAAAAAAAAAAAAAAAAAAAAAAAAAAAAAAAAAAAD2KM, topics:[error, Error(Contract, #1013)], data:"escalating Ok(ScErrorType::Contract) frame-exit to Err"
   3: [Failed Diagnostic Event (not emitted)] contract:CAAAAAAAAAAAAAAAAAAAAAAAAAAAAAAAAAAAAAAAAAAAAAAAAAAAD2KM, topics:[fn_return, store_invoice], data:Error(Contract, #1013)
   4: [Diagnostic Event] topics:[fn_call, CAAAAAAAAAAAAAAAAAAAAAAAAAAAAAAAAAAAAAAAAAAAAAAAAAAAD2KM, store_invoice], data:[CAAAAAAAAAAAAAAAAAAAAAAAAAAAAAAAAAAAAAAAAAAAAAAAAAAAITA4, 10000, CAAAAAAAAAAAAAAAAAAAAAAAAAAAAAAAAAAAAAAAAAAAAAAAAAAAK3IM, 86400, "Invoice", [Services], []]

Writing test snapshot file for test "test_bid::test_bid_withdrawal_by_owner_succeeds" to "test_snapshots\\test_bid\\test_bid_withdrawal_by_owner_succeeds.1.json".

---- test_bid::test_cancel_bid_on_cancelled_returns_false stdout ----

thread 'test_bid::test_cancel_bid_on_cancelled_returns_false' (11392) panicked at C:\Users\ADMIN\.cargo\registry\src\index.crates.io-1949cf8c6b5b557f\soroban-env-host-25.0.1\src\host.rs:907:9:
HostError: Error(Contract, #1013)

Event log (newest first):
   0: [Diagnostic Event] topics:[error, Error(Contract, #1013)], data:"escalating error to panic"
   1: [Diagnostic Event] topics:[error, Error(Contract, #1013)], data:["contract call failed", store_invoice, [CAAAAAAAAAAAAAAAAAAAAAAAAAAAAAAAAAAAAAAAAAAAAAAAAAAAITA4, 10000, CAAAAAAAAAAAAAAAAAAAAAAAAAAAAAAAAAAAAAAAAAAAAAAAAAAAK3IM, 86400, "Invoice", [Services], []]]
   2: [Failed Diagnostic Event (not emitted)] contract:CAAAAAAAAAAAAAAAAAAAAAAAAAAAAAAAAAAAAAAAAAAAAAAAAAAAD2KM, topics:[error, Error(Contract, #1013)], data:"escalating Ok(ScErrorType::Contract) frame-exit to Err"
   3: [Failed Diagnostic Event (not emitted)] contract:CAAAAAAAAAAAAAAAAAAAAAAAAAAAAAAAAAAAAAAAAAAAAAAAAAAAD2KM, topics:[fn_return, store_invoice], data:Error(Contract, #1013)
   4: [Diagnostic Event] topics:[fn_call, CAAAAAAAAAAAAAAAAAAAAAAAAAAAAAAAAAAAAAAAAAAAAAAAAAAAD2KM, store_invoice], data:[CAAAAAAAAAAAAAAAAAAAAAAAAAAAAAAAAAAAAAAAAAAAAAAAAAAAITA4, 10000, CAAAAAAAAAAAAAAAAAAAAAAAAAAAAAAAAAAAAAAAAAAAAAAAAAAAK3IM, 86400, "Invoice", [Services], []]

Writing test snapshot file for test "test_bid::test_cancel_bid_on_cancelled_returns_false" to "test_snapshots\\test_bid\\test_cancel_bid_on_cancelled_returns_false.1.json".

---- test_bid::test_cancel_bid_on_withdrawn_returns_false stdout ----

thread 'test_bid::test_cancel_bid_on_withdrawn_returns_false' (14044) panicked at C:\Users\ADMIN\.cargo\registry\src\index.crates.io-1949cf8c6b5b557f\soroban-env-host-25.0.1\src\host.rs:907:9:
HostError: Error(Contract, #1013)

Event log (newest first):
   0: [Diagnostic Event] topics:[error, Error(Contract, #1013)], data:"escalating error to panic"
   1: [Diagnostic Event] topics:[error, Error(Contract, #1013)], data:["contract call failed", store_invoice, [CAAAAAAAAAAAAAAAAAAAAAAAAAAAAAAAAAAAAAAAAAAAAAAAAAAAITA4, 10000, CAAAAAAAAAAAAAAAAAAAAAAAAAAAAAAAAAAAAAAAAAAAAAAAAAAAK3IM, 86400, "Invoice", [Services], []]]
   2: [Failed Diagnostic Event (not emitted)] contract:CAAAAAAAAAAAAAAAAAAAAAAAAAAAAAAAAAAAAAAAAAAAAAAAAAAAD2KM, topics:[error, Error(Contract, #1013)], data:"escalating Ok(ScErrorType::Contract) frame-exit to Err"
   3: [Failed Diagnostic Event (not emitted)] contract:CAAAAAAAAAAAAAAAAAAAAAAAAAAAAAAAAAAAAAAAAAAAAAAAAAAAD2KM, topics:[fn_return, store_invoice], data:Error(Contract, #1013)
   4: [Diagnostic Event] topics:[fn_call, CAAAAAAAAAAAAAAAAAAAAAAAAAAAAAAAAAAAAAAAAAAAAAAAAAAAD2KM, store_invoice], data:[CAAAAAAAAAAAAAAAAAAAAAAAAAAAAAAAAAAAAAAAAAAAAAAAAAAAITA4, 10000, CAAAAAAAAAAAAAAAAAAAAAAAAAAAAAAAAAAAAAAAAAAAAAAAAAAAK3IM, 86400, "Invoice", [Services], []]

Writing test snapshot file for test "test_bid::test_cancel_bid_on_withdrawn_returns_false" to "test_snapshots\\test_bid\\test_cancel_bid_on_withdrawn_returns_false.1.json".

---- test_bid::test_cannot_accept_expired_bid stdout ----

thread 'test_bid::test_cannot_accept_expired_bid' (5596) panicked at C:\Users\ADMIN\.cargo\registry\src\index.crates.io-1949cf8c6b5b557f\soroban-env-host-25.0.1\src\host.rs:907:9:
HostError: Error(Contract, #1013)

Event log (newest first):
   0: [Diagnostic Event] topics:[error, Error(Contract, #1013)], data:"escalating error to panic"
   1: [Diagnostic Event] topics:[error, Error(Contract, #1013)], data:["contract call failed", store_invoice, [CAAAAAAAAAAAAAAAAAAAAAAAAAAAAAAAAAAAAAAAAAAAAAAAAAAAITA4, 100000, CAAAAAAAAAAAAAAAAAAAAAAAAAAAAAAAAAAAAAAAAAAAAAAAAAAAK3IM, 86400, "Invoice", [Services], []]]
   2: [Failed Diagnostic Event (not emitted)] contract:CAAAAAAAAAAAAAAAAAAAAAAAAAAAAAAAAAAAAAAAAAAAAAAAAAAAD2KM, topics:[error, Error(Contract, #1013)], data:"escalating Ok(ScErrorType::Contract) frame-exit to Err"
   3: [Failed Diagnostic Event (not emitted)] contract:CAAAAAAAAAAAAAAAAAAAAAAAAAAAAAAAAAAAAAAAAAAAAAAAAAAAD2KM, topics:[fn_return, store_invoice], data:Error(Contract, #1013)
   4: [Diagnostic Event] topics:[fn_call, CAAAAAAAAAAAAAAAAAAAAAAAAAAAAAAAAAAAAAAAAAAAAAAAAAAAD2KM, store_invoice], data:[CAAAAAAAAAAAAAAAAAAAAAAAAAAAAAAAAAAAAAAAAAAAAAAAAAAAITA4, 100000, CAAAAAAAAAAAAAAAAAAAAAAAAAAAAAAAAAAAAAAAAAAAAAAAAAAAK3IM, 86400, "Invoice", [Services], []]

Writing test snapshot file for test "test_bid::test_cannot_accept_expired_bid" to "test_snapshots\\test_bid\\test_cannot_accept_expired_bid.1.json".

---- test_bid::test_cancel_bid_succeeds stdout ----

thread 'test_bid::test_cancel_bid_succeeds' (27640) panicked at C:\Users\ADMIN\.cargo\registry\src\index.crates.io-1949cf8c6b5b557f\soroban-env-host-25.0.1\src\host.rs:907:9:
HostError: Error(Contract, #1013)

Event log (newest first):
   0: [Diagnostic Event] topics:[error, Error(Contract, #1013)], data:"escalating error to panic"
   1: [Diagnostic Event] topics:[error, Error(Contract, #1013)], data:["contract call failed", store_invoice, [CAAAAAAAAAAAAAAAAAAAAAAAAAAAAAAAAAAAAAAAAAAAAAAAAAAAITA4, 10000, CAAAAAAAAAAAAAAAAAAAAAAAAAAAAAAAAAAAAAAAAAAAAAAAAAAAK3IM, 86400, "Invoice", [Services], []]]
   2: [Failed Diagnostic Event (not emitted)] contract:CAAAAAAAAAAAAAAAAAAAAAAAAAAAAAAAAAAAAAAAAAAAAAAAAAAAD2KM, topics:[error, Error(Contract, #1013)], data:"escalating Ok(ScErrorType::Contract) frame-exit to Err"
   3: [Failed Diagnostic Event (not emitted)] contract:CAAAAAAAAAAAAAAAAAAAAAAAAAAAAAAAAAAAAAAAAAAAAAAAAAAAD2KM, topics:[fn_return, store_invoice], data:Error(Contract, #1013)
   4: [Diagnostic Event] topics:[fn_call, CAAAAAAAAAAAAAAAAAAAAAAAAAAAAAAAAAAAAAAAAAAAAAAAAAAAD2KM, store_invoice], data:[CAAAAAAAAAAAAAAAAAAAAAAAAAAAAAAAAAAAAAAAAAAAAAAAAAAAITA4, 10000, CAAAAAAAAAAAAAAAAAAAAAAAAAAAAAAAAAAAAAAAAAAAAAAAAAAAK3IM, 86400, "Invoice", [Services], []]

Writing test snapshot file for test "test_bid::test_cancel_bid_succeeds" to "test_snapshots\\test_bid\\test_cancel_bid_succeeds.1.json".

---- test_bid::test_bid_ranking_by_profit stdout ----

thread 'test_bid::test_bid_ranking_by_profit' (12392) panicked at C:\Users\ADMIN\.cargo\registry\src\index.crates.io-1949cf8c6b5b557f\soroban-env-host-25.0.1\src\host.rs:907:9:
HostError: Error(Contract, #1013)

Event log (newest first):
   0: [Diagnostic Event] topics:[error, Error(Contract, #1013)], data:"escalating error to panic"
   1: [Diagnostic Event] topics:[error, Error(Contract, #1013)], data:["contract call failed", store_invoice, [CAAAAAAAAAAAAAAAAAAAAAAAAAAAAAAAAAAAAAAAAAAAAAAAAAAAMDR4, 100000, CAAAAAAAAAAAAAAAAAAAAAAAAAAAAAAAAAAAAAAAAAAAAAAAAAAAOLZM, 86400, "Invoice", [Services], []]]
   2: [Failed Diagnostic Event (not emitted)] contract:CAAAAAAAAAAAAAAAAAAAAAAAAAAAAAAAAAAAAAAAAAAAAAAAAAAAD2KM, topics:[error, Error(Contract, #1013)], data:"escalating Ok(ScErrorType::Contract) frame-exit to Err"
   3: [Failed Diagnostic Event (not emitted)] contract:CAAAAAAAAAAAAAAAAAAAAAAAAAAAAAAAAAAAAAAAAAAAAAAAAAAAD2KM, topics:[fn_return, store_invoice], data:Error(Contract, #1013)
   4: [Diagnostic Event] topics:[fn_call, CAAAAAAAAAAAAAAAAAAAAAAAAAAAAAAAAAAAAAAAAAAAAAAAAAAAD2KM, store_invoice], data:[CAAAAAAAAAAAAAAAAAAAAAAAAAAAAAAAAAAAAAAAAAAAAAAAAAAAMDR4, 100000, CAAAAAAAAAAAAAAAAAAAAAAAAAAAAAAAAAAAAAAAAAAAAAAAAAAAOLZM, 86400, "Invoice", [Services], []]

Writing test snapshot file for test "test_bid::test_bid_ranking_by_profit" to "test_snapshots\\test_bid\\test_bid_ranking_by_profit.1.json".

---- test_bid::test_cleanup_on_invoice_with_no_bids stdout ----

thread 'test_bid::test_cleanup_on_invoice_with_no_bids' (14912) panicked at C:\Users\ADMIN\.cargo\registry\src\index.crates.io-1949cf8c6b5b557f\soroban-env-host-25.0.1\src\host.rs:907:9:
HostError: Error(Contract, #1013)

Event log (newest first):
   0: [Diagnostic Event] topics:[error, Error(Contract, #1013)], data:"escalating error to panic"
   1: [Diagnostic Event] topics:[error, Error(Contract, #1013)], data:["contract call failed", store_invoice, [CAAAAAAAAAAAAAAAAAAAAAAAAAAAAAAAAAAAAAAAAAAAAAAAAAAAHK3M, 100000, CAAAAAAAAAAAAAAAAAAAAAAAAAAAAAAAAAAAAAAAAAAAAAAAAAAAITA4, 86400, "Invoice", [Services], []]]
   2: [Failed Diagnostic Event (not emitted)] contract:CAAAAAAAAAAAAAAAAAAAAAAAAAAAAAAAAAAAAAAAAAAAAAAAAAAAD2KM, topics:[error, Error(Contract, #1013)], data:"escalating Ok(ScErrorType::Contract) frame-exit to Err"
   3: [Failed Diagnostic Event (not emitted)] contract:CAAAAAAAAAAAAAAAAAAAAAAAAAAAAAAAAAAAAAAAAAAAAAAAAAAAD2KM, topics:[fn_return, store_invoice], data:Error(Contract, #1013)
   4: [Diagnostic Event] topics:[fn_call, CAAAAAAAAAAAAAAAAAAAAAAAAAAAAAAAAAAAAAAAAAAAAAAAAAAAD2KM, store_invoice], data:[CAAAAAAAAAAAAAAAAAAAAAAAAAAAAAAAAAAAAAAAAAAAAAAAAAAAHK3M, 100000, CAAAAAAAAAAAAAAAAAAAAAAAAAAAAAAAAAAAAAAAAAAAAAAAAAAAITA4, 86400, "Invoice", [Services], []]

Writing test snapshot file for test "test_bid::test_cleanup_on_invoice_with_no_bids" to "test_snapshots\\test_bid\\test_cleanup_on_invoice_with_no_bids.1.json".

---- test_bid::test_cancelled_bids_not_affected_by_expiration stdout ----

thread 'test_bid::test_cancelled_bids_not_affected_by_expiration' (12620) panicked at C:\Users\ADMIN\.cargo\registry\src\index.crates.io-1949cf8c6b5b557f\soroban-env-host-25.0.1\src\host.rs:907:9:
HostError: Error(Contract, #1013)

Event log (newest first):
   0: [Diagnostic Event] topics:[error, Error(Contract, #1013)], data:"escalating error to panic"
   1: [Diagnostic Event] topics:[error, Error(Contract, #1013)], data:["contract call failed", store_invoice, [CAAAAAAAAAAAAAAAAAAAAAAAAAAAAAAAAAAAAAAAAAAAAAAAAAAAK3IM, 100000, CAAAAAAAAAAAAAAAAAAAAAAAAAAAAAAAAAAAAAAAAAAAAAAAAAAAMDR4, 86400, "Invoice", [Services], []]]
   2: [Failed Diagnostic Event (not emitted)] contract:CAAAAAAAAAAAAAAAAAAAAAAAAAAAAAAAAAAAAAAAAAAAAAAAAAAAD2KM, topics:[error, Error(Contract, #1013)], data:"escalating Ok(ScErrorType::Contract) frame-exit to Err"
   3: [Failed Diagnostic Event (not emitted)] contract:CAAAAAAAAAAAAAAAAAAAAAAAAAAAAAAAAAAAAAAAAAAAAAAAAAAAD2KM, topics:[fn_return, store_invoice], data:Error(Contract, #1013)
   4: [Diagnostic Event] topics:[fn_call, CAAAAAAAAAAAAAAAAAAAAAAAAAAAAAAAAAAAAAAAAAAAAAAAAAAAD2KM, store_invoice], data:[CAAAAAAAAAAAAAAAAAAAAAAAAAAAAAAAAAAAAAAAAAAAAAAAAAAAK3IM, 100000, CAAAAAAAAAAAAAAAAAAAAAAAAAAAAAAAAAAAAAAAAAAAAAAAAAAAMDR4, 86400, "Invoice", [Services], []]

Writing test snapshot file for test "test_bid::test_cancelled_bids_not_affected_by_expiration" to "test_snapshots\\test_bid\\test_cancelled_bids_not_affected_by_expiration.1.json".

---- test_bid::test_business_accepts_one_bid_others_remain_placed stdout ----

thread 'test_bid::test_business_accepts_one_bid_others_remain_placed' (12880) panicked at C:\Users\ADMIN\.cargo\registry\src\index.crates.io-1949cf8c6b5b557f\soroban-env-host-25.0.1\src\host.rs:907:9:
HostError: Error(Contract, #1013)

Event log (newest first):
   0: [Diagnostic Event] topics:[error, Error(Contract, #1013)], data:"escalating error to panic"
   1: [Diagnostic Event] topics:[error, Error(Contract, #1013)], data:["contract call failed", store_invoice, [CAAAAAAAAAAAAAAAAAAAAAAAAAAAAAAAAAAAAAAAAAAAAAAAAAAAMDR4, 100000, CAAAAAAAAAAAAAAAAAAAAAAAAAAAAAAAAAAAAAAAAAAAAAAAAAAAOLZM, 86400, "Invoice", [Services], []]]
   2: [Failed Diagnostic Event (not emitted)] contract:CAAAAAAAAAAAAAAAAAAAAAAAAAAAAAAAAAAAAAAAAAAAAAAAAAAAD2KM, topics:[error, Error(Contract, #1013)], data:"escalating Ok(ScErrorType::Contract) frame-exit to Err"
   3: [Failed Diagnostic Event (not emitted)] contract:CAAAAAAAAAAAAAAAAAAAAAAAAAAAAAAAAAAAAAAAAAAAAAAAAAAAD2KM, topics:[fn_return, store_invoice], data:Error(Contract, #1013)
   4: [Diagnostic Event] topics:[fn_call, CAAAAAAAAAAAAAAAAAAAAAAAAAAAAAAAAAAAAAAAAAAAAAAAAAAAD2KM, store_invoice], data:[CAAAAAAAAAAAAAAAAAAAAAAAAAAAAAAAAAAAAAAAAAAAAAAAAAAAMDR4, 100000, CAAAAAAAAAAAAAAAAAAAAAAAAAAAAAAAAAAAAAAAAAAAAAAAAAAAOLZM, 86400, "Invoice", [Services], []]

Writing test snapshot file for test "test_bid::test_business_accepts_one_bid_others_remain_placed" to "test_snapshots\\test_bid\\test_business_accepts_one_bid_others_remain_placed.1.json".

---- test_bid::test_cancelled_bid_excluded_from_ranking stdout ----

thread 'test_bid::test_cancelled_bid_excluded_from_ranking' (18592) panicked at C:\Users\ADMIN\.cargo\registry\src\index.crates.io-1949cf8c6b5b557f\soroban-env-host-25.0.1\src\host.rs:907:9:
HostError: Error(Contract, #1013)

Event log (newest first):
   0: [Diagnostic Event] topics:[error, Error(Contract, #1013)], data:"escalating error to panic"
   1: [Diagnostic Event] topics:[error, Error(Contract, #1013)], data:["contract call failed", store_invoice, [CAAAAAAAAAAAAAAAAAAAAAAAAAAAAAAAAAAAAAAAAAAAAAAAAAAAK3IM, 100000, CAAAAAAAAAAAAAAAAAAAAAAAAAAAAAAAAAAAAAAAAAAAAAAAAAAAMDR4, 86400, "Invoice", [Services], []]]
   2: [Failed Diagnostic Event (not emitted)] contract:CAAAAAAAAAAAAAAAAAAAAAAAAAAAAAAAAAAAAAAAAAAAAAAAAAAAD2KM, topics:[error, Error(Contract, #1013)], data:"escalating Ok(ScErrorType::Contract) frame-exit to Err"
   3: [Failed Diagnostic Event (not emitted)] contract:CAAAAAAAAAAAAAAAAAAAAAAAAAAAAAAAAAAAAAAAAAAAAAAAAAAAD2KM, topics:[fn_return, store_invoice], data:Error(Contract, #1013)
   4: [Diagnostic Event] topics:[fn_call, CAAAAAAAAAAAAAAAAAAAAAAAAAAAAAAAAAAAAAAAAAAAAAAAAAAAD2KM, store_invoice], data:[CAAAAAAAAAAAAAAAAAAAAAAAAAAAAAAAAAAAAAAAAAAAAAAAAAAAK3IM, 100000, CAAAAAAAAAAAAAAAAAAAAAAAAAAAAAAAAAAAAAAAAAAAAAAAAAAAMDR4, 86400, "Invoice", [Services], []]

Writing test snapshot file for test "test_bid::test_cancelled_bid_excluded_from_ranking" to "test_snapshots\\test_bid\\test_cancelled_bid_excluded_from_ranking.1.json".

---- test_bid::test_cannot_accept_second_bid_after_first_accepted stdout ----

thread 'test_bid::test_cannot_accept_second_bid_after_first_accepted' (4060) panicked at C:\Users\ADMIN\.cargo\registry\src\index.crates.io-1949cf8c6b5b557f\soroban-env-host-25.0.1\src\host.rs:907:9:
HostError: Error(Contract, #1013)

Event log (newest first):
   0: [Diagnostic Event] topics:[error, Error(Contract, #1013)], data:"escalating error to panic"
   1: [Diagnostic Event] topics:[error, Error(Contract, #1013)], data:["contract call failed", store_invoice, [CAAAAAAAAAAAAAAAAAAAAAAAAAAAAAAAAAAAAAAAAAAAAAAAAAAAK3IM, 100000, CAAAAAAAAAAAAAAAAAAAAAAAAAAAAAAAAAAAAAAAAAAAAAAAAAAAMDR4, 86400, "Invoice", [Services], []]]
   2: [Failed Diagnostic Event (not emitted)] contract:CAAAAAAAAAAAAAAAAAAAAAAAAAAAAAAAAAAAAAAAAAAAAAAAAAAAD2KM, topics:[error, Error(Contract, #1013)], data:"escalating Ok(ScErrorType::Contract) frame-exit to Err"
   3: [Failed Diagnostic Event (not emitted)] contract:CAAAAAAAAAAAAAAAAAAAAAAAAAAAAAAAAAAAAAAAAAAAAAAAAAAAD2KM, topics:[fn_return, store_invoice], data:Error(Contract, #1013)
   4: [Diagnostic Event] topics:[fn_call, CAAAAAAAAAAAAAAAAAAAAAAAAAAAAAAAAAAAAAAAAAAAAAAAAAAAD2KM, store_invoice], data:[CAAAAAAAAAAAAAAAAAAAAAAAAAAAAAAAAAAAAAAAAAAAAAAAAAAAK3IM, 100000, CAAAAAAAAAAAAAAAAAAAAAAAAAAAAAAAAAAAAAAAAAAAAAAAAAAAMDR4, 86400, "Invoice", [Services], []]

Writing test snapshot file for test "test_bid::test_cannot_accept_second_bid_after_first_accepted" to "test_snapshots\\test_bid\\test_cannot_accept_second_bid_after_first_accepted.1.json".

---- test_bid::test_cleanup_with_no_expired_bids_returns_zero stdout ----

thread 'test_bid::test_cleanup_with_no_expired_bids_returns_zero' (27380) panicked at C:\Users\ADMIN\.cargo\registry\src\index.crates.io-1949cf8c6b5b557f\soroban-env-host-25.0.1\src\host.rs:907:9:
HostError: Error(Contract, #1013)

Event log (newest first):
   0: [Diagnostic Event] topics:[error, Error(Contract, #1013)], data:"escalating error to panic"
   1: [Diagnostic Event] topics:[error, Error(Contract, #1013)], data:["contract call failed", store_invoice, [CAAAAAAAAAAAAAAAAAAAAAAAAAAAAAAAAAAAAAAAAAAAAAAAAAAAITA4, 100000, CAAAAAAAAAAAAAAAAAAAAAAAAAAAAAAAAAAAAAAAAAAAAAAAAAAAK3IM, 86400, "Invoice", [Services], []]]
   2: [Failed Diagnostic Event (not emitted)] contract:CAAAAAAAAAAAAAAAAAAAAAAAAAAAAAAAAAAAAAAAAAAAAAAAAAAAD2KM, topics:[error, Error(Contract, #1013)], data:"escalating Ok(ScErrorType::Contract) frame-exit to Err"
   3: [Failed Diagnostic Event (not emitted)] contract:CAAAAAAAAAAAAAAAAAAAAAAAAAAAAAAAAAAAAAAAAAAAAAAAAAAAD2KM, topics:[fn_return, store_invoice], data:Error(Contract, #1013)
   4: [Diagnostic Event] topics:[fn_call, CAAAAAAAAAAAAAAAAAAAAAAAAAAAAAAAAAAAAAAAAAAAAAAAAAAAD2KM, store_invoice], data:[CAAAAAAAAAAAAAAAAAAAAAAAAAAAAAAAAAAAAAAAAAAAAAAAAAAAITA4, 100000, CAAAAAAAAAAAAAAAAAAAAAAAAAAAAAAAAAAAAAAAAAAAAAAAAAAAK3IM, 86400, "Invoice", [Services], []]

Writing test snapshot file for test "test_bid::test_cleanup_with_no_expired_bids_returns_zero" to "test_snapshots\\test_bid\\test_cleanup_with_no_expired_bids_returns_zero.1.json".

---- test_bid::test_get_all_bids_by_investor_cross_invoice stdout ----

thread 'test_bid::test_get_all_bids_by_investor_cross_invoice' (23868) panicked at C:\Users\ADMIN\.cargo\registry\src\index.crates.io-1949cf8c6b5b557f\soroban-env-host-25.0.1\src\host.rs:907:9:
HostError: Error(Contract, #1013)

Event log (newest first):
   0: [Diagnostic Event] topics:[error, Error(Contract, #1013)], data:"escalating error to panic"
   1: [Diagnostic Event] topics:[error, Error(Contract, #1013)], data:["contract call failed", store_invoice, [CAAAAAAAAAAAAAAAAAAAAAAAAAAAAAAAAAAAAAAAAAAAAAAAAAAAITA4, 50000, CAAAAAAAAAAAAAAAAAAAAAAAAAAAAAAAAAAAAAAAAAAAAAAAAAAAK3IM, 86400, "Invoice", [Services], []]]
   2: [Failed Diagnostic Event (not emitted)] contract:CAAAAAAAAAAAAAAAAAAAAAAAAAAAAAAAAAAAAAAAAAAAAAAAAAAAD2KM, topics:[error, Error(Contract, #1013)], data:"escalating Ok(ScErrorType::Contract) frame-exit to Err"
   3: [Failed Diagnostic Event (not emitted)] contract:CAAAAAAAAAAAAAAAAAAAAAAAAAAAAAAAAAAAAAAAAAAAAAAAAAAAD2KM, topics:[fn_return, store_invoice], data:Error(Contract, #1013)
   4: [Diagnostic Event] topics:[fn_call, CAAAAAAAAAAAAAAAAAAAAAAAAAAAAAAAAAAAAAAAAAAAAAAAAAAAD2KM, store_invoice], data:[CAAAAAAAAAAAAAAAAAAAAAAAAAAAAAAAAAAAAAAAAAAAAAAAAAAAITA4, 50000, CAAAAAAAAAAAAAAAAAAAAAAAAAAAAAAAAAAAAAAAAAAAAAAAAAAAK3IM, 86400, "Invoice", [Services], []]

Writing test snapshot file for test "test_bid::test_get_all_bids_by_investor_cross_invoice" to "test_snapshots\\test_bid\\test_get_all_bids_by_investor_cross_invoice.1.json".

---- test_bid::test_cleanup_triggered_on_query_after_expiration stdout ----

thread 'test_bid::test_cleanup_triggered_on_query_after_expiration' (9204) panicked at C:\Users\ADMIN\.cargo\registry\src\index.crates.io-1949cf8c6b5b557f\soroban-env-host-25.0.1\src\host.rs:907:9:
HostError: Error(Contract, #1013)

Event log (newest first):
   0: [Diagnostic Event] topics:[error, Error(Contract, #1013)], data:"escalating error to panic"
   1: [Diagnostic Event] topics:[error, Error(Contract, #1013)], data:["contract call failed", store_invoice, [CAAAAAAAAAAAAAAAAAAAAAAAAAAAAAAAAAAAAAAAAAAAAAAAAAAAK3IM, 100000, CAAAAAAAAAAAAAAAAAAAAAAAAAAAAAAAAAAAAAAAAAAAAAAAAAAAMDR4, 86400, "Invoice", [Services], []]]
   2: [Failed Diagnostic Event (not emitted)] contract:CAAAAAAAAAAAAAAAAAAAAAAAAAAAAAAAAAAAAAAAAAAAAAAAAAAAD2KM, topics:[error, Error(Contract, #1013)], data:"escalating Ok(ScErrorType::Contract) frame-exit to Err"
   3: [Failed Diagnostic Event (not emitted)] contract:CAAAAAAAAAAAAAAAAAAAAAAAAAAAAAAAAAAAAAAAAAAAAAAAAAAAD2KM, topics:[fn_return, store_invoice], data:Error(Contract, #1013)
   4: [Diagnostic Event] topics:[fn_call, CAAAAAAAAAAAAAAAAAAAAAAAAAAAAAAAAAAAAAAAAAAAAAAAAAAAD2KM, store_invoice], data:[CAAAAAAAAAAAAAAAAAAAAAAAAAAAAAAAAAAAAAAAAAAAAAAAAAAAK3IM, 100000, CAAAAAAAAAAAAAAAAAAAAAAAAAAAAAAAAAAAAAAAAAAAAAAAAAAAMDR4, 86400, "Invoice", [Services], []]

Writing test snapshot file for test "test_bid::test_cleanup_triggered_on_query_after_expiration" to "test_snapshots\\test_bid\\test_cleanup_triggered_on_query_after_expiration.1.json".

---- test_bid::test_expiration_cleanup_isolated_per_invoice stdout ----

thread 'test_bid::test_expiration_cleanup_isolated_per_invoice' (25412) panicked at C:\Users\ADMIN\.cargo\registry\src\index.crates.io-1949cf8c6b5b557f\soroban-env-host-25.0.1\src\host.rs:907:9:
HostError: Error(Contract, #1013)

Event log (newest first):
   0: [Diagnostic Event] topics:[error, Error(Contract, #1013)], data:"escalating error to panic"
   1: [Diagnostic Event] topics:[error, Error(Contract, #1013)], data:["contract call failed", store_invoice, [CAAAAAAAAAAAAAAAAAAAAAAAAAAAAAAAAAAAAAAAAAAAAAAAAAAAITA4, 50000, CAAAAAAAAAAAAAAAAAAAAAAAAAAAAAAAAAAAAAAAAAAAAAAAAAAAK3IM, 86400, "Invoice", [Services], []]]
   2: [Failed Diagnostic Event (not emitted)] contract:CAAAAAAAAAAAAAAAAAAAAAAAAAAAAAAAAAAAAAAAAAAAAAAAAAAAD2KM, topics:[error, Error(Contract, #1013)], data:"escalating Ok(ScErrorType::Contract) frame-exit to Err"
   3: [Failed Diagnostic Event (not emitted)] contract:CAAAAAAAAAAAAAAAAAAAAAAAAAAAAAAAAAAAAAAAAAAAAAAAAAAAD2KM, topics:[fn_return, store_invoice], data:Error(Contract, #1013)
   4: [Diagnostic Event] topics:[fn_call, CAAAAAAAAAAAAAAAAAAAAAAAAAAAAAAAAAAAAAAAAAAAAAAAAAAAD2KM, store_invoice], data:[CAAAAAAAAAAAAAAAAAAAAAAAAAAAAAAAAAAAAAAAAAAAAAAAAAAAITA4, 50000, CAAAAAAAAAAAAAAAAAAAAAAAAAAAAAAAAAAAAAAAAAAAAAAAAAAAK3IM, 86400, "Invoice", [Services], []]

Writing test snapshot file for test "test_bid::test_expiration_cleanup_isolated_per_invoice" to "test_snapshots\\test_bid\\test_expiration_cleanup_isolated_per_invoice.1.json".

---- test_bid::test_expired_bids_removed_from_invoice_list stdout ----

thread 'test_bid::test_expired_bids_removed_from_invoice_list' (22860) panicked at C:\Users\ADMIN\.cargo\registry\src\index.crates.io-1949cf8c6b5b557f\soroban-env-host-25.0.1\src\host.rs:907:9:
HostError: Error(Contract, #1013)

Event log (newest first):
   0: [Diagnostic Event] topics:[error, Error(Contract, #1013)], data:"escalating error to panic"
   1: [Diagnostic Event] topics:[error, Error(Contract, #1013)], data:["contract call failed", store_invoice, [CAAAAAAAAAAAAAAAAAAAAAAAAAAAAAAAAAAAAAAAAAAAAAAAAAAAK3IM, 100000, CAAAAAAAAAAAAAAAAAAAAAAAAAAAAAAAAAAAAAAAAAAAAAAAAAAAMDR4, 86400, "Invoice", [Services], []]]
   2: [Failed Diagnostic Event (not emitted)] contract:CAAAAAAAAAAAAAAAAAAAAAAAAAAAAAAAAAAAAAAAAAAAAAAAAAAAD2KM, topics:[error, Error(Contract, #1013)], data:"escalating Ok(ScErrorType::Contract) frame-exit to Err"
   3: [Failed Diagnostic Event (not emitted)] contract:CAAAAAAAAAAAAAAAAAAAAAAAAAAAAAAAAAAAAAAAAAAAAAAAAAAAD2KM, topics:[fn_return, store_invoice], data:Error(Contract, #1013)
   4: [Diagnostic Event] topics:[fn_call, CAAAAAAAAAAAAAAAAAAAAAAAAAAAAAAAAAAAAAAAAAAAAAAAAAAAD2KM, store_invoice], data:[CAAAAAAAAAAAAAAAAAAAAAAAAAAAAAAAAAAAAAAAAAAAAAAAAAAAK3IM, 100000, CAAAAAAAAAAAAAAAAAAAAAAAAAAAAAAAAAAAAAAAAAAAAAAAAAAAMDR4, 86400, "Invoice", [Services], []]

Writing test snapshot file for test "test_bid::test_expired_bids_removed_from_invoice_list" to "test_snapshots\\test_bid\\test_expired_bids_removed_from_invoice_list.1.json".

---- test_bid::test_cleanup_expired_bids_returns_count stdout ----

thread 'test_bid::test_cleanup_expired_bids_returns_count' (10332) panicked at C:\Users\ADMIN\.cargo\registry\src\index.crates.io-1949cf8c6b5b557f\soroban-env-host-25.0.1\src\host.rs:907:9:
HostError: Error(Contract, #1013)

Event log (newest first):
   0: [Diagnostic Event] topics:[error, Error(Contract, #1013)], data:"escalating error to panic"
   1: [Diagnostic Event] topics:[error, Error(Contract, #1013)], data:["contract call failed", store_invoice, [CAAAAAAAAAAAAAAAAAAAAAAAAAAAAAAAAAAAAAAAAAAAAAAAAAAAMDR4, 100000, CAAAAAAAAAAAAAAAAAAAAAAAAAAAAAAAAAAAAAAAAAAAAAAAAAAAOLZM, 86400, "Invoice", [Services], []]]
   2: [Failed Diagnostic Event (not emitted)] contract:CAAAAAAAAAAAAAAAAAAAAAAAAAAAAAAAAAAAAAAAAAAAAAAAAAAAD2KM, topics:[error, Error(Contract, #1013)], data:"escalating Ok(ScErrorType::Contract) frame-exit to Err"
   3: [Failed Diagnostic Event (not emitted)] contract:CAAAAAAAAAAAAAAAAAAAAAAAAAAAAAAAAAAAAAAAAAAAAAAAAAAAD2KM, topics:[fn_return, store_invoice], data:Error(Contract, #1013)
   4: [Diagnostic Event] topics:[fn_call, CAAAAAAAAAAAAAAAAAAAAAAAAAAAAAAAAAAAAAAAAAAAAAAAAAAAD2KM, store_invoice], data:[CAAAAAAAAAAAAAAAAAAAAAAAAAAAAAAAAAAAAAAAAAAAAAAAAAAAMDR4, 100000, CAAAAAAAAAAAAAAAAAAAAAAAAAAAAAAAAAAAAAAAAAAAAAAAAAAAOLZM, 86400, "Invoice", [Services], []]

Writing test snapshot file for test "test_bid::test_cleanup_expired_bids_returns_count" to "test_snapshots\\test_bid\\test_cleanup_expired_bids_returns_count.1.json".

---- test_bid::test_get_best_bid_excludes_expired stdout ----

thread 'test_bid::test_get_best_bid_excludes_expired' (18516) panicked at C:\Users\ADMIN\.cargo\registry\src\index.crates.io-1949cf8c6b5b557f\soroban-env-host-25.0.1\src\host.rs:907:9:
HostError: Error(Contract, #1013)

Event log (newest first):
   0: [Diagnostic Event] topics:[error, Error(Contract, #1013)], data:"escalating error to panic"
   1: [Diagnostic Event] topics:[error, Error(Contract, #1013)], data:["contract call failed", store_invoice, [CAAAAAAAAAAAAAAAAAAAAAAAAAAAAAAAAAAAAAAAAAAAAAAAAAAAK3IM, 100000, CAAAAAAAAAAAAAAAAAAAAAAAAAAAAAAAAAAAAAAAAAAAAAAAAAAAMDR4, 86400, "Invoice", [Services], []]]
   2: [Failed Diagnostic Event (not emitted)] contract:CAAAAAAAAAAAAAAAAAAAAAAAAAAAAAAAAAAAAAAAAAAAAAAAAAAAD2KM, topics:[error, Error(Contract, #1013)], data:"escalating Ok(ScErrorType::Contract) frame-exit to Err"
   3: [Failed Diagnostic Event (not emitted)] contract:CAAAAAAAAAAAAAAAAAAAAAAAAAAAAAAAAAAAAAAAAAAAAAAAAAAAD2KM, topics:[fn_return, store_invoice], data:Error(Contract, #1013)
   4: [Diagnostic Event] topics:[fn_call, CAAAAAAAAAAAAAAAAAAAAAAAAAAAAAAAAAAAAAAAAAAAAAAAAAAAD2KM, store_invoice], data:[CAAAAAAAAAAAAAAAAAAAAAAAAAAAAAAAAAAAAAAAAAAAAAAAAAAAK3IM, 100000, CAAAAAAAAAAAAAAAAAAAAAAAAAAAAAAAAAAAAAAAAAAAAAAAAAAAMDR4, 86400, "Invoice", [Services], []]

Writing test snapshot file for test "test_bid::test_get_best_bid_excludes_expired" to "test_snapshots\\test_bid\\test_get_best_bid_excludes_expired.1.json".

---- test_bid::test_get_ranked_bids_excludes_expired stdout ----

thread 'test_bid::test_get_ranked_bids_excludes_expired' (15352) panicked at C:\Users\ADMIN\.cargo\registry\src\index.crates.io-1949cf8c6b5b557f\soroban-env-host-25.0.1\src\host.rs:907:9:
HostError: Error(Contract, #1013)

Event log (newest first):
   0: [Diagnostic Event] topics:[error, Error(Contract, #1013)], data:"escalating error to panic"
   1: [Diagnostic Event] topics:[error, Error(Contract, #1013)], data:["contract call failed", store_invoice, [CAAAAAAAAAAAAAAAAAAAAAAAAAAAAAAAAAAAAAAAAAAAAAAAAAAAMDR4, 100000, CAAAAAAAAAAAAAAAAAAAAAAAAAAAAAAAAAAAAAAAAAAAAAAAAAAAOLZM, 86400, "Invoice", [Services], []]]
   2: [Failed Diagnostic Event (not emitted)] contract:CAAAAAAAAAAAAAAAAAAAAAAAAAAAAAAAAAAAAAAAAAAAAAAAAAAAD2KM, topics:[error, Error(Contract, #1013)], data:"escalating Ok(ScErrorType::Contract) frame-exit to Err"
   3: [Failed Diagnostic Event (not emitted)] contract:CAAAAAAAAAAAAAAAAAAAAAAAAAAAAAAAAAAAAAAAAAAAAAAAAAAAD2KM, topics:[fn_return, store_invoice], data:Error(Contract, #1013)
   4: [Diagnostic Event] topics:[fn_call, CAAAAAAAAAAAAAAAAAAAAAAAAAAAAAAAAAAAAAAAAAAAAAAAAAAAD2KM, store_invoice], data:[CAAAAAAAAAAAAAAAAAAAAAAAAAAAAAAAAAAAAAAAAAAAAAAAAAAAMDR4, 100000, CAAAAAAAAAAAAAAAAAAAAAAAAAAAAAAAAAAAAAAAAAAAAAAAAAAAOLZM, 86400, "Invoice", [Services], []]

Writing test snapshot file for test "test_bid::test_get_ranked_bids_excludes_expired" to "test_snapshots\\test_bid\\test_get_ranked_bids_excludes_expired.1.json".

---- test_bid::test_get_bids_for_invoice_returns_all_bids stdout ----

thread 'test_bid::test_get_bids_for_invoice_returns_all_bids' (5612) panicked at C:\Users\ADMIN\.cargo\registry\src\index.crates.io-1949cf8c6b5b557f\soroban-env-host-25.0.1\src\host.rs:907:9:
HostError: Error(Contract, #1013)

Event log (newest first):
   0: [Diagnostic Event] topics:[error, Error(Contract, #1013)], data:"escalating error to panic"
   1: [Diagnostic Event] topics:[error, Error(Contract, #1013)], data:["contract call failed", store_invoice, [CAAAAAAAAAAAAAAAAAAAAAAAAAAAAAAAAAAAAAAAAAAAAAAAAAAAOLZM, 100000, CAAAAAAAAAAAAAAAAAAAAAAAAAAAAAAAAAAAAAAAAAAAAAAAAAAARQG5, 86400, "Invoice", [Services], []]]
   2: [Failed Diagnostic Event (not emitted)] contract:CAAAAAAAAAAAAAAAAAAAAAAAAAAAAAAAAAAAAAAAAAAAAAAAAAAAD2KM, topics:[error, Error(Contract, #1013)], data:"escalating Ok(ScErrorType::Contract) frame-exit to Err"
   3: [Failed Diagnostic Event (not emitted)] contract:CAAAAAAAAAAAAAAAAAAAAAAAAAAAAAAAAAAAAAAAAAAAAAAAAAAAD2KM, topics:[fn_return, store_invoice], data:Error(Contract, #1013)
   4: [Diagnostic Event] topics:[fn_call, CAAAAAAAAAAAAAAAAAAAAAAAAAAAAAAAAAAAAAAAAAAAAAAAAAAAD2KM, store_invoice], data:[CAAAAAAAAAAAAAAAAAAAAAAAAAAAAAAAAAAAAAAAAAAAAAAAAAAAOLZM, 100000, CAAAAAAAAAAAAAAAAAAAAAAAAAAAAAAAAAAAAAAAAAAAAAAAAAAARQG5, 86400, "Invoice", [Services], []]

Writing test snapshot file for test "test_bid::test_get_bids_for_invoice_returns_all_bids" to "test_snapshots\\test_bid\\test_get_bids_for_invoice_returns_all_bids.1.json".

---- test_bid::test_multiple_bids_indexing_and_query stdout ----

thread 'test_bid::test_multiple_bids_indexing_and_query' (9560) panicked at C:\Users\ADMIN\.cargo\registry\src\index.crates.io-1949cf8c6b5b557f\soroban-env-host-25.0.1\src\host.rs:907:9:
HostError: Error(Contract, #1013)

Event log (newest first):
   0: [Diagnostic Event] topics:[error, Error(Contract, #1013)], data:"escalating error to panic"
   1: [Diagnostic Event] topics:[error, Error(Contract, #1013)], data:["contract call failed", store_invoice, [CAAAAAAAAAAAAAAAAAAAAAAAAAAAAAAAAAAAAAAAAAAAAAAAAAAAMDR4, 100000, CAAAAAAAAAAAAAAAAAAAAAAAAAAAAAAAAAAAAAAAAAAAAAAAAAAAOLZM, 86400, "Invoice", [Services], []]]
   2: [Failed Diagnostic Event (not emitted)] contract:CAAAAAAAAAAAAAAAAAAAAAAAAAAAAAAAAAAAAAAAAAAAAAAAAAAAD2KM, topics:[error, Error(Contract, #1013)], data:"escalating Ok(ScErrorType::Contract) frame-exit to Err"
   3: [Failed Diagnostic Event (not emitted)] contract:CAAAAAAAAAAAAAAAAAAAAAAAAAAAAAAAAAAAAAAAAAAAAAAAAAAAD2KM, topics:[fn_return, store_invoice], data:Error(Contract, #1013)
   4: [Diagnostic Event] topics:[fn_call, CAAAAAAAAAAAAAAAAAAAAAAAAAAAAAAAAAAAAAAAAAAAAAAAAAAAD2KM, store_invoice], data:[CAAAAAAAAAAAAAAAAAAAAAAAAAAAAAAAAAAAAAAAAAAAAAAAAAAAMDR4, 100000, CAAAAAAAAAAAAAAAAAAAAAAAAAAAAAAAAAAAAAAAAAAAAAAAAAAAOLZM, 86400, "Invoice", [Services], []]

Writing test snapshot file for test "test_bid::test_multiple_bids_indexing_and_query" to "test_snapshots\\test_bid\\test_multiple_bids_indexing_and_query.1.json".

---- test_bid::test_non_accepted_investors_can_withdraw_after_acceptance stdout ----

thread 'test_bid::test_non_accepted_investors_can_withdraw_after_acceptance' (17636) panicked at C:\Users\ADMIN\.cargo\registry\src\index.crates.io-1949cf8c6b5b557f\soroban-env-host-25.0.1\src\host.rs:907:9:
HostError: Error(Contract, #1013)

Event log (newest first):
   0: [Diagnostic Event] topics:[error, Error(Contract, #1013)], data:"escalating error to panic"
   1: [Diagnostic Event] topics:[error, Error(Contract, #1013)], data:["contract call failed", store_invoice, [CAAAAAAAAAAAAAAAAAAAAAAAAAAAAAAAAAAAAAAAAAAAAAAAAAAAMDR4, 100000, CAAAAAAAAAAAAAAAAAAAAAAAAAAAAAAAAAAAAAAAAAAAAAAAAAAAOLZM, 86400, "Invoice", [Services], []]]
   2: [Failed Diagnostic Event (not emitted)] contract:CAAAAAAAAAAAAAAAAAAAAAAAAAAAAAAAAAAAAAAAAAAAAAAAAAAAD2KM, topics:[error, Error(Contract, #1013)], data:"escalating Ok(ScErrorType::Contract) frame-exit to Err"
   3: [Failed Diagnostic Event (not emitted)] contract:CAAAAAAAAAAAAAAAAAAAAAAAAAAAAAAAAAAAAAAAAAAAAAAAAAAAD2KM, topics:[fn_return, store_invoice], data:Error(Contract, #1013)
   4: [Diagnostic Event] topics:[fn_call, CAAAAAAAAAAAAAAAAAAAAAAAAAAAAAAAAAAAAAAAAAAAAAAAAAAAD2KM, store_invoice], data:[CAAAAAAAAAAAAAAAAAAAAAAAAAAAAAAAAAAAAAAAAAAAAAAAAAAAMDR4, 100000, CAAAAAAAAAAAAAAAAAAAAAAAAAAAAAAAAAAAAAAAAAAAAAAAAAAAOLZM, 86400, "Invoice", [Services], []]

Writing test snapshot file for test "test_bid::test_non_accepted_investors_can_withdraw_after_acceptance" to "test_snapshots\\test_bid\\test_non_accepted_investors_can_withdraw_after_acceptance.1.json".

---- test_bid::test_mixed_status_bids_only_placed_expire stdout ----

thread 'test_bid::test_mixed_status_bids_only_placed_expire' (18000) panicked at C:\Users\ADMIN\.cargo\registry\src\index.crates.io-1949cf8c6b5b557f\soroban-env-host-25.0.1\src\host.rs:907:9:
HostError: Error(Contract, #1013)

Event log (newest first):
   0: [Diagnostic Event] topics:[error, Error(Contract, #1013)], data:"escalating error to panic"
   1: [Diagnostic Event] topics:[error, Error(Contract, #1013)], data:["contract call failed", store_invoice, [CAAAAAAAAAAAAAAAAAAAAAAAAAAAAAAAAAAAAAAAAAAAAAAAAAAAOLZM, 100000, CAAAAAAAAAAAAAAAAAAAAAAAAAAAAAAAAAAAAAAAAAAAAAAAAAAARQG5, 86400, "Invoice", [Services], []]]
   2: [Failed Diagnostic Event (not emitted)] contract:CAAAAAAAAAAAAAAAAAAAAAAAAAAAAAAAAAAAAAAAAAAAAAAAAAAAD2KM, topics:[error, Error(Contract, #1013)], data:"escalating Ok(ScErrorType::Contract) frame-exit to Err"
   3: [Failed Diagnostic Event (not emitted)] contract:CAAAAAAAAAAAAAAAAAAAAAAAAAAAAAAAAAAAAAAAAAAAAAAAAAAAD2KM, topics:[fn_return, store_invoice], data:Error(Contract, #1013)
   4: [Diagnostic Event] topics:[fn_call, CAAAAAAAAAAAAAAAAAAAAAAAAAAAAAAAAAAAAAAAAAAAAAAAAAAAD2KM, store_invoice], data:[CAAAAAAAAAAAAAAAAAAAAAAAAAAAAAAAAAAAAAAAAAAAAAAAAAAAOLZM, 100000, CAAAAAAAAAAAAAAAAAAAAAAAAAAAAAAAAAAAAAAAAAAAAAAAAAAARQG5, 86400, "Invoice", [Services], []]

Writing test snapshot file for test "test_bid::test_mixed_status_bids_only_placed_expire" to "test_snapshots\\test_bid\\test_mixed_status_bids_only_placed_expire.1.json".

---- test_bid::test_only_one_escrow_created_for_accepted_bid stdout ----

thread 'test_bid::test_only_one_escrow_created_for_accepted_bid' (12624) panicked at C:\Users\ADMIN\.cargo\registry\src\index.crates.io-1949cf8c6b5b557f\soroban-env-host-25.0.1\src\host.rs:907:9:
HostError: Error(Contract, #1013)

Event log (newest first):
   0: [Diagnostic Event] topics:[error, Error(Contract, #1013)], data:"escalating error to panic"
   1: [Diagnostic Event] topics:[error, Error(Contract, #1013)], data:["contract call failed", store_invoice, [CAAAAAAAAAAAAAAAAAAAAAAAAAAAAAAAAAAAAAAAAAAAAAAAAAAAMDR4, 100000, CAAAAAAAAAAAAAAAAAAAAAAAAAAAAAAAAAAAAAAAAAAAAAAAAAAAOLZM, 86400, "Invoice", [Services], []]]
   2: [Failed Diagnostic Event (not emitted)] contract:CAAAAAAAAAAAAAAAAAAAAAAAAAAAAAAAAAAAAAAAAAAAAAAAAAAAD2KM, topics:[error, Error(Contract, #1013)], data:"escalating Ok(ScErrorType::Contract) frame-exit to Err"
   3: [Failed Diagnostic Event (not emitted)] contract:CAAAAAAAAAAAAAAAAAAAAAAAAAAAAAAAAAAAAAAAAAAAAAAAAAAAD2KM, topics:[fn_return, store_invoice], data:Error(Contract, #1013)
   4: [Diagnostic Event] topics:[fn_call, CAAAAAAAAAAAAAAAAAAAAAAAAAAAAAAAAAAAAAAAAAAAAAAAAAAAD2KM, store_invoice], data:[CAAAAAAAAAAAAAAAAAAAAAAAAAAAAAAAAAAAAAAAAAAAAAAAAAAAMDR4, 100000, CAAAAAAAAAAAAAAAAAAAAAAAAAAAAAAAAAAAAAAAAAAAAAAAAAAAOLZM, 86400, "Invoice", [Services], []]

Writing test snapshot file for test "test_bid::test_only_one_escrow_created_for_accepted_bid" to "test_snapshots\\test_bid\\test_only_one_escrow_created_for_accepted_bid.1.json".

---- test_bid::test_multiple_investors_place_bids_on_same_invoice stdout ----

thread 'test_bid::test_multiple_investors_place_bids_on_same_invoice' (27424) panicked at C:\Users\ADMIN\.cargo\registry\src\index.crates.io-1949cf8c6b5b557f\soroban-env-host-25.0.1\src\host.rs:907:9:
HostError: Error(Contract, #1013)

Event log (newest first):
   0: [Diagnostic Event] topics:[error, Error(Contract, #1013)], data:"escalating error to panic"
   1: [Diagnostic Event] topics:[error, Error(Contract, #1013)], data:["contract call failed", store_invoice, [CAAAAAAAAAAAAAAAAAAAAAAAAAAAAAAAAAAAAAAAAAAAAAAAAAAARQG5, 100000, CAAAAAAAAAAAAAAAAAAAAAAAAAAAAAAAAAAAAAAAAAAAAAAAAAAATYON, 86400, "Invoice", [Services], []]]
   2: [Failed Diagnostic Event (not emitted)] contract:CAAAAAAAAAAAAAAAAAAAAAAAAAAAAAAAAAAAAAAAAAAAAAAAAAAAD2KM, topics:[error, Error(Contract, #1013)], data:"escalating Ok(ScErrorType::Contract) frame-exit to Err"
   3: [Failed Diagnostic Event (not emitted)] contract:CAAAAAAAAAAAAAAAAAAAAAAAAAAAAAAAAAAAAAAAAAAAAAAAAAAAD2KM, topics:[fn_return, store_invoice], data:Error(Contract, #1013)
   4: [Diagnostic Event] topics:[fn_call, CAAAAAAAAAAAAAAAAAAAAAAAAAAAAAAAAAAAAAAAAAAAAAAAAAAAD2KM, store_invoice], data:[CAAAAAAAAAAAAAAAAAAAAAAAAAAAAAAAAAAAAAAAAAAAAAAAAAAARQG5, 100000, CAAAAAAAAAAAAAAAAAAAAAAAAAAAAAAAAAAAAAAAAAAAAAAAAAAATYON, 86400, "Invoice", [Services], []]

Writing test snapshot file for test "test_bid::test_multiple_investors_place_bids_on_same_invoice" to "test_snapshots\\test_bid\\test_multiple_investors_place_bids_on_same_invoice.1.json".

---- test_bid::test_place_bid_cleans_up_expired_before_placing stdout ----

thread 'test_bid::test_place_bid_cleans_up_expired_before_placing' (16232) panicked at C:\Users\ADMIN\.cargo\registry\src\index.crates.io-1949cf8c6b5b557f\soroban-env-host-25.0.1\src\host.rs:907:9:
HostError: Error(Contract, #1013)

Event log (newest first):
   0: [Diagnostic Event] topics:[error, Error(Contract, #1013)], data:"escalating error to panic"
   1: [Diagnostic Event] topics:[error, Error(Contract, #1013)], data:["contract call failed", store_invoice, [CAAAAAAAAAAAAAAAAAAAAAAAAAAAAAAAAAAAAAAAAAAAAAAAAAAAK3IM, 100000, CAAAAAAAAAAAAAAAAAAAAAAAAAAAAAAAAAAAAAAAAAAAAAAAAAAAMDR4, 86400, "Invoice", [Services], []]]
   2: [Failed Diagnostic Event (not emitted)] contract:CAAAAAAAAAAAAAAAAAAAAAAAAAAAAAAAAAAAAAAAAAAAAAAAAAAAD2KM, topics:[error, Error(Contract, #1013)], data:"escalating Ok(ScErrorType::Contract) frame-exit to Err"
   3: [Failed Diagnostic Event (not emitted)] contract:CAAAAAAAAAAAAAAAAAAAAAAAAAAAAAAAAAAAAAAAAAAAAAAAAAAAD2KM, topics:[fn_return, store_invoice], data:Error(Contract, #1013)
   4: [Diagnostic Event] topics:[fn_call, CAAAAAAAAAAAAAAAAAAAAAAAAAAAAAAAAAAAAAAAAAAAAAAAAAAAD2KM, store_invoice], data:[CAAAAAAAAAAAAAAAAAAAAAAAAAAAAAAAAAAAAAAAAAAAAAAAAAAAK3IM, 100000, CAAAAAAAAAAAAAAAAAAAAAAAAAAAAAAAAAAAAAAAAAAAAAAAAAAAMDR4, 86400, "Invoice", [Services], []]

Writing test snapshot file for test "test_bid::test_place_bid_cleans_up_expired_before_placing" to "test_snapshots\\test_bid\\test_place_bid_cleans_up_expired_before_placing.1.json".

---- test_bid::test_query_bids_by_investor stdout ----

thread 'test_bid::test_query_bids_by_investor' (22684) panicked at C:\Users\ADMIN\.cargo\registry\src\index.crates.io-1949cf8c6b5b557f\soroban-env-host-25.0.1\src\host.rs:907:9:
HostError: Error(Contract, #1013)

Event log (newest first):
   0: [Diagnostic Event] topics:[error, Error(Contract, #1013)], data:"escalating error to panic"
   1: [Diagnostic Event] topics:[error, Error(Contract, #1013)], data:["contract call failed", store_invoice, [CAAAAAAAAAAAAAAAAAAAAAAAAAAAAAAAAAAAAAAAAAAAAAAAAAAAK3IM, 100000, CAAAAAAAAAAAAAAAAAAAAAAAAAAAAAAAAAAAAAAAAAAAAAAAAAAAMDR4, 86400, "Invoice", [Services], []]]
   2: [Failed Diagnostic Event (not emitted)] contract:CAAAAAAAAAAAAAAAAAAAAAAAAAAAAAAAAAAAAAAAAAAAAAAAAAAAD2KM, topics:[error, Error(Contract, #1013)], data:"escalating Ok(ScErrorType::Contract) frame-exit to Err"
   3: [Failed Diagnostic Event (not emitted)] contract:CAAAAAAAAAAAAAAAAAAAAAAAAAAAAAAAAAAAAAAAAAAAAAAAAAAAD2KM, topics:[fn_return, store_invoice], data:Error(Contract, #1013)
   4: [Diagnostic Event] topics:[fn_call, CAAAAAAAAAAAAAAAAAAAAAAAAAAAAAAAAAAAAAAAAAAAAAAAAAAAD2KM, store_invoice], data:[CAAAAAAAAAAAAAAAAAAAAAAAAAAAAAAAAAAAAAAAAAAAAAAAAAAAK3IM, 100000, CAAAAAAAAAAAAAAAAAAAAAAAAAAAAAAAAAAAAAAAAAAAAAAAAAAAMDR4, 86400, "Invoice", [Services], []]

Writing test snapshot file for test "test_bid::test_query_bids_by_investor" to "test_snapshots\\test_bid\\test_query_bids_by_investor.1.json".

---- test_bid::test_partial_expiration_cleanup stdout ----

thread 'test_bid::test_partial_expiration_cleanup' (23252) panicked at C:\Users\ADMIN\.cargo\registry\src\index.crates.io-1949cf8c6b5b557f\soroban-env-host-25.0.1\src\host.rs:907:9:
HostError: Error(Contract, #1013)

Event log (newest first):
   0: [Diagnostic Event] topics:[error, Error(Contract, #1013)], data:"escalating error to panic"
   1: [Diagnostic Event] topics:[error, Error(Contract, #1013)], data:["contract call failed", store_invoice, [CAAAAAAAAAAAAAAAAAAAAAAAAAAAAAAAAAAAAAAAAAAAAAAAAAAAMDR4, 100000, CAAAAAAAAAAAAAAAAAAAAAAAAAAAAAAAAAAAAAAAAAAAAAAAAAAAOLZM, 86400, "Invoice", [Services], []]]
   2: [Failed Diagnostic Event (not emitted)] contract:CAAAAAAAAAAAAAAAAAAAAAAAAAAAAAAAAAAAAAAAAAAAAAAAAAAAD2KM, topics:[error, Error(Contract, #1013)], data:"escalating Ok(ScErrorType::Contract) frame-exit to Err"
   3: [Failed Diagnostic Event (not emitted)] contract:CAAAAAAAAAAAAAAAAAAAAAAAAAAAAAAAAAAAAAAAAAAAAAAAAAAAD2KM, topics:[fn_return, store_invoice], data:Error(Contract, #1013)
   4: [Diagnostic Event] topics:[fn_call, CAAAAAAAAAAAAAAAAAAAAAAAAAAAAAAAAAAAAAAAAAAAAAAAAAAAD2KM, store_invoice], data:[CAAAAAAAAAAAAAAAAAAAAAAAAAAAAAAAAAAAAAAAAAAAAAAAAAAAMDR4, 100000, CAAAAAAAAAAAAAAAAAAAAAAAAAAAAAAAAAAAAAAAAAAAAAAAAAAAOLZM, 86400, "Invoice", [Services], []]

Writing test snapshot file for test "test_bid::test_partial_expiration_cleanup" to "test_snapshots\\test_bid\\test_partial_expiration_cleanup.1.json".

---- test_bid::test_multiple_investors_bids_ranking_order stdout ----

thread 'test_bid::test_multiple_investors_bids_ranking_order' (23520) panicked at C:\Users\ADMIN\.cargo\registry\src\index.crates.io-1949cf8c6b5b557f\soroban-env-host-25.0.1\src\host.rs:907:9:
HostError: Error(Contract, #1013)

Event log (newest first):
   0: [Diagnostic Event] topics:[error, Error(Contract, #1013)], data:"escalating error to panic"
   1: [Diagnostic Event] topics:[error, Error(Contract, #1013)], data:["contract call failed", store_invoice, [CAAAAAAAAAAAAAAAAAAAAAAAAAAAAAAAAAAAAAAAAAAAAAAAAAAARQG5, 100000, CAAAAAAAAAAAAAAAAAAAAAAAAAAAAAAAAAAAAAAAAAAAAAAAAAAATYON, 86400, "Invoice", [Services], []]]
   2: [Failed Diagnostic Event (not emitted)] contract:CAAAAAAAAAAAAAAAAAAAAAAAAAAAAAAAAAAAAAAAAAAAAAAAAAAAD2KM, topics:[error, Error(Contract, #1013)], data:"escalating Ok(ScErrorType::Contract) frame-exit to Err"
   3: [Failed Diagnostic Event (not emitted)] contract:CAAAAAAAAAAAAAAAAAAAAAAAAAAAAAAAAAAAAAAAAAAAAAAAAAAAD2KM, topics:[fn_return, store_invoice], data:Error(Contract, #1013)
   4: [Diagnostic Event] topics:[fn_call, CAAAAAAAAAAAAAAAAAAAAAAAAAAAAAAAAAAAAAAAAAAAAAAAAAAAD2KM, store_invoice], data:[CAAAAAAAAAAAAAAAAAAAAAAAAAAAAAAAAAAAAAAAAAAAAAAAAAAARQG5, 100000, CAAAAAAAAAAAAAAAAAAAAAAAAAAAAAAAAAAAAAAAAAAAAAAAAAAATYON, 86400, "Invoice", [Services], []]

Writing test snapshot file for test "test_bid::test_multiple_investors_bids_ranking_order" to "test_snapshots\\test_bid\\test_multiple_investors_bids_ranking_order.1.json".

---- test_bid_queries::test_get_bids_for_invoice_empty stdout ----

thread 'test_bid_queries::test_get_bids_for_invoice_empty' (21836) panicked at C:\Users\ADMIN\.cargo\registry\src\index.crates.io-1949cf8c6b5b557f\soroban-env-host-25.0.1\src\host.rs:907:9:
HostError: Error(Contract, #1013)

Event log (newest first):
   0: [Diagnostic Event] topics:[error, Error(Contract, #1013)], data:"escalating error to panic"
   1: [Diagnostic Event] topics:[error, Error(Contract, #1013)], data:["contract call failed", store_invoice, [CAAAAAAAAAAAAAAAAAAAAAAAAAAAAAAAAAAAAAAAAAAAAAAAAAAAFCT4, 10000, CAAAAAAAAAAAAAAAAAAAAAAAAAAAAAAAAAAAAAAAAAAAAAAAAAAAHK3M, 86400, "Invoice", [Services], []]]
   2: [Failed Diagnostic Event (not emitted)] contract:CAAAAAAAAAAAAAAAAAAAAAAAAAAAAAAAAAAAAAAAAAAAAAAAAAAAD2KM, topics:[error, Error(Contract, #1013)], data:"escalating Ok(ScErrorType::Contract) frame-exit to Err"
   3: [Failed Diagnostic Event (not emitted)] contract:CAAAAAAAAAAAAAAAAAAAAAAAAAAAAAAAAAAAAAAAAAAAAAAAAAAAD2KM, topics:[fn_return, store_invoice], data:Error(Contract, #1013)
   4: [Diagnostic Event] topics:[fn_call, CAAAAAAAAAAAAAAAAAAAAAAAAAAAAAAAAAAAAAAAAAAAAAAAAAAAD2KM, store_invoice], data:[CAAAAAAAAAAAAAAAAAAAAAAAAAAAAAAAAAAAAAAAAAAAAAAAAAAAFCT4, 10000, CAAAAAAAAAAAAAAAAAAAAAAAAAAAAAAAAAAAAAAAAAAAAAAAAAAAHK3M, 86400, "Invoice", [Services], []]

Writing test snapshot file for test "test_bid_queries::test_get_bids_for_invoice_empty" to "test_snapshots\\test_bid_queries\\test_get_bids_for_invoice_empty.1.json".

---- test_bid_queries::test_get_bids_by_investor_empty stdout ----

thread 'test_bid_queries::test_get_bids_by_investor_empty' (11248) panicked at C:\Users\ADMIN\.cargo\registry\src\index.crates.io-1949cf8c6b5b557f\soroban-env-host-25.0.1\src\host.rs:907:9:
HostError: Error(Contract, #1013)

Event log (newest first):
   0: [Diagnostic Event] topics:[error, Error(Contract, #1013)], data:"escalating error to panic"
   1: [Diagnostic Event] topics:[error, Error(Contract, #1013)], data:["contract call failed", store_invoice, [CAAAAAAAAAAAAAAAAAAAAAAAAAAAAAAAAAAAAAAAAAAAAAAAAAAAFCT4, 10000, CAAAAAAAAAAAAAAAAAAAAAAAAAAAAAAAAAAAAAAAAAAAAAAAAAAAHK3M, 86400, "Invoice", [Services], []]]
   2: [Failed Diagnostic Event (not emitted)] contract:CAAAAAAAAAAAAAAAAAAAAAAAAAAAAAAAAAAAAAAAAAAAAAAAAAAAD2KM, topics:[error, Error(Contract, #1013)], data:"escalating Ok(ScErrorType::Contract) frame-exit to Err"
   3: [Failed Diagnostic Event (not emitted)] contract:CAAAAAAAAAAAAAAAAAAAAAAAAAAAAAAAAAAAAAAAAAAAAAAAAAAAD2KM, topics:[fn_return, store_invoice], data:Error(Contract, #1013)
   4: [Diagnostic Event] topics:[fn_call, CAAAAAAAAAAAAAAAAAAAAAAAAAAAAAAAAAAAAAAAAAAAAAAAAAAAD2KM, store_invoice], data:[CAAAAAAAAAAAAAAAAAAAAAAAAAAAAAAAAAAAAAAAAAAAAAAAAAAAFCT4, 10000, CAAAAAAAAAAAAAAAAAAAAAAAAAAAAAAAAAAAAAAAAAAAAAAAAAAAHK3M, 86400, "Invoice", [Services], []]

Writing test snapshot file for test "test_bid_queries::test_get_bids_by_investor_empty" to "test_snapshots\\test_bid_queries\\test_get_bids_by_investor_empty.1.json".

---- test_bid::test_updated_limit_enforced_in_bidding stdout ----

thread 'test_bid::test_updated_limit_enforced_in_bidding' (27612) panicked at C:\Users\ADMIN\.cargo\registry\src\index.crates.io-1949cf8c6b5b557f\soroban-env-host-25.0.1\src\host.rs:907:9:
HostError: Error(Contract, #1013)

Event log (newest first):
   0: [Diagnostic Event] topics:[error, Error(Contract, #1013)], data:"escalating error to panic"
   1: [Diagnostic Event] topics:[error, Error(Contract, #1013)], data:["contract call failed", store_invoice, [CAAAAAAAAAAAAAAAAAAAAAAAAAAAAAAAAAAAAAAAAAAAAAAAAAAAITA4, 50000, CAAAAAAAAAAAAAAAAAAAAAAAAAAAAAAAAAAAAAAAAAAAAAAAAAAAK3IM, 86400, "Invoice", [Services], []]]
   2: [Failed Diagnostic Event (not emitted)] contract:CAAAAAAAAAAAAAAAAAAAAAAAAAAAAAAAAAAAAAAAAAAAAAAAAAAAD2KM, topics:[error, Error(Contract, #1013)], data:"escalating Ok(ScErrorType::Contract) frame-exit to Err"
   3: [Failed Diagnostic Event (not emitted)] contract:CAAAAAAAAAAAAAAAAAAAAAAAAAAAAAAAAAAAAAAAAAAAAAAAAAAAD2KM, topics:[fn_return, store_invoice], data:Error(Contract, #1013)
   4: [Diagnostic Event] topics:[fn_call, CAAAAAAAAAAAAAAAAAAAAAAAAAAAAAAAAAAAAAAAAAAAAAAAAAAAD2KM, store_invoice], data:[CAAAAAAAAAAAAAAAAAAAAAAAAAAAAAAAAAAAAAAAAAAAAAAAAAAAITA4, 50000, CAAAAAAAAAAAAAAAAAAAAAAAAAAAAAAAAAAAAAAAAAAAAAAAAAAAK3IM, 86400, "Invoice", [Services], []]

Writing test snapshot file for test "test_bid::test_updated_limit_enforced_in_bidding" to "test_snapshots\\test_bid\\test_updated_limit_enforced_in_bidding.1.json".

---- test_bid_queries::test_get_all_bids_by_investor_empty_and_multiple stdout ----

thread 'test_bid_queries::test_get_all_bids_by_investor_empty_and_multiple' (10012) panicked at C:\Users\ADMIN\.cargo\registry\src\index.crates.io-1949cf8c6b5b557f\soroban-env-host-25.0.1\src\host.rs:907:9:
HostError: Error(Contract, #1013)

Event log (newest first):
   0: [Diagnostic Event] topics:[error, Error(Contract, #1013)], data:"escalating error to panic"
   1: [Diagnostic Event] topics:[error, Error(Contract, #1013)], data:["contract call failed", store_invoice, [CAAAAAAAAAAAAAAAAAAAAAAAAAAAAAAAAAAAAAAAAAAAAAAAAAAAITA4, 10000, CAAAAAAAAAAAAAAAAAAAAAAAAAAAAAAAAAAAAAAAAAAAAAAAAAAAK3IM, 86400, "Invoice", [Services], []]]
   2: [Failed Diagnostic Event (not emitted)] contract:CAAAAAAAAAAAAAAAAAAAAAAAAAAAAAAAAAAAAAAAAAAAAAAAAAAAD2KM, topics:[error, Error(Contract, #1013)], data:"escalating Ok(ScErrorType::Contract) frame-exit to Err"
   3: [Failed Diagnostic Event (not emitted)] contract:CAAAAAAAAAAAAAAAAAAAAAAAAAAAAAAAAAAAAAAAAAAAAAAAAAAAD2KM, topics:[fn_return, store_invoice], data:Error(Contract, #1013)
   4: [Diagnostic Event] topics:[fn_call, CAAAAAAAAAAAAAAAAAAAAAAAAAAAAAAAAAAAAAAAAAAAAAAAAAAAD2KM, store_invoice], data:[CAAAAAAAAAAAAAAAAAAAAAAAAAAAAAAAAAAAAAAAAAAAAAAAAAAAITA4, 10000, CAAAAAAAAAAAAAAAAAAAAAAAAAAAAAAAAAAAAAAAAAAAAAAAAAAAK3IM, 86400, "Invoice", [Services], []]

Writing test snapshot file for test "test_bid_queries::test_get_all_bids_by_investor_empty_and_multiple" to "test_snapshots\\test_bid_queries\\test_get_all_bids_by_investor_empty_and_multiple.1.json".

---- test_bid::test_ranking_after_all_bids_expire stdout ----

thread 'test_bid::test_ranking_after_all_bids_expire' (28560) panicked at C:\Users\ADMIN\.cargo\registry\src\index.crates.io-1949cf8c6b5b557f\soroban-env-host-25.0.1\src\host.rs:907:9:
HostError: Error(Contract, #1013)

Event log (newest first):
   0: [Diagnostic Event] topics:[error, Error(Contract, #1013)], data:"escalating error to panic"
   1: [Diagnostic Event] topics:[error, Error(Contract, #1013)], data:["contract call failed", store_invoice, [CAAAAAAAAAAAAAAAAAAAAAAAAAAAAAAAAAAAAAAAAAAAAAAAAAAAMDR4, 100000, CAAAAAAAAAAAAAAAAAAAAAAAAAAAAAAAAAAAAAAAAAAAAAAAAAAAOLZM, 86400, "Invoice", [Services], []]]
   2: [Failed Diagnostic Event (not emitted)] contract:CAAAAAAAAAAAAAAAAAAAAAAAAAAAAAAAAAAAAAAAAAAAAAAAAAAAD2KM, topics:[error, Error(Contract, #1013)], data:"escalating Ok(ScErrorType::Contract) frame-exit to Err"
   3: [Failed Diagnostic Event (not emitted)] contract:CAAAAAAAAAAAAAAAAAAAAAAAAAAAAAAAAAAAAAAAAAAAAAAAAAAAD2KM, topics:[fn_return, store_invoice], data:Error(Contract, #1013)
   4: [Diagnostic Event] topics:[fn_call, CAAAAAAAAAAAAAAAAAAAAAAAAAAAAAAAAAAAAAAAAAAAAAAAAAAAD2KM, store_invoice], data:[CAAAAAAAAAAAAAAAAAAAAAAAAAAAAAAAAAAAAAAAAAAAAAAAAAAAMDR4, 100000, CAAAAAAAAAAAAAAAAAAAAAAAAAAAAAAAAAAAAAAAAAAAAAAAAAAAOLZM, 86400, "Invoice", [Services], []]

Writing test snapshot file for test "test_bid::test_ranking_after_all_bids_expire" to "test_snapshots\\test_bid\\test_ranking_after_all_bids_expire.1.json".

---- test_bid_queries::test_get_bids_by_status_isolated stdout ----

thread 'test_bid_queries::test_get_bids_by_status_isolated' (11624) panicked at C:\Users\ADMIN\.cargo\registry\src\index.crates.io-1949cf8c6b5b557f\soroban-env-host-25.0.1\src\host.rs:907:9:
HostError: Error(Contract, #1013)

Event log (newest first):
   0: [Diagnostic Event] topics:[error, Error(Contract, #1013)], data:"escalating error to panic"
   1: [Diagnostic Event] topics:[error, Error(Contract, #1013)], data:["contract call failed", store_invoice, [CAAAAAAAAAAAAAAAAAAAAAAAAAAAAAAAAAAAAAAAAAAAAAAAAAAAITA4, 10000, CAAAAAAAAAAAAAAAAAAAAAAAAAAAAAAAAAAAAAAAAAAAAAAAAAAAK3IM, 86400, "Invoice", [Services], []]]
   2: [Failed Diagnostic Event (not emitted)] contract:CAAAAAAAAAAAAAAAAAAAAAAAAAAAAAAAAAAAAAAAAAAAAAAAAAAAD2KM, topics:[error, Error(Contract, #1013)], data:"escalating Ok(ScErrorType::Contract) frame-exit to Err"
   3: [Failed Diagnostic Event (not emitted)] contract:CAAAAAAAAAAAAAAAAAAAAAAAAAAAAAAAAAAAAAAAAAAAAAAAAAAAD2KM, topics:[fn_return, store_invoice], data:Error(Contract, #1013)
   4: [Diagnostic Event] topics:[fn_call, CAAAAAAAAAAAAAAAAAAAAAAAAAAAAAAAAAAAAAAAAAAAAAAAAAAAD2KM, store_invoice], data:[CAAAAAAAAAAAAAAAAAAAAAAAAAAAAAAAAAAAAAAAAAAAAAAAAAAAITA4, 10000, CAAAAAAAAAAAAAAAAAAAAAAAAAAAAAAAAAAAAAAAAAAAAAAAAAAAK3IM, 86400, "Invoice", [Services], []]

Writing test snapshot file for test "test_bid_queries::test_get_bids_by_status_isolated" to "test_snapshots\\test_bid_queries\\test_get_bids_by_status_isolated.1.json".

---- test_bid::test_withdrawn_bids_not_affected_by_expiration stdout ----

thread 'test_bid::test_withdrawn_bids_not_affected_by_expiration' (7244) panicked at C:\Users\ADMIN\.cargo\registry\src\index.crates.io-1949cf8c6b5b557f\soroban-env-host-25.0.1\src\host.rs:907:9:
HostError: Error(Contract, #1013)

Event log (newest first):
   0: [Diagnostic Event] topics:[error, Error(Contract, #1013)], data:"escalating error to panic"
   1: [Diagnostic Event] topics:[error, Error(Contract, #1013)], data:["contract call failed", store_invoice, [CAAAAAAAAAAAAAAAAAAAAAAAAAAAAAAAAAAAAAAAAAAAAAAAAAAAK3IM, 100000, CAAAAAAAAAAAAAAAAAAAAAAAAAAAAAAAAAAAAAAAAAAAAAAAAAAAMDR4, 86400, "Invoice", [Services], []]]
   2: [Failed Diagnostic Event (not emitted)] contract:CAAAAAAAAAAAAAAAAAAAAAAAAAAAAAAAAAAAAAAAAAAAAAAAAAAAD2KM, topics:[error, Error(Contract, #1013)], data:"escalating Ok(ScErrorType::Contract) frame-exit to Err"
   3: [Failed Diagnostic Event (not emitted)] contract:CAAAAAAAAAAAAAAAAAAAAAAAAAAAAAAAAAAAAAAAAAAAAAAAAAAAD2KM, topics:[fn_return, store_invoice], data:Error(Contract, #1013)
   4: [Diagnostic Event] topics:[fn_call, CAAAAAAAAAAAAAAAAAAAAAAAAAAAAAAAAAAAAAAAAAAAAAAAAAAAD2KM, store_invoice], data:[CAAAAAAAAAAAAAAAAAAAAAAAAAAAAAAAAAAAAAAAAAAAAAAAAAAAK3IM, 100000, CAAAAAAAAAAAAAAAAAAAAAAAAAAAAAAAAAAAAAAAAAAAAAAAAAAAMDR4, 86400, "Invoice", [Services], []]

Writing test snapshot file for test "test_bid::test_withdrawn_bids_not_affected_by_expiration" to "test_snapshots\\test_bid\\test_withdrawn_bids_not_affected_by_expiration.1.json".

---- test_bid_queries::test_get_bids_for_invoice_multiple_all_statuses stdout ----

thread 'test_bid_queries::test_get_bids_for_invoice_multiple_all_statuses' (23052) panicked at C:\Users\ADMIN\.cargo\registry\src\index.crates.io-1949cf8c6b5b557f\soroban-env-host-25.0.1\src\host.rs:907:9:
HostError: Error(Contract, #1013)

Event log (newest first):
   0: [Diagnostic Event] topics:[error, Error(Contract, #1013)], data:"escalating error to panic"
   1: [Diagnostic Event] topics:[error, Error(Contract, #1013)], data:["contract call failed", store_invoice, [CAAAAAAAAAAAAAAAAAAAAAAAAAAAAAAAAAAAAAAAAAAAAAAAAAAAITA4, 10000, CAAAAAAAAAAAAAAAAAAAAAAAAAAAAAAAAAAAAAAAAAAAAAAAAAAAK3IM, 86400, "Invoice", [Services], []]]
   2: [Failed Diagnostic Event (not emitted)] contract:CAAAAAAAAAAAAAAAAAAAAAAAAAAAAAAAAAAAAAAAAAAAAAAAAAAAD2KM, topics:[error, Error(Contract, #1013)], data:"escalating Ok(ScErrorType::Contract) frame-exit to Err"
   3: [Failed Diagnostic Event (not emitted)] contract:CAAAAAAAAAAAAAAAAAAAAAAAAAAAAAAAAAAAAAAAAAAAAAAAAAAAD2KM, topics:[fn_return, store_invoice], data:Error(Contract, #1013)
   4: [Diagnostic Event] topics:[fn_call, CAAAAAAAAAAAAAAAAAAAAAAAAAAAAAAAAAAAAAAAAAAAAAAAAAAAD2KM, store_invoice], data:[CAAAAAAAAAAAAAAAAAAAAAAAAAAAAAAAAAAAAAAAAAAAAAAAAAAAITA4, 10000, CAAAAAAAAAAAAAAAAAAAAAAAAAAAAAAAAAAAAAAAAAAAAAAAAAAAK3IM, 86400, "Invoice", [Services], []]

Writing test snapshot file for test "test_bid_queries::test_get_bids_for_invoice_multiple_all_statuses" to "test_snapshots\\test_bid_queries\\test_get_bids_for_invoice_multiple_all_statuses.1.json".

---- test_bid_ranking::test_best_bid_excludes_expired stdout ----

thread 'test_bid_ranking::test_best_bid_excludes_expired' (4364) panicked at C:\Users\ADMIN\.cargo\registry\src\index.crates.io-1949cf8c6b5b557f\soroban-env-host-25.0.1\src\host.rs:907:9:
HostError: Error(Contract, #1013)

Event log (newest first):
   0: [Diagnostic Event] topics:[error, Error(Contract, #1013)], data:"escalating error to panic"
   1: [Diagnostic Event] topics:[error, Error(Contract, #1013)], data:["contract call failed", store_invoice, [CAAAAAAAAAAAAAAAAAAAAAAAAAAAAAAAAAAAAAAAAAAAAAAAAAAAHK3M, 10000, CAAAAAAAAAAAAAAAAAAAAAAAAAAAAAAAAAAAAAAAAAAAAAAAAAAAK3IM, 86400, "Invoice", [Services], []]]
   2: [Failed Diagnostic Event (not emitted)] contract:CAAAAAAAAAAAAAAAAAAAAAAAAAAAAAAAAAAAAAAAAAAAAAAAAAAAD2KM, topics:[error, Error(Contract, #1013)], data:"escalating Ok(ScErrorType::Contract) frame-exit to Err"
   3: [Failed Diagnostic Event (not emitted)] contract:CAAAAAAAAAAAAAAAAAAAAAAAAAAAAAAAAAAAAAAAAAAAAAAAAAAAD2KM, topics:[fn_return, store_invoice], data:Error(Contract, #1013)
   4: [Diagnostic Event] topics:[fn_call, CAAAAAAAAAAAAAAAAAAAAAAAAAAAAAAAAAAAAAAAAAAAAAAAAAAAD2KM, store_invoice], data:[CAAAAAAAAAAAAAAAAAAAAAAAAAAAAAAAAAAAAAAAAAAAAAAAAAAAHK3M, 10000, CAAAAAAAAAAAAAAAAAAAAAAAAAAAAAAAAAAAAAAAAAAAAAAAAAAAK3IM, 86400, "Invoice", [Services], []]

Writing test snapshot file for test "test_bid_ranking::test_best_bid_excludes_expired" to "test_snapshots\\test_bid_ranking\\test_best_bid_excludes_expired.1.json".

---- test_bid_queries::test_get_bids_by_investor_multiple stdout ----

thread 'test_bid_queries::test_get_bids_by_investor_multiple' (5088) panicked at C:\Users\ADMIN\.cargo\registry\src\index.crates.io-1949cf8c6b5b557f\soroban-env-host-25.0.1\src\host.rs:907:9:
HostError: Error(Contract, #1013)

Event log (newest first):
   0: [Diagnostic Event] topics:[error, Error(Contract, #1013)], data:"escalating error to panic"
   1: [Diagnostic Event] topics:[error, Error(Contract, #1013)], data:["contract call failed", store_invoice, [CAAAAAAAAAAAAAAAAAAAAAAAAAAAAAAAAAAAAAAAAAAAAAAAAAAAK3IM, 10000, CAAAAAAAAAAAAAAAAAAAAAAAAAAAAAAAAAAAAAAAAAAAAAAAAAAAMDR4, 86400, "Invoice", [Services], []]]
   2: [Failed Diagnostic Event (not emitted)] contract:CAAAAAAAAAAAAAAAAAAAAAAAAAAAAAAAAAAAAAAAAAAAAAAAAAAAD2KM, topics:[error, Error(Contract, #1013)], data:"escalating Ok(ScErrorType::Contract) frame-exit to Err"
   3: [Failed Diagnostic Event (not emitted)] contract:CAAAAAAAAAAAAAAAAAAAAAAAAAAAAAAAAAAAAAAAAAAAAAAAAAAAD2KM, topics:[fn_return, store_invoice], data:Error(Contract, #1013)
   4: [Diagnostic Event] topics:[fn_call, CAAAAAAAAAAAAAAAAAAAAAAAAAAAAAAAAAAAAAAAAAAAAAAAAAAAD2KM, store_invoice], data:[CAAAAAAAAAAAAAAAAAAAAAAAAAAAAAAAAAAAAAAAAAAAAAAAAAAAK3IM, 10000, CAAAAAAAAAAAAAAAAAAAAAAAAAAAAAAAAAAAAAAAAAAAAAAAAAAAMDR4, 86400, "Invoice", [Services], []]

Writing test snapshot file for test "test_bid_queries::test_get_bids_by_investor_multiple" to "test_snapshots\\test_bid_queries\\test_get_bids_by_investor_multiple.1.json".

---- test_bid_ranking::test_best_bid_excludes_withdrawn stdout ----

thread 'test_bid_ranking::test_best_bid_excludes_withdrawn' (23812) panicked at C:\Users\ADMIN\.cargo\registry\src\index.crates.io-1949cf8c6b5b557f\soroban-env-host-25.0.1\src\host.rs:907:9:
HostError: Error(Contract, #1013)

Event log (newest first):
   0: [Diagnostic Event] topics:[error, Error(Contract, #1013)], data:"escalating error to panic"
   1: [Diagnostic Event] topics:[error, Error(Contract, #1013)], data:["contract call failed", store_invoice, [CAAAAAAAAAAAAAAAAAAAAAAAAAAAAAAAAAAAAAAAAAAAAAAAAAAAHK3M, 10000, CAAAAAAAAAAAAAAAAAAAAAAAAAAAAAAAAAAAAAAAAAAAAAAAAAAAMDR4, 86400, "Invoice", [Services], []]]
   2: [Failed Diagnostic Event (not emitted)] contract:CAAAAAAAAAAAAAAAAAAAAAAAAAAAAAAAAAAAAAAAAAAAAAAAAAAAD2KM, topics:[error, Error(Contract, #1013)], data:"escalating Ok(ScErrorType::Contract) frame-exit to Err"
   3: [Failed Diagnostic Event (not emitted)] contract:CAAAAAAAAAAAAAAAAAAAAAAAAAAAAAAAAAAAAAAAAAAAAAAAAAAAD2KM, topics:[fn_return, store_invoice], data:Error(Contract, #1013)
   4: [Diagnostic Event] topics:[fn_call, CAAAAAAAAAAAAAAAAAAAAAAAAAAAAAAAAAAAAAAAAAAAAAAAAAAAD2KM, store_invoice], data:[CAAAAAAAAAAAAAAAAAAAAAAAAAAAAAAAAAAAAAAAAAAAAAAAAAAAHK3M, 10000, CAAAAAAAAAAAAAAAAAAAAAAAAAAAAAAAAAAAAAAAAAAAAAAAAAAAMDR4, 86400, "Invoice", [Services], []]

Writing test snapshot file for test "test_bid_ranking::test_best_bid_excludes_withdrawn" to "test_snapshots\\test_bid_ranking\\test_best_bid_excludes_withdrawn.1.json".

---- test_bid_ranking::test_best_bid_after_withdrawal stdout ----

thread 'test_bid_ranking::test_best_bid_after_withdrawal' (27168) panicked at C:\Users\ADMIN\.cargo\registry\src\index.crates.io-1949cf8c6b5b557f\soroban-env-host-25.0.1\src\host.rs:907:9:
HostError: Error(Contract, #1013)

Event log (newest first):
   0: [Diagnostic Event] topics:[error, Error(Contract, #1013)], data:"escalating error to panic"
   1: [Diagnostic Event] topics:[error, Error(Contract, #1013)], data:["contract call failed", store_invoice, [CAAAAAAAAAAAAAAAAAAAAAAAAAAAAAAAAAAAAAAAAAAAAAAAAAAAHK3M, 10000, CAAAAAAAAAAAAAAAAAAAAAAAAAAAAAAAAAAAAAAAAAAAAAAAAAAAMDR4, 86400, "Invoice", [Services], []]]
   2: [Failed Diagnostic Event (not emitted)] contract:CAAAAAAAAAAAAAAAAAAAAAAAAAAAAAAAAAAAAAAAAAAAAAAAAAAAD2KM, topics:[error, Error(Contract, #1013)], data:"escalating Ok(ScErrorType::Contract) frame-exit to Err"
   3: [Failed Diagnostic Event (not emitted)] contract:CAAAAAAAAAAAAAAAAAAAAAAAAAAAAAAAAAAAAAAAAAAAAAAAAAAAD2KM, topics:[fn_return, store_invoice], data:Error(Contract, #1013)
   4: [Diagnostic Event] topics:[fn_call, CAAAAAAAAAAAAAAAAAAAAAAAAAAAAAAAAAAAAAAAAAAAAAAAAAAAD2KM, store_invoice], data:[CAAAAAAAAAAAAAAAAAAAAAAAAAAAAAAAAAAAAAAAAAAAAAAAAAAAHK3M, 10000, CAAAAAAAAAAAAAAAAAAAAAAAAAAAAAAAAAAAAAAAAAAAAAAAAAAAMDR4, 86400, "Invoice", [Services], []]

Writing test snapshot file for test "test_bid_ranking::test_best_bid_after_withdrawal" to "test_snapshots\\test_bid_ranking\\test_best_bid_after_withdrawal.1.json".

---- test_bid_ranking::test_equal_bids_tie_break_by_timestamp stdout ----

thread 'test_bid_ranking::test_equal_bids_tie_break_by_timestamp' (17624) panicked at C:\Users\ADMIN\.cargo\registry\src\index.crates.io-1949cf8c6b5b557f\soroban-env-host-25.0.1\src\host.rs:907:9:
HostError: Error(Contract, #1013)

Event log (newest first):
   0: [Diagnostic Event] topics:[error, Error(Contract, #1013)], data:"escalating error to panic"
   1: [Diagnostic Event] topics:[error, Error(Contract, #1013)], data:["contract call failed", store_invoice, [CAAAAAAAAAAAAAAAAAAAAAAAAAAAAAAAAAAAAAAAAAAAAAAAAAAAHK3M, 10000, CAAAAAAAAAAAAAAAAAAAAAAAAAAAAAAAAAAAAAAAAAAAAAAAAAAAMDR4, 86400, "Invoice", [Services], []]]
   2: [Failed Diagnostic Event (not emitted)] contract:CAAAAAAAAAAAAAAAAAAAAAAAAAAAAAAAAAAAAAAAAAAAAAAAAAAAD2KM, topics:[error, Error(Contract, #1013)], data:"escalating Ok(ScErrorType::Contract) frame-exit to Err"
   3: [Failed Diagnostic Event (not emitted)] contract:CAAAAAAAAAAAAAAAAAAAAAAAAAAAAAAAAAAAAAAAAAAAAAAAAAAAD2KM, topics:[fn_return, store_invoice], data:Error(Contract, #1013)
   4: [Diagnostic Event] topics:[fn_call, CAAAAAAAAAAAAAAAAAAAAAAAAAAAAAAAAAAAAAAAAAAAAAAAAAAAD2KM, store_invoice], data:[CAAAAAAAAAAAAAAAAAAAAAAAAAAAAAAAAAAAAAAAAAAAAAAAAAAAHK3M, 10000, CAAAAAAAAAAAAAAAAAAAAAAAAAAAAAAAAAAAAAAAAAAAAAAAAAAAMDR4, 86400, "Invoice", [Services], []]

Writing test snapshot file for test "test_bid_ranking::test_equal_bids_tie_break_by_timestamp" to "test_snapshots\\test_bid_ranking\\test_equal_bids_tie_break_by_timestamp.1.json".

---- test_bid_ranking::test_single_bid_ranking_and_best_selection stdout ----

thread 'test_bid_ranking::test_single_bid_ranking_and_best_selection' (9348) panicked at C:\Users\ADMIN\.cargo\registry\src\index.crates.io-1949cf8c6b5b557f\soroban-env-host-25.0.1\src\host.rs:907:9:
HostError: Error(Contract, #1013)

Event log (newest first):
   0: [Diagnostic Event] topics:[error, Error(Contract, #1013)], data:"escalating error to panic"
   1: [Diagnostic Event] topics:[error, Error(Contract, #1013)], data:["contract call failed", store_invoice, [CAAAAAAAAAAAAAAAAAAAAAAAAAAAAAAAAAAAAAAAAAAAAAAAAAAAHK3M, 10000, CAAAAAAAAAAAAAAAAAAAAAAAAAAAAAAAAAAAAAAAAAAAAAAAAAAAK3IM, 86400, "Invoice", [Services], []]]
   2: [Failed Diagnostic Event (not emitted)] contract:CAAAAAAAAAAAAAAAAAAAAAAAAAAAAAAAAAAAAAAAAAAAAAAAAAAAD2KM, topics:[error, Error(Contract, #1013)], data:"escalating Ok(ScErrorType::Contract) frame-exit to Err"
   3: [Failed Diagnostic Event (not emitted)] contract:CAAAAAAAAAAAAAAAAAAAAAAAAAAAAAAAAAAAAAAAAAAAAAAAAAAAD2KM, topics:[fn_return, store_invoice], data:Error(Contract, #1013)
   4: [Diagnostic Event] topics:[fn_call, CAAAAAAAAAAAAAAAAAAAAAAAAAAAAAAAAAAAAAAAAAAAAAAAAAAAD2KM, store_invoice], data:[CAAAAAAAAAAAAAAAAAAAAAAAAAAAAAAAAAAAAAAAAAAAAAAAAAAAHK3M, 10000, CAAAAAAAAAAAAAAAAAAAAAAAAAAAAAAAAAAAAAAAAAAAAAAAAAAAK3IM, 86400, "Invoice", [Services], []]

Writing test snapshot file for test "test_bid_ranking::test_single_bid_ranking_and_best_selection" to "test_snapshots\\test_bid_ranking\\test_single_bid_ranking_and_best_selection.1.json".

---- test_currency::test_bid_on_invoice_with_non_whitelisted_currency_fails_when_whitelist_set stdout ----

thread 'test_currency::test_bid_on_invoice_with_non_whitelisted_currency_fails_when_whitelist_set' (14704) panicked at C:\Users\ADMIN\.cargo\registry\src\index.crates.io-1949cf8c6b5b557f\soroban-env-host-25.0.1\src\host.rs:907:9:
HostError: Error(Contract, #1013)

Event log (newest first):
   0: [Diagnostic Event] topics:[error, Error(Contract, #1013)], data:"escalating error to panic"
   1: [Diagnostic Event] topics:[error, Error(Contract, #1013)], data:["contract call failed", store_invoice, [CAAAAAAAAAAAAAAAAAAAAAAAAAAAAAAAAAAAAAAAAAAAAAAAAAAAK3IM, 1000, CAAAAAAAAAAAAAAAAAAAAAAAAAAAAAAAAAAAAAAAAAAAAAAAAAAAHK3M, 86400, "Desc", [Services], []]]
   2: [Failed Diagnostic Event (not emitted)] contract:CAAAAAAAAAAAAAAAAAAAAAAAAAAAAAAAAAAAAAAAAAAAAAAAAAAAD2KM, topics:[error, Error(Contract, #1013)], data:"escalating Ok(ScErrorType::Contract) frame-exit to Err"
   3: [Failed Diagnostic Event (not emitted)] contract:CAAAAAAAAAAAAAAAAAAAAAAAAAAAAAAAAAAAAAAAAAAAAAAAAAAAD2KM, topics:[fn_return, store_invoice], data:Error(Contract, #1013)
   4: [Diagnostic Event] topics:[fn_call, CAAAAAAAAAAAAAAAAAAAAAAAAAAAAAAAAAAAAAAAAAAAAAAAAAAAD2KM, store_invoice], data:[CAAAAAAAAAAAAAAAAAAAAAAAAAAAAAAAAAAAAAAAAAAAAAAAAAAAK3IM, 1000, CAAAAAAAAAAAAAAAAAAAAAAAAAAAAAAAAAAAAAAAAAAAAAAAAAAAHK3M, 86400, "Desc", [Services], []]

Writing test snapshot file for test "test_currency::test_bid_on_invoice_with_non_whitelisted_currency_fails_when_whitelist_set" to "test_snapshots\\test_currency\\test_bid_on_invoice_with_non_whitelisted_currency_fails_when_whitelist_set.1.json".

---- test_bid_ranking::test_best_bid_equals_first_ranked stdout ----

thread 'test_bid_ranking::test_best_bid_equals_first_ranked' (1928) panicked at C:\Users\ADMIN\.cargo\registry\src\index.crates.io-1949cf8c6b5b557f\soroban-env-host-25.0.1\src\host.rs:907:9:
HostError: Error(Contract, #1013)

Event log (newest first):
   0: [Diagnostic Event] topics:[error, Error(Contract, #1013)], data:"escalating error to panic"
   1: [Diagnostic Event] topics:[error, Error(Contract, #1013)], data:["contract call failed", store_invoice, [CAAAAAAAAAAAAAAAAAAAAAAAAAAAAAAAAAAAAAAAAAAAAAAAAAAAHK3M, 10000, CAAAAAAAAAAAAAAAAAAAAAAAAAAAAAAAAAAAAAAAAAAAAAAAAAAAOLZM, 86400, "Invoice", [Services], []]]
   2: [Failed Diagnostic Event (not emitted)] contract:CAAAAAAAAAAAAAAAAAAAAAAAAAAAAAAAAAAAAAAAAAAAAAAAAAAAD2KM, topics:[error, Error(Contract, #1013)], data:"escalating Ok(ScErrorType::Contract) frame-exit to Err"
   3: [Failed Diagnostic Event (not emitted)] contract:CAAAAAAAAAAAAAAAAAAAAAAAAAAAAAAAAAAAAAAAAAAAAAAAAAAAD2KM, topics:[fn_return, store_invoice], data:Error(Contract, #1013)
   4: [Diagnostic Event] topics:[fn_call, CAAAAAAAAAAAAAAAAAAAAAAAAAAAAAAAAAAAAAAAAAAAAAAAAAAAD2KM, store_invoice], data:[CAAAAAAAAAAAAAAAAAAAAAAAAAAAAAAAAAAAAAAAAAAAAAAAAAAAHK3M, 10000, CAAAAAAAAAAAAAAAAAAAAAAAAAAAAAAAAAAAAAAAAAAAAAAAAAAAOLZM, 86400, "Invoice", [Services], []]

Writing test snapshot file for test "test_bid_ranking::test_best_bid_equals_first_ranked" to "test_snapshots\\test_bid_ranking\\test_best_bid_equals_first_ranked.1.json".

---- test_bid_ranking::test_ranked_bids_profit_ordering stdout ----

thread 'test_bid_ranking::test_ranked_bids_profit_ordering' (21148) panicked at C:\Users\ADMIN\.cargo\registry\src\index.crates.io-1949cf8c6b5b557f\soroban-env-host-25.0.1\src\host.rs:907:9:
HostError: Error(Contract, #1013)

Event log (newest first):
   0: [Diagnostic Event] topics:[error, Error(Contract, #1013)], data:"escalating error to panic"
   1: [Diagnostic Event] topics:[error, Error(Contract, #1013)], data:["contract call failed", store_invoice, [CAAAAAAAAAAAAAAAAAAAAAAAAAAAAAAAAAAAAAAAAAAAAAAAAAAAHK3M, 10000, CAAAAAAAAAAAAAAAAAAAAAAAAAAAAAAAAAAAAAAAAAAAAAAAAAAAOLZM, 86400, "Invoice", [Services], []]]
   2: [Failed Diagnostic Event (not emitted)] contract:CAAAAAAAAAAAAAAAAAAAAAAAAAAAAAAAAAAAAAAAAAAAAAAAAAAAD2KM, topics:[error, Error(Contract, #1013)], data:"escalating Ok(ScErrorType::Contract) frame-exit to Err"
   3: [Failed Diagnostic Event (not emitted)] contract:CAAAAAAAAAAAAAAAAAAAAAAAAAAAAAAAAAAAAAAAAAAAAAAAAAAAD2KM, topics:[fn_return, store_invoice], data:Error(Contract, #1013)
   4: [Diagnostic Event] topics:[fn_call, CAAAAAAAAAAAAAAAAAAAAAAAAAAAAAAAAAAAAAAAAAAAAAAAAAAAD2KM, store_invoice], data:[CAAAAAAAAAAAAAAAAAAAAAAAAAAAAAAAAAAAAAAAAAAAAAAAAAAAHK3M, 10000, CAAAAAAAAAAAAAAAAAAAAAAAAAAAAAAAAAAAAAAAAAAAAAAAAAAAOLZM, 86400, "Invoice", [Services], []]

Writing test snapshot file for test "test_bid_ranking::test_ranked_bids_profit_ordering" to "test_snapshots\\test_bid_ranking\\test_ranked_bids_profit_ordering.1.json".

---- test_bid_ranking::test_ranking_with_multiple_bids stdout ----

thread 'test_bid_ranking::test_ranking_with_multiple_bids' (27532) panicked at C:\Users\ADMIN\.cargo\registry\src\index.crates.io-1949cf8c6b5b557f\soroban-env-host-25.0.1\src\host.rs:907:9:
HostError: Error(Contract, #1013)

Event log (newest first):
   0: [Diagnostic Event] topics:[error, Error(Contract, #1013)], data:"escalating error to panic"
   1: [Diagnostic Event] topics:[error, Error(Contract, #1013)], data:["contract call failed", store_invoice, [CAAAAAAAAAAAAAAAAAAAAAAAAAAAAAAAAAAAAAAAAAAAAAAAAAAAHK3M, 10000, CAAAAAAAAAAAAAAAAAAAAAAAAAAAAAAAAAAAAAAAAAAAAAAAAAAAOLZM, 86400, "Invoice", [Services], []]]
   2: [Failed Diagnostic Event (not emitted)] contract:CAAAAAAAAAAAAAAAAAAAAAAAAAAAAAAAAAAAAAAAAAAAAAAAAAAAD2KM, topics:[error, Error(Contract, #1013)], data:"escalating Ok(ScErrorType::Contract) frame-exit to Err"
   3: [Failed Diagnostic Event (not emitted)] contract:CAAAAAAAAAAAAAAAAAAAAAAAAAAAAAAAAAAAAAAAAAAAAAAAAAAAD2KM, topics:[fn_return, store_invoice], data:Error(Contract, #1013)
   4: [Diagnostic Event] topics:[fn_call, CAAAAAAAAAAAAAAAAAAAAAAAAAAAAAAAAAAAAAAAAAAAAAAAAAAAD2KM, store_invoice], data:[CAAAAAAAAAAAAAAAAAAAAAAAAAAAAAAAAAAAAAAAAAAAAAAAAAAAHK3M, 10000, CAAAAAAAAAAAAAAAAAAAAAAAAAAAAAAAAAAAAAAAAAAAAAAAAAAAOLZM, 86400, "Invoice", [Services], []]

Writing test snapshot file for test "test_bid_ranking::test_ranking_with_multiple_bids" to "test_snapshots\\test_bid_ranking\\test_ranking_with_multiple_bids.1.json".

---- test_bid_ranking::test_ranked_excludes_withdrawn_and_expired stdout ----

thread 'test_bid_ranking::test_ranked_excludes_withdrawn_and_expired' (15200) panicked at C:\Users\ADMIN\.cargo\registry\src\index.crates.io-1949cf8c6b5b557f\soroban-env-host-25.0.1\src\host.rs:907:9:
HostError: Error(Contract, #1013)

Event log (newest first):
   0: [Diagnostic Event] topics:[error, Error(Contract, #1013)], data:"escalating error to panic"
   1: [Diagnostic Event] topics:[error, Error(Contract, #1013)], data:["contract call failed", store_invoice, [CAAAAAAAAAAAAAAAAAAAAAAAAAAAAAAAAAAAAAAAAAAAAAAAAAAAHK3M, 10000, CAAAAAAAAAAAAAAAAAAAAAAAAAAAAAAAAAAAAAAAAAAAAAAAAAAARQG5, 86400, "Invoice", [Services], []]]
   2: [Failed Diagnostic Event (not emitted)] contract:CAAAAAAAAAAAAAAAAAAAAAAAAAAAAAAAAAAAAAAAAAAAAAAAAAAAD2KM, topics:[error, Error(Contract, #1013)], data:"escalating Ok(ScErrorType::Contract) frame-exit to Err"
   3: [Failed Diagnostic Event (not emitted)] contract:CAAAAAAAAAAAAAAAAAAAAAAAAAAAAAAAAAAAAAAAAAAAAAAAAAAAD2KM, topics:[fn_return, store_invoice], data:Error(Contract, #1013)
   4: [Diagnostic Event] topics:[fn_call, CAAAAAAAAAAAAAAAAAAAAAAAAAAAAAAAAAAAAAAAAAAAAAAAAAAAD2KM, store_invoice], data:[CAAAAAAAAAAAAAAAAAAAAAAAAAAAAAAAAAAAAAAAAAAAAAAAAAAAHK3M, 10000, CAAAAAAAAAAAAAAAAAAAAAAAAAAAAAAAAAAAAAAAAAAAAAAAAAAARQG5, 86400, "Invoice", [Services], []]

Writing test snapshot file for test "test_bid_ranking::test_ranked_excludes_withdrawn_and_expired" to "test_snapshots\\test_bid_ranking\\test_ranked_excludes_withdrawn_and_expired.1.json".

---- test_escrow::test_accept_bid_state_transitions stdout ----

thread 'test_escrow::test_accept_bid_state_transitions' (1692) panicked at C:\Users\ADMIN\.cargo\registry\src\index.crates.io-1949cf8c6b5b557f\soroban-env-host-25.0.1\src\host.rs:907:9:
HostError: Error(Contract, #1013)

Event log (newest first):
   0: [Diagnostic Event] topics:[error, Error(Contract, #1013)], data:"escalating error to panic"
   1: [Diagnostic Event] topics:[error, Error(Contract, #1013)], data:["contract call failed", store_invoice, [CAAAAAAAAAAAAAAAAAAAAAAAAAAAAAAAAAAAAAAAAAAAAAAAAAAAHK3M, 10000, CACMVW2KK4H5FZDFF2AUCAKQTEJMZZWJUIZF23XMRVYQBSXYLHZ6BKWN, 86400, "Test Invoice", [Services], []]]
   2: [Failed Diagnostic Event (not emitted)] contract:CAAAAAAAAAAAAAAAAAAAAAAAAAAAAAAAAAAAAAAAAAAAAAAAAAAAD2KM, topics:[error, Error(Contract, #1013)], data:"escalating Ok(ScErrorType::Contract) frame-exit to Err"
   3: [Failed Diagnostic Event (not emitted)] contract:CAAAAAAAAAAAAAAAAAAAAAAAAAAAAAAAAAAAAAAAAAAAAAAAAAAAD2KM, topics:[fn_return, store_invoice], data:Error(Contract, #1013)
   4: [Diagnostic Event] topics:[fn_call, CAAAAAAAAAAAAAAAAAAAAAAAAAAAAAAAAAAAAAAAAAAAAAAAAAAAD2KM, store_invoice], data:[CAAAAAAAAAAAAAAAAAAAAAAAAAAAAAAAAAAAAAAAAAAAAAAAAAAAHK3M, 10000, CACMVW2KK4H5FZDFF2AUCAKQTEJMZZWJUIZF23XMRVYQBSXYLHZ6BKWN, 86400, "Test Invoice", [Services], []]

Writing test snapshot file for test "test_escrow::test_accept_bid_state_transitions" to "test_snapshots\\test_escrow\\test_accept_bid_state_transitions.1.json".

---- test_escrow::test_cannot_accept_withdrawn_bid stdout ----

thread 'test_escrow::test_cannot_accept_withdrawn_bid' (17080) panicked at C:\Users\ADMIN\.cargo\registry\src\index.crates.io-1949cf8c6b5b557f\soroban-env-host-25.0.1\src\host.rs:907:9:
HostError: Error(Contract, #1013)

Event log (newest first):
   0: [Diagnostic Event] topics:[error, Error(Contract, #1013)], data:"escalating error to panic"
   1: [Diagnostic Event] topics:[error, Error(Contract, #1013)], data:["contract call failed", store_invoice, [CAAAAAAAAAAAAAAAAAAAAAAAAAAAAAAAAAAAAAAAAAAAAAAAAAAAHK3M, 10000, CACMVW2KK4H5FZDFF2AUCAKQTEJMZZWJUIZF23XMRVYQBSXYLHZ6BKWN, 86400, "Test Invoice", [Services], []]]
   2: [Failed Diagnostic Event (not emitted)] contract:CAAAAAAAAAAAAAAAAAAAAAAAAAAAAAAAAAAAAAAAAAAAAAAAAAAAD2KM, topics:[error, Error(Contract, #1013)], data:"escalating Ok(ScErrorType::Contract) frame-exit to Err"
   3: [Failed Diagnostic Event (not emitted)] contract:CAAAAAAAAAAAAAAAAAAAAAAAAAAAAAAAAAAAAAAAAAAAAAAAAAAAD2KM, topics:[fn_return, store_invoice], data:Error(Contract, #1013)
   4: [Diagnostic Event] topics:[fn_call, CAAAAAAAAAAAAAAAAAAAAAAAAAAAAAAAAAAAAAAAAAAAAAAAAAAAD2KM, store_invoice], data:[CAAAAAAAAAAAAAAAAAAAAAAAAAAAAAAAAAAAAAAAAAAAAAAAAAAAHK3M, 10000, CACMVW2KK4H5FZDFF2AUCAKQTEJMZZWJUIZF23XMRVYQBSXYLHZ6BKWN, 86400, "Test Invoice", [Services], []]

Writing test snapshot file for test "test_escrow::test_cannot_accept_withdrawn_bid" to "test_snapshots\\test_escrow\\test_cannot_accept_withdrawn_bid.1.json".

---- test_escrow::test_only_invoice_owner_can_accept_bid stdout ----

thread 'test_escrow::test_only_invoice_owner_can_accept_bid' (24284) panicked at C:\Users\ADMIN\.cargo\registry\src\index.crates.io-1949cf8c6b5b557f\soroban-env-host-25.0.1\src\host.rs:907:9:
HostError: Error(Contract, #1013)

Event log (newest first):
   0: [Diagnostic Event] topics:[error, Error(Contract, #1013)], data:"escalating error to panic"
   1: [Diagnostic Event] topics:[error, Error(Contract, #1013)], data:["contract call failed", store_invoice, [CAAAAAAAAAAAAAAAAAAAAAAAAAAAAAAAAAAAAAAAAAAAAAAAAAAAHK3M, 10000, CACMVW2KK4H5FZDFF2AUCAKQTEJMZZWJUIZF23XMRVYQBSXYLHZ6BKWN, 86400, "Test Invoice", [Services], []]]
   2: [Failed Diagnostic Event (not emitted)] contract:CAAAAAAAAAAAAAAAAAAAAAAAAAAAAAAAAAAAAAAAAAAAAAAAAAAAD2KM, topics:[error, Error(Contract, #1013)], data:"escalating Ok(ScErrorType::Contract) frame-exit to Err"
   3: [Failed Diagnostic Event (not emitted)] contract:CAAAAAAAAAAAAAAAAAAAAAAAAAAAAAAAAAAAAAAAAAAAAAAAAAAAD2KM, topics:[fn_return, store_invoice], data:Error(Contract, #1013)
   4: [Diagnostic Event] topics:[fn_call, CAAAAAAAAAAAAAAAAAAAAAAAAAAAAAAAAAAAAAAAAAAAAAAAAAAAD2KM, store_invoice], data:[CAAAAAAAAAAAAAAAAAAAAAAAAAAAAAAAAAAAAAAAAAAAAAAAAAAAHK3M, 10000, CACMVW2KK4H5FZDFF2AUCAKQTEJMZZWJUIZF23XMRVYQBSXYLHZ6BKWN, 86400, "Test Invoice", [Services], []]

Writing test snapshot file for test "test_escrow::test_only_invoice_owner_can_accept_bid" to "test_snapshots\\test_escrow\\test_only_invoice_owner_can_accept_bid.1.json".

---- test_escrow::test_multiple_bids_only_one_accepted stdout ----

thread 'test_escrow::test_multiple_bids_only_one_accepted' (9468) panicked at C:\Users\ADMIN\.cargo\registry\src\index.crates.io-1949cf8c6b5b557f\soroban-env-host-25.0.1\src\host.rs:907:9:
HostError: Error(Contract, #1013)

Event log (newest first):
   0: [Diagnostic Event] topics:[error, Error(Contract, #1013)], data:"escalating error to panic"
   1: [Diagnostic Event] topics:[error, Error(Contract, #1013)], data:["contract call failed", store_invoice, [CAAAAAAAAAAAAAAAAAAAAAAAAAAAAAAAAAAAAAAAAAAAAAAAAAAAHK3M, 10000, CDS3FDGQ4JA2V3F26Y4BMWWJEC5TT26RJBN7KIQKUMVO2MAOCMDTSZ7A, 86400, "Test Invoice", [Services], []]]
   2: [Failed Diagnostic Event (not emitted)] contract:CAAAAAAAAAAAAAAAAAAAAAAAAAAAAAAAAAAAAAAAAAAAAAAAAAAAD2KM, topics:[error, Error(Contract, #1013)], data:"escalating Ok(ScErrorType::Contract) frame-exit to Err"
   3: [Failed Diagnostic Event (not emitted)] contract:CAAAAAAAAAAAAAAAAAAAAAAAAAAAAAAAAAAAAAAAAAAAAAAAAAAAD2KM, topics:[fn_return, store_invoice], data:Error(Contract, #1013)
   4: [Diagnostic Event] topics:[fn_call, CAAAAAAAAAAAAAAAAAAAAAAAAAAAAAAAAAAAAAAAAAAAAAAAAAAAD2KM, store_invoice], data:[CAAAAAAAAAAAAAAAAAAAAAAAAAAAAAAAAAAAAAAAAAAAAAAAAAAAHK3M, 10000, CDS3FDGQ4JA2V3F26Y4BMWWJEC5TT26RJBN7KIQKUMVO2MAOCMDTSZ7A, 86400, "Test Invoice", [Services], []]

Writing test snapshot file for test "test_escrow::test_multiple_bids_only_one_accepted" to "test_snapshots\\test_escrow\\test_multiple_bids_only_one_accepted.1.json".

---- test_events::test_bid_placed_event stdout ----

thread 'test_events::test_bid_placed_event' (14136) panicked at C:\Users\ADMIN\.cargo\registry\src\index.crates.io-1949cf8c6b5b557f\soroban-env-host-25.0.1\src\host.rs:907:9:
HostError: Error(Contract, #1002)

Event log (newest first):
   0: [Diagnostic Event] topics:[error, Error(Contract, #1002)], data:"escalating error to panic"
   1: [Diagnostic Event] topics:[error, Error(Contract, #1002)], data:["contract call failed", upload_invoice, [CAAAAAAAAAAAAAAAAAAAAAAAAAAAAAAAAAAAAAAAAAAAAAAAAAAAHK3M, 1000, CACMVW2KK4H5FZDFF2AUCAKQTEJMZZWJUIZF23XMRVYQBSXYLHZ6BKWN, 86401, "Test invoice", [Services], []]]
   2: [Failed Diagnostic Event (not emitted)] contract:CAAAAAAAAAAAAAAAAAAAAAAAAAAAAAAAAAAAAAAAAAAAAAAAAAAAD2KM, topics:[error, Error(Contract, #1002)], data:"escalating Ok(ScErrorType::Contract) frame-exit to Err"
   3: [Failed Diagnostic Event (not emitted)] contract:CAAAAAAAAAAAAAAAAAAAAAAAAAAAAAAAAAAAAAAAAAAAAAAAAAAAD2KM, topics:[fn_return, upload_invoice], data:Error(Contract, #1002)
   4: [Diagnostic Event] topics:[fn_call, CAAAAAAAAAAAAAAAAAAAAAAAAAAAAAAAAAAAAAAAAAAAAAAAAAAAD2KM, upload_invoice], data:[CAAAAAAAAAAAAAAAAAAAAAAAAAAAAAAAAAAAAAAAAAAAAAAAAAAAHK3M, 1000, CACMVW2KK4H5FZDFF2AUCAKQTEJMZZWJUIZF23XMRVYQBSXYLHZ6BKWN, 86401, "Test invoice", [Services], []]

Writing test snapshot file for test "test_events::test_bid_placed_event" to "test_snapshots\\test_events\\test_bid_placed_event.1.json".

---- test_investor_kyc::test_investor_kyc::test_bid_exceeding_investment_limit_fails stdout ----

thread 'test_investor_kyc::test_investor_kyc::test_bid_exceeding_investment_limit_fails' (13420) panicked at C:\Users\ADMIN\.cargo\registry\src\index.crates.io-1949cf8c6b5b557f\soroban-env-host-25.0.1\src\host.rs:907:9:
HostError: Error(Contract, #1013)

Event log (newest first):
   0: [Diagnostic Event] topics:[error, Error(Contract, #1013)], data:"escalating error to panic"
   1: [Diagnostic Event] topics:[error, Error(Contract, #1013)], data:["contract call failed", store_invoice, [CAAAAAAAAAAAAAAAAAAAAAAAAAAAAAAAAAAAAAAAAAAAAAAAAAAAITA4, 50000, CAAAAAAAAAAAAAAAAAAAAAAAAAAAAAAAAAAAAAAAAAAAAAAAAAAAK3IM, 86400, "Test Invoice", [Services], []]]
   2: [Failed Diagnostic Event (not emitted)] contract:CAAAAAAAAAAAAAAAAAAAAAAAAAAAAAAAAAAAAAAAAAAAAAAAAAAAD2KM, topics:[error, Error(Contract, #1013)], data:"escalating Ok(ScErrorType::Contract) frame-exit to Err"
   3: [Failed Diagnostic Event (not emitted)] contract:CAAAAAAAAAAAAAAAAAAAAAAAAAAAAAAAAAAAAAAAAAAAAAAAAAAAD2KM, topics:[fn_return, store_invoice], data:Error(Contract, #1013)
   4: [Diagnostic Event] topics:[fn_call, CAAAAAAAAAAAAAAAAAAAAAAAAAAAAAAAAAAAAAAAAAAAAAAAAAAAD2KM, store_invoice], data:[CAAAAAAAAAAAAAAAAAAAAAAAAAAAAAAAAAAAAAAAAAAAAAAAAAAAITA4, 50000, CAAAAAAAAAAAAAAAAAAAAAAAAAAAAAAAAAAAAAAAAAAAAAAAAAAAK3IM, 86400, "Test Invoice", [Services], []]

Writing test snapshot file for test "test_investor_kyc::test_investor_kyc::test_bid_exceeding_investment_limit_fails" to "test_snapshots\\test_investor_kyc\\test_investor_kyc\\test_bid_exceeding_investment_limit_fails.1.json".

---- test_escrow::test_single_escrow_per_invoice_with_multiple_bids stdout ----

thread 'test_escrow::test_single_escrow_per_invoice_with_multiple_bids' (7516) panicked at C:\Users\ADMIN\.cargo\registry\src\index.crates.io-1949cf8c6b5b557f\soroban-env-host-25.0.1\src\host.rs:907:9:
HostError: Error(Contract, #1013)

Event log (newest first):
   0: [Diagnostic Event] topics:[error, Error(Contract, #1013)], data:"escalating error to panic"
   1: [Diagnostic Event] topics:[error, Error(Contract, #1013)], data:["contract call failed", store_invoice, [CAAAAAAAAAAAAAAAAAAAAAAAAAAAAAAAAAAAAAAAAAAAAAAAAAAAHK3M, 10000, CDS3FDGQ4JA2V3F26Y4BMWWJEC5TT26RJBN7KIQKUMVO2MAOCMDTSZ7A, 86400, "Test Invoice", [Services], []]]
   2: [Failed Diagnostic Event (not emitted)] contract:CAAAAAAAAAAAAAAAAAAAAAAAAAAAAAAAAAAAAAAAAAAAAAAAAAAAD2KM, topics:[error, Error(Contract, #1013)], data:"escalating Ok(ScErrorType::Contract) frame-exit to Err"
   3: [Failed Diagnostic Event (not emitted)] contract:CAAAAAAAAAAAAAAAAAAAAAAAAAAAAAAAAAAAAAAAAAAAAAAAAAAAD2KM, topics:[fn_return, store_invoice], data:Error(Contract, #1013)
   4: [Diagnostic Event] topics:[fn_call, CAAAAAAAAAAAAAAAAAAAAAAAAAAAAAAAAAAAAAAAAAAAAAAAAAAAD2KM, store_invoice], data:[CAAAAAAAAAAAAAAAAAAAAAAAAAAAAAAAAAAAAAAAAAAAAAAAAAAAHK3M, 10000, CDS3FDGQ4JA2V3F26Y4BMWWJEC5TT26RJBN7KIQKUMVO2MAOCMDTSZ7A, 86400, "Test Invoice", [Services], []]

Writing test snapshot file for test "test_escrow::test_single_escrow_per_invoice_with_multiple_bids" to "test_snapshots\\test_escrow\\test_single_escrow_per_invoice_with_multiple_bids.1.json".

---- test_events::test_bid_accepted_event stdout ----

thread 'test_events::test_bid_accepted_event' (16664) panicked at C:\Users\ADMIN\.cargo\registry\src\index.crates.io-1949cf8c6b5b557f\soroban-env-host-25.0.1\src\host.rs:907:9:
HostError: Error(Contract, #1002)

Event log (newest first):
   0: [Diagnostic Event] topics:[error, Error(Contract, #1002)], data:"escalating error to panic"
   1: [Diagnostic Event] topics:[error, Error(Contract, #1002)], data:["contract call failed", upload_invoice, [CAAAAAAAAAAAAAAAAAAAAAAAAAAAAAAAAAAAAAAAAAAAAAAAAAAAHK3M, 1000, CACMVW2KK4H5FZDFF2AUCAKQTEJMZZWJUIZF23XMRVYQBSXYLHZ6BKWN, 86401, "Test invoice", [Services], []]]
   2: [Failed Diagnostic Event (not emitted)] contract:CAAAAAAAAAAAAAAAAAAAAAAAAAAAAAAAAAAAAAAAAAAAAAAAAAAAD2KM, topics:[error, Error(Contract, #1002)], data:"escalating Ok(ScErrorType::Contract) frame-exit to Err"
   3: [Failed Diagnostic Event (not emitted)] contract:CAAAAAAAAAAAAAAAAAAAAAAAAAAAAAAAAAAAAAAAAAAAAAAAAAAAD2KM, topics:[fn_return, upload_invoice], data:Error(Contract, #1002)
   4: [Diagnostic Event] topics:[fn_call, CAAAAAAAAAAAAAAAAAAAAAAAAAAAAAAAAAAAAAAAAAAAAAAAAAAAD2KM, upload_invoice], data:[CAAAAAAAAAAAAAAAAAAAAAAAAAAAAAAAAAAAAAAAAAAAAAAAAAAAHK3M, 1000, CACMVW2KK4H5FZDFF2AUCAKQTEJMZZWJUIZF23XMRVYQBSXYLHZ6BKWN, 86401, "Test invoice", [Services], []]

Writing test snapshot file for test "test_events::test_bid_accepted_event" to "test_snapshots\\test_events\\test_bid_accepted_event.1.json".

---- test_escrow::test_multiple_bids_only_accepted_creates_escrow stdout ----

thread 'test_escrow::test_multiple_bids_only_accepted_creates_escrow' (1372) panicked at C:\Users\ADMIN\.cargo\registry\src\index.crates.io-1949cf8c6b5b557f\soroban-env-host-25.0.1\src\host.rs:907:9:
HostError: Error(Contract, #1013)

Event log (newest first):
   0: [Diagnostic Event] topics:[error, Error(Contract, #1013)], data:"escalating error to panic"
   1: [Diagnostic Event] topics:[error, Error(Contract, #1013)], data:["contract call failed", store_invoice, [CAAAAAAAAAAAAAAAAAAAAAAAAAAAAAAAAAAAAAAAAAAAAAAAAAAAHK3M, 10000, CD3FXVGYSLQFFTW3UH6WFF2OKZH7VERGZJZAMJHTGHBWO4F6URWEJL23, 86400, "Test Invoice", [Services], []]]
   2: [Failed Diagnostic Event (not emitted)] contract:CAAAAAAAAAAAAAAAAAAAAAAAAAAAAAAAAAAAAAAAAAAAAAAAAAAAD2KM, topics:[error, Error(Contract, #1013)], data:"escalating Ok(ScErrorType::Contract) frame-exit to Err"
   3: [Failed Diagnostic Event (not emitted)] contract:CAAAAAAAAAAAAAAAAAAAAAAAAAAAAAAAAAAAAAAAAAAAAAAAAAAAD2KM, topics:[fn_return, store_invoice], data:Error(Contract, #1013)
   4: [Diagnostic Event] topics:[fn_call, CAAAAAAAAAAAAAAAAAAAAAAAAAAAAAAAAAAAAAAAAAAAAAAAAAAAD2KM, store_invoice], data:[CAAAAAAAAAAAAAAAAAAAAAAAAAAAAAAAAAAAAAAAAAAAAAAAAAAAHK3M, 10000, CD3FXVGYSLQFFTW3UH6WFF2OKZH7VERGZJZAMJHTGHBWO4F6URWEJL23, 86400, "Test Invoice", [Services], []]

Writing test snapshot file for test "test_escrow::test_multiple_bids_only_accepted_creates_escrow" to "test_snapshots\\test_escrow\\test_multiple_bids_only_accepted_creates_escrow.1.json".

---- test_events::test_bid_withdrawn_event stdout ----

thread 'test_events::test_bid_withdrawn_event' (9576) panicked at C:\Users\ADMIN\.cargo\registry\src\index.crates.io-1949cf8c6b5b557f\soroban-env-host-25.0.1\src\host.rs:907:9:
HostError: Error(Contract, #1002)

Event log (newest first):
   0: [Diagnostic Event] topics:[error, Error(Contract, #1002)], data:"escalating error to panic"
   1: [Diagnostic Event] topics:[error, Error(Contract, #1002)], data:["contract call failed", upload_invoice, [CAAAAAAAAAAAAAAAAAAAAAAAAAAAAAAAAAAAAAAAAAAAAAAAAAAAHK3M, 1000, CACMVW2KK4H5FZDFF2AUCAKQTEJMZZWJUIZF23XMRVYQBSXYLHZ6BKWN, 86401, "Test invoice", [Services], []]]
   2: [Failed Diagnostic Event (not emitted)] contract:CAAAAAAAAAAAAAAAAAAAAAAAAAAAAAAAAAAAAAAAAAAAAAAAAAAAD2KM, topics:[error, Error(Contract, #1002)], data:"escalating Ok(ScErrorType::Contract) frame-exit to Err"
   3: [Failed Diagnostic Event (not emitted)] contract:CAAAAAAAAAAAAAAAAAAAAAAAAAAAAAAAAAAAAAAAAAAAAAAAAAAAD2KM, topics:[fn_return, upload_invoice], data:Error(Contract, #1002)
   4: [Diagnostic Event] topics:[fn_call, CAAAAAAAAAAAAAAAAAAAAAAAAAAAAAAAAAAAAAAAAAAAAAAAAAAAD2KM, upload_invoice], data:[CAAAAAAAAAAAAAAAAAAAAAAAAAAAAAAAAAAAAAAAAAAAAAAAAAAAHK3M, 1000, CACMVW2KK4H5FZDFF2AUCAKQTEJMZZWJUIZF23XMRVYQBSXYLHZ6BKWN, 86401, "Test invoice", [Services], []]

Writing test snapshot file for test "test_events::test_bid_withdrawn_event" to "test_snapshots\\test_events\\test_bid_withdrawn_event.1.json".

---- test_investor_kyc::test_investor_kyc::test_investment_limit_applies_across_all_bids stdout ----

thread 'test_investor_kyc::test_investor_kyc::test_investment_limit_applies_across_all_bids' (14580) panicked at C:\Users\ADMIN\.cargo\registry\src\index.crates.io-1949cf8c6b5b557f\soroban-env-host-25.0.1\src\host.rs:907:9:
HostError: Error(Contract, #1013)

Event log (newest first):
   0: [Diagnostic Event] topics:[error, Error(Contract, #1013)], data:"escalating error to panic"
   1: [Diagnostic Event] topics:[error, Error(Contract, #1013)], data:["contract call failed", store_invoice, [CAAAAAAAAAAAAAAAAAAAAAAAAAAAAAAAAAAAAAAAAAAAAAAAAAAAITA4, 30000, CAAAAAAAAAAAAAAAAAAAAAAAAAAAAAAAAAAAAAAAAAAAAAAAAAAAK3IM, 86400, "Test Invoice", [Services], []]]
   2: [Failed Diagnostic Event (not emitted)] contract:CAAAAAAAAAAAAAAAAAAAAAAAAAAAAAAAAAAAAAAAAAAAAAAAAAAAD2KM, topics:[error, Error(Contract, #1013)], data:"escalating Ok(ScErrorType::Contract) frame-exit to Err"
   3: [Failed Diagnostic Event (not emitted)] contract:CAAAAAAAAAAAAAAAAAAAAAAAAAAAAAAAAAAAAAAAAAAAAAAAAAAAD2KM, topics:[fn_return, store_invoice], data:Error(Contract, #1013)
   4: [Diagnostic Event] topics:[fn_call, CAAAAAAAAAAAAAAAAAAAAAAAAAAAAAAAAAAAAAAAAAAAAAAAAAAAD2KM, store_invoice], data:[CAAAAAAAAAAAAAAAAAAAAAAAAAAAAAAAAAAAAAAAAAAAAAAAAAAAITA4, 30000, CAAAAAAAAAAAAAAAAAAAAAAAAAAAAAAAAAAAAAAAAAAAAAAAAAAAK3IM, 86400, "Test Invoice", [Services], []]

Writing test snapshot file for test "test_investor_kyc::test_investor_kyc::test_investment_limit_applies_across_all_bids" to "test_snapshots\\test_investor_kyc\\test_investor_kyc\\test_investment_limit_applies_across_all_bids.1.json".

---- test_investor_kyc::test_investor_kyc::test_bid_within_investment_limit_succeeds stdout ----

thread 'test_investor_kyc::test_investor_kyc::test_bid_within_investment_limit_succeeds' (22044) panicked at C:\Users\ADMIN\.cargo\registry\src\index.crates.io-1949cf8c6b5b557f\soroban-env-host-25.0.1\src\host.rs:907:9:
HostError: Error(Contract, #1013)

Event log (newest first):
   0: [Diagnostic Event] topics:[error, Error(Contract, #1013)], data:"escalating error to panic"
   1: [Diagnostic Event] topics:[error, Error(Contract, #1013)], data:["contract call failed", store_invoice, [CAAAAAAAAAAAAAAAAAAAAAAAAAAAAAAAAAAAAAAAAAAAAAAAAAAAITA4, 50000, CAAAAAAAAAAAAAAAAAAAAAAAAAAAAAAAAAAAAAAAAAAAAAAAAAAAK3IM, 86400, "Test Invoice", [Services], []]]
   2: [Failed Diagnostic Event (not emitted)] contract:CAAAAAAAAAAAAAAAAAAAAAAAAAAAAAAAAAAAAAAAAAAAAAAAAAAAD2KM, topics:[error, Error(Contract, #1013)], data:"escalating Ok(ScErrorType::Contract) frame-exit to Err"
   3: [Failed Diagnostic Event (not emitted)] contract:CAAAAAAAAAAAAAAAAAAAAAAAAAAAAAAAAAAAAAAAAAAAAAAAAAAAD2KM, topics:[fn_return, store_invoice], data:Error(Contract, #1013)
   4: [Diagnostic Event] topics:[fn_call, CAAAAAAAAAAAAAAAAAAAAAAAAAAAAAAAAAAAAAAAAAAAAAAAAAAAD2KM, store_invoice], data:[CAAAAAAAAAAAAAAAAAAAAAAAAAAAAAAAAAAAAAAAAAAAAAAAAAAAITA4, 50000, CAAAAAAAAAAAAAAAAAAAAAAAAAAAAAAAAAAAAAAAAAAAAAAAAAAAK3IM, 86400, "Test Invoice", [Services], []]

Writing test snapshot file for test "test_investor_kyc::test_investor_kyc::test_bid_within_investment_limit_succeeds" to "test_snapshots\\test_investor_kyc\\test_investor_kyc\\test_bid_within_investment_limit_succeeds.1.json".

---- test_escrow::test_multiple_bids_complete_workflow stdout ----

thread 'test_escrow::test_multiple_bids_complete_workflow' (18224) panicked at C:\Users\ADMIN\.cargo\registry\src\index.crates.io-1949cf8c6b5b557f\soroban-env-host-25.0.1\src\host.rs:907:9:
HostError: Error(Contract, #1013)

Event log (newest first):
   0: [Diagnostic Event] topics:[error, Error(Contract, #1013)], data:"escalating error to panic"
   1: [Diagnostic Event] topics:[error, Error(Contract, #1013)], data:["contract call failed", store_invoice, [CAAAAAAAAAAAAAAAAAAAAAAAAAAAAAAAAAAAAAAAAAAAAAAAAAAAHK3M, 50000, CCFPZOCU33AWX2NKX47XD6W5JNYFP7MU57DTQFB5XOOQSJLSSC4PMX25, 86400, "Test Invoice", [Services], []]]
   2: [Failed Diagnostic Event (not emitted)] contract:CAAAAAAAAAAAAAAAAAAAAAAAAAAAAAAAAAAAAAAAAAAAAAAAAAAAD2KM, topics:[error, Error(Contract, #1013)], data:"escalating Ok(ScErrorType::Contract) frame-exit to Err"
   3: [Failed Diagnostic Event (not emitted)] contract:CAAAAAAAAAAAAAAAAAAAAAAAAAAAAAAAAAAAAAAAAAAAAAAAAAAAD2KM, topics:[fn_return, store_invoice], data:Error(Contract, #1013)
   4: [Diagnostic Event] topics:[fn_call, CAAAAAAAAAAAAAAAAAAAAAAAAAAAAAAAAAAAAAAAAAAAAAAAAAAAD2KM, store_invoice], data:[CAAAAAAAAAAAAAAAAAAAAAAAAAAAAAAAAAAAAAAAAAAAAAAAAAAAHK3M, 50000, CCFPZOCU33AWX2NKX47XD6W5JNYFP7MU57DTQFB5XOOQSJLSSC4PMX25, 86400, "Test Invoice", [Services], []]

Writing test snapshot file for test "test_escrow::test_multiple_bids_complete_workflow" to "test_snapshots\\test_escrow\\test_multiple_bids_complete_workflow.1.json".

---- test_investor_kyc::test_investor_kyc::test_investor_bids_accepted_on_some_invoices stdout ----

thread 'test_investor_kyc::test_investor_kyc::test_investor_bids_accepted_on_some_invoices' (18860) panicked at C:\Users\ADMIN\.cargo\registry\src\index.crates.io-1949cf8c6b5b557f\soroban-env-host-25.0.1\src\host.rs:907:9:
HostError: Error(Contract, #1013)

Event log (newest first):
   0: [Diagnostic Event] topics:[error, Error(Contract, #1013)], data:"escalating error to panic"
   1: [Diagnostic Event] topics:[error, Error(Contract, #1013)], data:["contract call failed", store_invoice, [CAAAAAAAAAAAAAAAAAAAAAAAAAAAAAAAAAAAAAAAAAAAAAAAAAAAITA4, 20000, CAAAAAAAAAAAAAAAAAAAAAAAAAAAAAAAAAAAAAAAAAAAAAAAAAAAK3IM, 86400, "Test Invoice", [Services], []]]
   2: [Failed Diagnostic Event (not emitted)] contract:CAAAAAAAAAAAAAAAAAAAAAAAAAAAAAAAAAAAAAAAAAAAAAAAAAAAD2KM, topics:[error, Error(Contract, #1013)], data:"escalating Ok(ScErrorType::Contract) frame-exit to Err"
   3: [Failed Diagnostic Event (not emitted)] contract:CAAAAAAAAAAAAAAAAAAAAAAAAAAAAAAAAAAAAAAAAAAAAAAAAAAAD2KM, topics:[fn_return, store_invoice], data:Error(Contract, #1013)
   4: [Diagnostic Event] topics:[fn_call, CAAAAAAAAAAAAAAAAAAAAAAAAAAAAAAAAAAAAAAAAAAAAAAAAAAAD2KM, store_invoice], data:[CAAAAAAAAAAAAAAAAAAAAAAAAAAAAAAAAAAAAAAAAAAAAAAAAAAAITA4, 20000, CAAAAAAAAAAAAAAAAAAAAAAAAAAAAAAAAAAAAAAAAAAAAAAAAAAAK3IM, 86400, "Test Invoice", [Services], []]

Writing test snapshot file for test "test_investor_kyc::test_investor_kyc::test_investor_bids_accepted_on_some_invoices" to "test_snapshots\\test_investor_kyc\\test_investor_kyc\\test_investor_bids_accepted_on_some_invoices.1.json".

---- test_investor_kyc::test_investor_kyc::test_investor_without_kyc_cannot_bid stdout ----

thread 'test_investor_kyc::test_investor_kyc::test_investor_without_kyc_cannot_bid' (18048) panicked at C:\Users\ADMIN\.cargo\registry\src\index.crates.io-1949cf8c6b5b557f\soroban-env-host-25.0.1\src\host.rs:907:9:
HostError: Error(Contract, #1013)

Event log (newest first):
   0: [Diagnostic Event] topics:[error, Error(Contract, #1013)], data:"escalating error to panic"
   1: [Diagnostic Event] topics:[error, Error(Contract, #1013)], data:["contract call failed", store_invoice, [CAAAAAAAAAAAAAAAAAAAAAAAAAAAAAAAAAAAAAAAAAAAAAAAAAAAITA4, 50000, CAAAAAAAAAAAAAAAAAAAAAAAAAAAAAAAAAAAAAAAAAAAAAAAAAAAK3IM, 86400, "Test Invoice", [Services], []]]
   2: [Failed Diagnostic Event (not emitted)] contract:CAAAAAAAAAAAAAAAAAAAAAAAAAAAAAAAAAAAAAAAAAAAAAAAAAAAD2KM, topics:[error, Error(Contract, #1013)], data:"escalating Ok(ScErrorType::Contract) frame-exit to Err"
   3: [Failed Diagnostic Event (not emitted)] contract:CAAAAAAAAAAAAAAAAAAAAAAAAAAAAAAAAAAAAAAAAAAAAAAAAAAAD2KM, topics:[fn_return, store_invoice], data:Error(Contract, #1013)
   4: [Diagnostic Event] topics:[fn_call, CAAAAAAAAAAAAAAAAAAAAAAAAAAAAAAAAAAAAAAAAAAAAAAAAAAAD2KM, store_invoice], data:[CAAAAAAAAAAAAAAAAAAAAAAAAAAAAAAAAAAAAAAAAAAAAAAAAAAAITA4, 50000, CAAAAAAAAAAAAAAAAAAAAAAAAAAAAAAAAAAAAAAAAAAAAAAAAAAAK3IM, 86400, "Test Invoice", [Services], []]

Writing test snapshot file for test "test_investor_kyc::test_investor_kyc::test_investor_without_kyc_cannot_bid" to "test_snapshots\\test_investor_kyc\\test_investor_kyc\\test_investor_without_kyc_cannot_bid.1.json".

---- test_investor_kyc::test_investor_kyc::test_get_all_bids_by_investor_after_acceptances stdout ----

thread 'test_investor_kyc::test_investor_kyc::test_get_all_bids_by_investor_after_acceptances' (16516) panicked at C:\Users\ADMIN\.cargo\registry\src\index.crates.io-1949cf8c6b5b557f\soroban-env-host-25.0.1\src\host.rs:907:9:
HostError: Error(Contract, #1013)

Event log (newest first):
   0: [Diagnostic Event] topics:[error, Error(Contract, #1013)], data:"escalating error to panic"
   1: [Diagnostic Event] topics:[error, Error(Contract, #1013)], data:["contract call failed", store_invoice, [CAAAAAAAAAAAAAAAAAAAAAAAAAAAAAAAAAAAAAAAAAAAAAAAAAAAITA4, 20000, CAAAAAAAAAAAAAAAAAAAAAAAAAAAAAAAAAAAAAAAAAAAAAAAAAAAK3IM, 86400, "Test Invoice", [Services], []]]
   2: [Failed Diagnostic Event (not emitted)] contract:CAAAAAAAAAAAAAAAAAAAAAAAAAAAAAAAAAAAAAAAAAAAAAAAAAAAD2KM, topics:[error, Error(Contract, #1013)], data:"escalating Ok(ScErrorType::Contract) frame-exit to Err"
   3: [Failed Diagnostic Event (not emitted)] contract:CAAAAAAAAAAAAAAAAAAAAAAAAAAAAAAAAAAAAAAAAAAAAAAAAAAAD2KM, topics:[fn_return, store_invoice], data:Error(Contract, #1013)
   4: [Diagnostic Event] topics:[fn_call, CAAAAAAAAAAAAAAAAAAAAAAAAAAAAAAAAAAAAAAAAAAAAAAAAAAAD2KM, store_invoice], data:[CAAAAAAAAAAAAAAAAAAAAAAAAAAAAAAAAAAAAAAAAAAAAAAAAAAAITA4, 20000, CAAAAAAAAAAAAAAAAAAAAAAAAAAAAAAAAAAAAAAAAAAAAAAAAAAAK3IM, 86400, "Test Invoice", [Services], []]

Writing test snapshot file for test "test_investor_kyc::test_investor_kyc::test_get_all_bids_by_investor_after_acceptances" to "test_snapshots\\test_investor_kyc\\test_investor_kyc\\test_get_all_bids_by_investor_after_acceptances.1.json".

---- test_investor_kyc::test_investor_kyc::test_investor_can_withdraw_non_accepted_bids stdout ----

thread 'test_investor_kyc::test_investor_kyc::test_investor_can_withdraw_non_accepted_bids' (11836) panicked at C:\Users\ADMIN\.cargo\registry\src\index.crates.io-1949cf8c6b5b557f\soroban-env-host-25.0.1\src\host.rs:907:9:
HostError: Error(Contract, #1013)

Event log (newest first):
   0: [Diagnostic Event] topics:[error, Error(Contract, #1013)], data:"escalating error to panic"
   1: [Diagnostic Event] topics:[error, Error(Contract, #1013)], data:["contract call failed", store_invoice, [CAAAAAAAAAAAAAAAAAAAAAAAAAAAAAAAAAAAAAAAAAAAAAAAAAAAITA4, 20000, CAAAAAAAAAAAAAAAAAAAAAAAAAAAAAAAAAAAAAAAAAAAAAAAAAAAK3IM, 86400, "Test Invoice", [Services], []]]
   2: [Failed Diagnostic Event (not emitted)] contract:CAAAAAAAAAAAAAAAAAAAAAAAAAAAAAAAAAAAAAAAAAAAAAAAAAAAD2KM, topics:[error, Error(Contract, #1013)], data:"escalating Ok(ScErrorType::Contract) frame-exit to Err"
   3: [Failed Diagnostic Event (not emitted)] contract:CAAAAAAAAAAAAAAAAAAAAAAAAAAAAAAAAAAAAAAAAAAAAAAAAAAAD2KM, topics:[fn_return, store_invoice], data:Error(Contract, #1013)
   4: [Diagnostic Event] topics:[fn_call, CAAAAAAAAAAAAAAAAAAAAAAAAAAAAAAAAAAAAAAAAAAAAAAAAAAAD2KM, store_invoice], data:[CAAAAAAAAAAAAAAAAAAAAAAAAAAAAAAAAAAAAAAAAAAAAAAAAAAAITA4, 20000, CAAAAAAAAAAAAAAAAAAAAAAAAAAAAAAAAAAAAAAAAAAAAAAAAAAAK3IM, 86400, "Test Invoice", [Services], []]

Writing test snapshot file for test "test_investor_kyc::test_investor_kyc::test_investor_can_withdraw_non_accepted_bids" to "test_snapshots\\test_investor_kyc\\test_investor_kyc\\test_investor_can_withdraw_non_accepted_bids.1.json".

---- test_investor_kyc::test_investor_kyc::test_limit_update_applies_to_new_bids_only stdout ----

thread 'test_investor_kyc::test_investor_kyc::test_limit_update_applies_to_new_bids_only' (12536) panicked at C:\Users\ADMIN\.cargo\registry\src\index.crates.io-1949cf8c6b5b557f\soroban-env-host-25.0.1\src\host.rs:907:9:
HostError: Error(Contract, #1013)

Event log (newest first):
   0: [Diagnostic Event] topics:[error, Error(Contract, #1013)], data:"escalating error to panic"
   1: [Diagnostic Event] topics:[error, Error(Contract, #1013)], data:["contract call failed", store_invoice, [CAAAAAAAAAAAAAAAAAAAAAAAAAAAAAAAAAAAAAAAAAAAAAAAAAAAITA4, 100000, CAAAAAAAAAAAAAAAAAAAAAAAAAAAAAAAAAAAAAAAAAAAAAAAAAAAK3IM, 86400, "Test Invoice", [Services], []]]
   2: [Failed Diagnostic Event (not emitted)] contract:CAAAAAAAAAAAAAAAAAAAAAAAAAAAAAAAAAAAAAAAAAAAAAAAAAAAD2KM, topics:[error, Error(Contract, #1013)], data:"escalating Ok(ScErrorType::Contract) frame-exit to Err"
   3: [Failed Diagnostic Event (not emitted)] contract:CAAAAAAAAAAAAAAAAAAAAAAAAAAAAAAAAAAAAAAAAAAAAAAAAAAAD2KM, topics:[fn_return, store_invoice], data:Error(Contract, #1013)
   4: [Diagnostic Event] topics:[fn_call, CAAAAAAAAAAAAAAAAAAAAAAAAAAAAAAAAAAAAAAAAAAAAAAAAAAAD2KM, store_invoice], data:[CAAAAAAAAAAAAAAAAAAAAAAAAAAAAAAAAAAAAAAAAAAAAAAAAAAAITA4, 100000, CAAAAAAAAAAAAAAAAAAAAAAAAAAAAAAAAAAAAAAAAAAAAAAAAAAAK3IM, 86400, "Test Invoice", [Services], []]

Writing test snapshot file for test "test_investor_kyc::test_investor_kyc::test_limit_update_applies_to_new_bids_only" to "test_snapshots\\test_investor_kyc\\test_investor_kyc\\test_limit_update_applies_to_new_bids_only.1.json".

---- test_investor_kyc::test_investor_kyc::test_multiple_accepted_bids_create_multiple_investments stdout ----

thread 'test_investor_kyc::test_investor_kyc::test_multiple_accepted_bids_create_multiple_investments' (23808) panicked at C:\Users\ADMIN\.cargo\registry\src\index.crates.io-1949cf8c6b5b557f\soroban-env-host-25.0.1\src\host.rs:907:9:
HostError: Error(Contract, #1013)

Event log (newest first):
   0: [Diagnostic Event] topics:[error, Error(Contract, #1013)], data:"escalating error to panic"
   1: [Diagnostic Event] topics:[error, Error(Contract, #1013)], data:["contract call failed", store_invoice, [CAAAAAAAAAAAAAAAAAAAAAAAAAAAAAAAAAAAAAAAAAAAAAAAAAAAITA4, 20000, CAAAAAAAAAAAAAAAAAAAAAAAAAAAAAAAAAAAAAAAAAAAAAAAAAAAK3IM, 86400, "Test Invoice", [Services], []]]
   2: [Failed Diagnostic Event (not emitted)] contract:CAAAAAAAAAAAAAAAAAAAAAAAAAAAAAAAAAAAAAAAAAAAAAAAAAAAD2KM, topics:[error, Error(Contract, #1013)], data:"escalating Ok(ScErrorType::Contract) frame-exit to Err"
   3: [Failed Diagnostic Event (not emitted)] contract:CAAAAAAAAAAAAAAAAAAAAAAAAAAAAAAAAAAAAAAAAAAAAAAAAAAAD2KM, topics:[fn_return, store_invoice], data:Error(Contract, #1013)
   4: [Diagnostic Event] topics:[fn_call, CAAAAAAAAAAAAAAAAAAAAAAAAAAAAAAAAAAAAAAAAAAAAAAAAAAAD2KM, store_invoice], data:[CAAAAAAAAAAAAAAAAAAAAAAAAAAAAAAAAAAAAAAAAAAAAAAAAAAAITA4, 20000, CAAAAAAAAAAAAAAAAAAAAAAAAAAAAAAAAAAAAAAAAAAAAAAAAAAAK3IM, 86400, "Test Invoice", [Services], []]

Writing test snapshot file for test "test_investor_kyc::test_investor_kyc::test_multiple_accepted_bids_create_multiple_investments" to "test_snapshots\\test_investor_kyc\\test_investor_kyc\\test_multiple_accepted_bids_create_multiple_investments.1.json".

---- test_investor_kyc::test_investor_kyc::test_single_investor_bids_on_multiple_invoices stdout ----

thread 'test_investor_kyc::test_investor_kyc::test_single_investor_bids_on_multiple_invoices' (17612) panicked at C:\Users\ADMIN\.cargo\registry\src\index.crates.io-1949cf8c6b5b557f\soroban-env-host-25.0.1\src\host.rs:907:9:
HostError: Error(Contract, #1013)

Event log (newest first):
   0: [Diagnostic Event] topics:[error, Error(Contract, #1013)], data:"escalating error to panic"
   1: [Diagnostic Event] topics:[error, Error(Contract, #1013)], data:["contract call failed", store_invoice, [CAAAAAAAAAAAAAAAAAAAAAAAAAAAAAAAAAAAAAAAAAAAAAAAAAAAITA4, 20000, CAAAAAAAAAAAAAAAAAAAAAAAAAAAAAAAAAAAAAAAAAAAAAAAAAAAK3IM, 86400, "Test Invoice", [Services], []]]
   2: [Failed Diagnostic Event (not emitted)] contract:CAAAAAAAAAAAAAAAAAAAAAAAAAAAAAAAAAAAAAAAAAAAAAAAAAAAD2KM, topics:[error, Error(Contract, #1013)], data:"escalating Ok(ScErrorType::Contract) frame-exit to Err"
   3: [Failed Diagnostic Event (not emitted)] contract:CAAAAAAAAAAAAAAAAAAAAAAAAAAAAAAAAAAAAAAAAAAAAAAAAAAAD2KM, topics:[fn_return, store_invoice], data:Error(Contract, #1013)
   4: [Diagnostic Event] topics:[fn_call, CAAAAAAAAAAAAAAAAAAAAAAAAAAAAAAAAAAAAAAAAAAAAAAAAAAAD2KM, store_invoice], data:[CAAAAAAAAAAAAAAAAAAAAAAAAAAAAAAAAAAAAAAAAAAAAAAAAAAAITA4, 20000, CAAAAAAAAAAAAAAAAAAAAAAAAAAAAAAAAAAAAAAAAAAAAAAAAAAAK3IM, 86400, "Test Invoice", [Services], []]

Writing test snapshot file for test "test_investor_kyc::test_investor_kyc::test_single_investor_bids_on_multiple_invoices" to "test_snapshots\\test_investor_kyc\\test_investor_kyc\\test_single_investor_bids_on_multiple_invoices.1.json".

---- test_investor_kyc::test_investor_kyc::test_rejected_investor_cannot_bid stdout ----

thread 'test_investor_kyc::test_investor_kyc::test_rejected_investor_cannot_bid' (19616) panicked at C:\Users\ADMIN\.cargo\registry\src\index.crates.io-1949cf8c6b5b557f\soroban-env-host-25.0.1\src\host.rs:907:9:
HostError: Error(Contract, #1013)

Event log (newest first):
   0: [Diagnostic Event] topics:[error, Error(Contract, #1013)], data:"escalating error to panic"
   1: [Diagnostic Event] topics:[error, Error(Contract, #1013)], data:["contract call failed", store_invoice, [CAAAAAAAAAAAAAAAAAAAAAAAAAAAAAAAAAAAAAAAAAAAAAAAAAAAITA4, 50000, CAAAAAAAAAAAAAAAAAAAAAAAAAAAAAAAAAAAAAAAAAAAAAAAAAAAK3IM, 86400, "Test Invoice", [Services], []]]
   2: [Failed Diagnostic Event (not emitted)] contract:CAAAAAAAAAAAAAAAAAAAAAAAAAAAAAAAAAAAAAAAAAAAAAAAAAAAD2KM, topics:[error, Error(Contract, #1013)], data:"escalating Ok(ScErrorType::Contract) frame-exit to Err"
   3: [Failed Diagnostic Event (not emitted)] contract:CAAAAAAAAAAAAAAAAAAAAAAAAAAAAAAAAAAAAAAAAAAAAAAAAAAAD2KM, topics:[fn_return, store_invoice], data:Error(Contract, #1013)
   4: [Diagnostic Event] topics:[fn_call, CAAAAAAAAAAAAAAAAAAAAAAAAAAAAAAAAAAAAAAAAAAAAAAAAAAAD2KM, store_invoice], data:[CAAAAAAAAAAAAAAAAAAAAAAAAAAAAAAAAAAAAAAAAAAAAAAAAAAAITA4, 50000, CAAAAAAAAAAAAAAAAAAAAAAAAAAAAAAAAAAAAAAAAAAAAAAAAAAAK3IM, 86400, "Test Invoice", [Services], []]

Writing test snapshot file for test "test_investor_kyc::test_investor_kyc::test_rejected_investor_cannot_bid" to "test_snapshots\\test_investor_kyc\\test_investor_kyc\\test_rejected_investor_cannot_bid.1.json".

---- test_investor_kyc::test_investor_kyc::test_unverified_investor_cannot_bid stdout ----

thread 'test_investor_kyc::test_investor_kyc::test_unverified_investor_cannot_bid' (732) panicked at C:\Users\ADMIN\.cargo\registry\src\index.crates.io-1949cf8c6b5b557f\soroban-env-host-25.0.1\src\host.rs:907:9:
HostError: Error(Contract, #1013)

Event log (newest first):
   0: [Diagnostic Event] topics:[error, Error(Contract, #1013)], data:"escalating error to panic"
   1: [Diagnostic Event] topics:[error, Error(Contract, #1013)], data:["contract call failed", store_invoice, [CAAAAAAAAAAAAAAAAAAAAAAAAAAAAAAAAAAAAAAAAAAAAAAAAAAAITA4, 50000, CAAAAAAAAAAAAAAAAAAAAAAAAAAAAAAAAAAAAAAAAAAAAAAAAAAAK3IM, 86400, "Test Invoice", [Services], []]]
   2: [Failed Diagnostic Event (not emitted)] contract:CAAAAAAAAAAAAAAAAAAAAAAAAAAAAAAAAAAAAAAAAAAAAAAAAAAAD2KM, topics:[error, Error(Contract, #1013)], data:"escalating Ok(ScErrorType::Contract) frame-exit to Err"
   3: [Failed Diagnostic Event (not emitted)] contract:CAAAAAAAAAAAAAAAAAAAAAAAAAAAAAAAAAAAAAAAAAAAAAAAAAAAD2KM, topics:[fn_return, store_invoice], data:Error(Contract, #1013)
   4: [Diagnostic Event] topics:[fn_call, CAAAAAAAAAAAAAAAAAAAAAAAAAAAAAAAAAAAAAAAAAAAAAAAAAAAD2KM, store_invoice], data:[CAAAAAAAAAAAAAAAAAAAAAAAAAAAAAAAAAAAAAAAAAAAAAAAAAAAITA4, 50000, CAAAAAAAAAAAAAAAAAAAAAAAAAAAAAAAAAAAAAAAAAAAAAAAAAAAK3IM, 86400, "Test Invoice", [Services], []]

Writing test snapshot file for test "test_investor_kyc::test_investor_kyc::test_unverified_investor_cannot_bid" to "test_snapshots\\test_investor_kyc\\test_investor_kyc\\test_unverified_investor_cannot_bid.1.json".

---- test_investor_kyc::test_investor_kyc::test_zero_amount_bid_fails_regardless_of_limit stdout ----

thread 'test_investor_kyc::test_investor_kyc::test_zero_amount_bid_fails_regardless_of_limit' (21968) panicked at C:\Users\ADMIN\.cargo\registry\src\index.crates.io-1949cf8c6b5b557f\soroban-env-host-25.0.1\src\host.rs:907:9:
HostError: Error(Contract, #1013)

Event log (newest first):
   0: [Diagnostic Event] topics:[error, Error(Contract, #1013)], data:"escalating error to panic"
   1: [Diagnostic Event] topics:[error, Error(Contract, #1013)], data:["contract call failed", store_invoice, [CAAAAAAAAAAAAAAAAAAAAAAAAAAAAAAAAAAAAAAAAAAAAAAAAAAAITA4, 50000, CAAAAAAAAAAAAAAAAAAAAAAAAAAAAAAAAAAAAAAAAAAAAAAAAAAAK3IM, 86400, "Test Invoice", [Services], []]]
   2: [Failed Diagnostic Event (not emitted)] contract:CAAAAAAAAAAAAAAAAAAAAAAAAAAAAAAAAAAAAAAAAAAAAAAAAAAAD2KM, topics:[error, Error(Contract, #1013)], data:"escalating Ok(ScErrorType::Contract) frame-exit to Err"
   3: [Failed Diagnostic Event (not emitted)] contract:CAAAAAAAAAAAAAAAAAAAAAAAAAAAAAAAAAAAAAAAAAAAAAAAAAAAD2KM, topics:[fn_return, store_invoice], data:Error(Contract, #1013)
   4: [Diagnostic Event] topics:[fn_call, CAAAAAAAAAAAAAAAAAAAAAAAAAAAAAAAAAAAAAAAAAAAAAAAAAAAD2KM, store_invoice], data:[CAAAAAAAAAAAAAAAAAAAAAAAAAAAAAAAAAAAAAAAAAAAAAAAAAAAITA4, 50000, CAAAAAAAAAAAAAAAAAAAAAAAAAAAAAAAAAAAAAAAAAAAAAAAAAAAK3IM, 86400, "Test Invoice", [Services], []]

Writing test snapshot file for test "test_investor_kyc::test_investor_kyc::test_zero_amount_bid_fails_regardless_of_limit" to "test_snapshots\\test_investor_kyc\\test_investor_kyc\\test_zero_amount_bid_fails_regardless_of_limit.1.json".

---- test_queries::test_bid_query_pagination_limit_is_capped_to_max_query_limit stdout ----

thread 'test_queries::test_bid_query_pagination_limit_is_capped_to_max_query_limit' (27876) panicked at C:\Users\ADMIN\.cargo\registry\src\index.crates.io-1949cf8c6b5b557f\soroban-env-host-25.0.1\src\host.rs:907:9:
HostError: Error(Contract, #1013)

Event log (newest first):
   0: [Diagnostic Event] topics:[error, Error(Contract, #1013)], data:"escalating error to panic"
   1: [Diagnostic Event] topics:[error, Error(Contract, #1013)], data:["contract call failed", store_invoice, [CAAAAAAAAAAAAAAAAAAAAAAAAAAAAAAAAAAAAAAAAAAAAAAAAAAAFCT4, 5000, CAAAAAAAAAAAAAAAAAAAAAAAAAAAAAAAAAAAAAAAAAAAAAAAAAAAITA4, 86400, "Invoice", [Services], []]]
   2: [Failed Diagnostic Event (not emitted)] contract:CAAAAAAAAAAAAAAAAAAAAAAAAAAAAAAAAAAAAAAAAAAAAAAAAAAAD2KM, topics:[error, Error(Contract, #1013)], data:"escalating Ok(ScErrorType::Contract) frame-exit to Err"
   3: [Failed Diagnostic Event (not emitted)] contract:CAAAAAAAAAAAAAAAAAAAAAAAAAAAAAAAAAAAAAAAAAAAAAAAAAAAD2KM, topics:[fn_return, store_invoice], data:Error(Contract, #1013)
   4: [Diagnostic Event] topics:[fn_call, CAAAAAAAAAAAAAAAAAAAAAAAAAAAAAAAAAAAAAAAAAAAAAAAAAAAD2KM, store_invoice], data:[CAAAAAAAAAAAAAAAAAAAAAAAAAAAAAAAAAAAAAAAAAAAAAAAAAAAFCT4, 5000, CAAAAAAAAAAAAAAAAAAAAAAAAAAAAAAAAAAAAAAAAAAAAAAAAAAAITA4, 86400, "Invoice", [Services], []]

Writing test snapshot file for test "test_queries::test_bid_query_pagination_limit_is_capped_to_max_query_limit" to "test_snapshots\\test_queries\\test_bid_query_pagination_limit_is_capped_to_max_query_limit.1.json".

---- test_investor_kyc::test_investor_kyc::test_multiple_investors_competitive_bidding stdout ----

thread 'test_investor_kyc::test_investor_kyc::test_multiple_investors_competitive_bidding' (11564) panicked at C:\Users\ADMIN\.cargo\registry\src\index.crates.io-1949cf8c6b5b557f\soroban-env-host-25.0.1\src\host.rs:907:9:
HostError: Error(Contract, #1013)

Event log (newest first):
   0: [Diagnostic Event] topics:[error, Error(Contract, #1013)], data:"escalating error to panic"
   1: [Diagnostic Event] topics:[error, Error(Contract, #1013)], data:["contract call failed", store_invoice, [CAAAAAAAAAAAAAAAAAAAAAAAAAAAAAAAAAAAAAAAAAAAAAAAAAAAMDR4, 100000, CAAAAAAAAAAAAAAAAAAAAAAAAAAAAAAAAAAAAAAAAAAAAAAAAAAAOLZM, 86400, "Test Invoice", [Services], []]]
   2: [Failed Diagnostic Event (not emitted)] contract:CAAAAAAAAAAAAAAAAAAAAAAAAAAAAAAAAAAAAAAAAAAAAAAAAAAAD2KM, topics:[error, Error(Contract, #1013)], data:"escalating Ok(ScErrorType::Contract) frame-exit to Err"
   3: [Failed Diagnostic Event (not emitted)] contract:CAAAAAAAAAAAAAAAAAAAAAAAAAAAAAAAAAAAAAAAAAAAAAAAAAAAD2KM, topics:[fn_return, store_invoice], data:Error(Contract, #1013)
   4: [Diagnostic Event] topics:[fn_call, CAAAAAAAAAAAAAAAAAAAAAAAAAAAAAAAAAAAAAAAAAAAAAAAAAAAD2KM, store_invoice], data:[CAAAAAAAAAAAAAAAAAAAAAAAAAAAAAAAAAAAAAAAAAAAAAAAAAAAMDR4, 100000, CAAAAAAAAAAAAAAAAAAAAAAAAAAAAAAAAAAAAAAAAAAAAAAAAAAAOLZM, 86400, "Test Invoice", [Services], []]

Writing test snapshot file for test "test_investor_kyc::test_investor_kyc::test_multiple_investors_competitive_bidding" to "test_snapshots\\test_investor_kyc\\test_investor_kyc\\test_multiple_investors_competitive_bidding.1.json".

---- test_storage::test_bid_storage stdout ----

thread 'test_storage::test_bid_storage' (14252) panicked at C:\Users\ADMIN\.cargo\registry\src\index.crates.io-1949cf8c6b5b557f\soroban-sdk-25.1.1\src\env.rs:1593:14:
called `Result::unwrap()` on an `Err` value: HostError: Error(Storage, MissingValue)

Event log (newest first):
   0: [Diagnostic Event] topics:[error, Error(Storage, MissingValue)], data:"trying to get non-existing value for contract instance"


---- test_queries::test_get_investments_by_investor_after_mixed_bid_outcomes stdout ----

thread 'test_queries::test_get_investments_by_investor_after_mixed_bid_outcomes' (18828) panicked at C:\Users\ADMIN\.cargo\registry\src\index.crates.io-1949cf8c6b5b557f\soroban-env-host-25.0.1\src\host.rs:907:9:
HostError: Error(Contract, #1013)

Event log (newest first):
   0: [Diagnostic Event] topics:[error, Error(Contract, #1013)], data:"escalating error to panic"
   1: [Diagnostic Event] topics:[error, Error(Contract, #1013)], data:["contract call failed", store_invoice, [CAAAAAAAAAAAAAAAAAAAAAAAAAAAAAAAAAAAAAAAAAAAAAAAAAAAITA4, 10000, CAAAAAAAAAAAAAAAAAAAAAAAAAAAAAAAAAAAAAAAAAAAAAAAAAAAMDR4, 86400, "Invoice", [Services], []]]
   2: [Failed Diagnostic Event (not emitted)] contract:CAAAAAAAAAAAAAAAAAAAAAAAAAAAAAAAAAAAAAAAAAAAAAAAAAAAD2KM, topics:[error, Error(Contract, #1013)], data:"escalating Ok(ScErrorType::Contract) frame-exit to Err"
   3: [Failed Diagnostic Event (not emitted)] contract:CAAAAAAAAAAAAAAAAAAAAAAAAAAAAAAAAAAAAAAAAAAAAAAAAAAAD2KM, topics:[fn_return, store_invoice], data:Error(Contract, #1013)
   4: [Diagnostic Event] topics:[fn_call, CAAAAAAAAAAAAAAAAAAAAAAAAAAAAAAAAAAAAAAAAAAAAAAAAAAAD2KM, store_invoice], data:[CAAAAAAAAAAAAAAAAAAAAAAAAAAAAAAAAAAAAAAAAAAAAAAAAAAAITA4, 10000, CAAAAAAAAAAAAAAAAAAAAAAAAAAAAAAAAAAAAAAAAAAAAAAAAAAAMDR4, 86400, "Invoice", [Services], []]

Writing test snapshot file for test "test_queries::test_get_investments_by_investor_after_mixed_bid_outcomes" to "test_snapshots\\test_queries\\test_get_investments_by_investor_after_mixed_bid_outcomes.1.json".

---- test_reentrancy::test_accept_bid_and_fund_guard_blocks stdout ----

thread 'test_reentrancy::test_accept_bid_and_fund_guard_blocks' (12948) panicked at C:\Users\ADMIN\.cargo\registry\src\index.crates.io-1949cf8c6b5b557f\soroban-env-host-25.0.1\src\host.rs:907:9:
HostError: Error(Contract, #1013)

Event log (newest first):
   0: [Diagnostic Event] topics:[error, Error(Contract, #1013)], data:"escalating error to panic"
   1: [Diagnostic Event] topics:[error, Error(Contract, #1013)], data:["contract call failed", store_invoice, [CAAAAAAAAAAAAAAAAAAAAAAAAAAAAAAAAAAAAAAAAAAAAAAAAAAAK3IM, 1000, CCABDO7UZXYE4W6GVSEGSNNZTKSLFQGKXXQTH6OX7M7GKZ4Z6CUJNGZN, 86400, "Invoice", [Services], []]]
   2: [Failed Diagnostic Event (not emitted)] contract:CAAAAAAAAAAAAAAAAAAAAAAAAAAAAAAAAAAAAAAAAAAAAAAAAAAAD2KM, topics:[error, Error(Contract, #1013)], data:"escalating Ok(ScErrorType::Contract) frame-exit to Err"
   3: [Failed Diagnostic Event (not emitted)] contract:CAAAAAAAAAAAAAAAAAAAAAAAAAAAAAAAAAAAAAAAAAAAAAAAAAAAD2KM, topics:[fn_return, store_invoice], data:Error(Contract, #1013)
   4: [Diagnostic Event] topics:[fn_call, CAAAAAAAAAAAAAAAAAAAAAAAAAAAAAAAAAAAAAAAAAAAAAAAAAAAD2KM, store_invoice], data:[CAAAAAAAAAAAAAAAAAAAAAAAAAAAAAAAAAAAAAAAAAAAAAAAAAAAK3IM, 1000, CCABDO7UZXYE4W6GVSEGSNNZTKSLFQGKXXQTH6OX7M7GKZ4Z6CUJNGZN, 86400, "Invoice", [Services], []]

Writing test snapshot file for test "test_reentrancy::test_accept_bid_and_fund_guard_blocks" to "test_snapshots\\test_reentrancy\\test_accept_bid_and_fund_guard_blocks.1.json".


failures:
    test::test_bid_expiration_cleanup
    test::test_bid_ranking_and_filters
    test::test_bid_validation_rules
    test::test_escrow_creation_on_bid_acceptance
    test::test_get_bids_for_invoice
    test::test_notification_creation_on_bid_placement
    test::test_simple_bid_storage
    test::test_unique_bid_id_generation
    test::test_withdraw_bid
    test_audit::test_audit_stats_after_bid_withdrawal
    test_audit::test_audit_stats_total_entries_after_bid
    test_bid::test_best_bid_excludes_withdrawn
    test_bid::test_bid_at_exact_expiration_not_expired
    test_bid::test_bid_default_ttl_seven_days
    test_bid::test_bid_expiration_and_cleanup
    test_bid::test_bid_minimum_amount_enforced
    test_bid::test_bid_one_second_past_expiration_expired
    test_bid::test_bid_placement_non_verified_invoice_fails
    test_bid::test_bid_placement_respects_investment_limit
    test_bid::test_bid_placement_verified_invoice_succeeds
    test_bid::test_bid_ranking_by_profit
    test_bid::test_bid_withdrawal_by_owner_succeeds
    test_bid::test_bid_withdrawal_only_placed_bids
    test_bid::test_business_accepts_one_bid_others_remain_placed
    test_bid::test_cancel_bid_on_cancelled_returns_false
    test_bid::test_cancel_bid_on_withdrawn_returns_false
    test_bid::test_cancel_bid_succeeds
    test_bid::test_cancelled_bid_excluded_from_ranking
    test_bid::test_cancelled_bids_not_affected_by_expiration
    test_bid::test_cannot_accept_expired_bid
    test_bid::test_cannot_accept_second_bid_after_first_accepted
    test_bid::test_cleanup_expired_bids_returns_count
    test_bid::test_cleanup_on_invoice_with_no_bids
    test_bid::test_cleanup_triggered_on_query_after_expiration
    test_bid::test_cleanup_with_no_expired_bids_returns_zero
    test_bid::test_expiration_cleanup_isolated_per_invoice
    test_bid::test_expired_bids_removed_from_invoice_list
    test_bid::test_get_all_bids_by_investor_cross_invoice
    test_bid::test_get_best_bid_excludes_expired
    test_bid::test_get_bids_for_invoice_returns_all_bids
    test_bid::test_get_ranked_bids_excludes_expired
    test_bid::test_mixed_status_bids_only_placed_expire
    test_bid::test_multiple_bids_indexing_and_query
    test_bid::test_multiple_investors_bids_ranking_order
    test_bid::test_multiple_investors_place_bids_on_same_invoice
    test_bid::test_non_accepted_investors_can_withdraw_after_acceptance
    test_bid::test_only_one_escrow_created_for_accepted_bid
    test_bid::test_partial_expiration_cleanup
    test_bid::test_place_bid_cleans_up_expired_before_placing
    test_bid::test_query_bids_by_investor
    test_bid::test_ranking_after_all_bids_expire
    test_bid::test_updated_limit_enforced_in_bidding
    test_bid::test_withdrawn_bids_not_affected_by_expiration
    test_bid_queries::test_get_all_bids_by_investor_empty_and_multiple
    test_bid_queries::test_get_bids_by_investor_empty
    test_bid_queries::test_get_bids_by_investor_multiple
    test_bid_queries::test_get_bids_by_status_isolated
    test_bid_queries::test_get_bids_for_invoice_empty
    test_bid_queries::test_get_bids_for_invoice_multiple_all_statuses
    test_bid_ranking::test_best_bid_after_withdrawal
    test_bid_ranking::test_best_bid_equals_first_ranked
    test_bid_ranking::test_best_bid_excludes_expired
    test_bid_ranking::test_best_bid_excludes_withdrawn
    test_bid_ranking::test_equal_bids_tie_break_by_timestamp
    test_bid_ranking::test_ranked_bids_profit_ordering
    test_bid_ranking::test_ranked_excludes_withdrawn_and_expired
    test_bid_ranking::test_ranking_with_multiple_bids
    test_bid_ranking::test_single_bid_ranking_and_best_selection
    test_currency::test_bid_on_invoice_with_non_whitelisted_currency_fails_when_whitelist_set
    test_escrow::test_accept_bid_state_transitions
    test_escrow::test_cannot_accept_withdrawn_bid
    test_escrow::test_multiple_bids_complete_workflow
    test_escrow::test_multiple_bids_only_accepted_creates_escrow
    test_escrow::test_multiple_bids_only_one_accepted
    test_escrow::test_only_invoice_owner_can_accept_bid
    test_escrow::test_single_escrow_per_invoice_with_multiple_bids
    test_events::test_bid_accepted_event
    test_events::test_bid_placed_event
    test_events::test_bid_withdrawn_event
    test_investor_kyc::test_investor_kyc::test_bid_exceeding_investment_limit_fails
    test_investor_kyc::test_investor_kyc::test_bid_within_investment_limit_succeeds
    test_investor_kyc::test_investor_kyc::test_get_all_bids_by_investor_after_acceptances
    test_investor_kyc::test_investor_kyc::test_investment_limit_applies_across_all_bids
    test_investor_kyc::test_investor_kyc::test_investor_bids_accepted_on_some_invoices
error: test failed, 
to rerun pass 
`--lib`
    test_investor_kyc::test_investor_kyc::test_investor_can_withdraw_non_accepted_bids
    test_investor_kyc::test_investor_kyc::test_investor_without_kyc_cannot_bid
    test_investor_kyc::test_investor_kyc::test_limit_update_applies_to_new_bids_only
    test_investor_kyc::test_investor_kyc::test_multiple_accepted_bids_create_multiple_investments
    test_investor_kyc::test_investor_kyc::test_multiple_investors_competitive_bidding
    test_investor_kyc::test_investor_kyc::test_rejected_investor_cannot_bid
    test_investor_kyc::test_investor_kyc::test_single_investor_bids_on_multiple_invoices
    test_investor_kyc::test_investor_kyc::test_unverified_investor_cannot_bid
    test_investor_kyc::test_investor_kyc::test_zero_amount_bid_fails_regardless_of_limit
    test_queries::test_bid_query_pagination_limit_is_capped_to_max_query_limit
    test_queries::test_get_investments_by_investor_after_mixed_bid_outcomes
    test_reentrancy::test_accept_bid_and_fund_guard_blocks
    test_storage::test_bid_storage

test result: FAILED. 23 passed; 97 failed; 0 ignored; 0 measured; 879 filtered out; finished in 3.03s

