cargo : warning: unused import: `ADMIN_INITIALIZED_KEY`
At line:1 char:1
+ cargo test --no-run 2>&1 | Out-File -FilePath "test_errors_raw.txt" - ...
+ ~~~~~~~~~~~~~~~~~~~~~~~~
    + CategoryInfo          : NotSpecified: (warning: unused...NITIALIZED_KEY`:String) [], RemoteException
    + FullyQualifiedErrorId : NativeCommandError
 
  --> src\init.rs:28:34
   |
28 | use crate::admin::{AdminStorage, ADMIN_INITIALIZED_KEY};
   |                                  ^^^^^^^^^^^^^^^^^^^^^
   |
   = note: `#[warn(unused_imports)]` (part of `#[warn(unused)]`) on by default

warning: unused import: `crate::currency::CurrencyWhitelist`
  --> src\init.rs:29:5
   |
29 | use crate::currency::CurrencyWhitelist;
   |     ^^^^^^^^^^^^^^^^^^^^^^^^^^^^^^^^^^

warning: use of deprecated method `soroban_sdk::events::Events::publish`: use the #[contractevent] macro on a contract 
event type
   --> src\admin.rs:165:18
    |
165 |     env.events().publish(
    |                  ^^^^^^^
    |
    = note: `#[warn(deprecated)]` on by default

warning: use of deprecated method `soroban_sdk::events::Events::publish`: use the #[contractevent] macro on a contract 
event type
   --> src\admin.rs:173:18
    |
173 |     env.events().publish(
    |                  ^^^^^^^

warning: use of deprecated method `soroban_sdk::events::Events::publish`: use the #[contractevent] macro on a contract 
event type
  --> src\emergency.rs:65:22
   |
65 |         env.events().publish(
   |                      ^^^^^^^

warning: use of deprecated method `soroban_sdk::events::Events::publish`: use the #[contractevent] macro on a contract 
event type
   --> src\emergency.rs:107:22
    |
107 |         env.events().publish(
    |                      ^^^^^^^

warning: use of deprecated method `soroban_sdk::events::Events::publish`: use the #[contractevent] macro on a contract 
event type
   --> src\emergency.rs:142:22
    |
142 |         env.events().publish(
    |                      ^^^^^^^

warning: use of deprecated method `soroban_sdk::events::Events::publish`: use the #[contractevent] macro on a contract 
event type
 --> src\events.rs:9:18
  |
9 |     env.events().publish(
  |                  ^^^^^^^

warning: use of deprecated method `soroban_sdk::events::Events::publish`: use the #[contractevent] macro on a contract 
event type
  --> src\events.rs:23:18
   |
23 |     env.events().publish(
   |                  ^^^^^^^

warning: use of deprecated method `soroban_sdk::events::Events::publish`: use the #[contractevent] macro on a contract 
event type
  --> src\events.rs:34:18
   |
34 |     env.events().publish(
   |                  ^^^^^^^

warning: use of deprecated method `soroban_sdk::events::Events::publish`: use the #[contractevent] macro on a contract 
event type
  --> src\events.rs:50:18
   |
50 |     env.events().publish(
   |                  ^^^^^^^

warning: use of deprecated method `soroban_sdk::events::Events::publish`: use the #[contractevent] macro on a contract 
event type
  --> src\events.rs:63:18
   |
63 |     env.events().publish(
   |                  ^^^^^^^

warning: use of deprecated method `soroban_sdk::events::Events::publish`: use the #[contractevent] macro on a contract 
event type
  --> src\events.rs:70:18
   |
70 |     env.events().publish(
   |                  ^^^^^^^

warning: use of deprecated method `soroban_sdk::events::Events::publish`: use the #[contractevent] macro on a contract 
event type
  --> src\events.rs:86:18
   |
86 |     env.events().publish(
   |                  ^^^^^^^

warning: use of deprecated method `soroban_sdk::events::Events::publish`: use the #[contractevent] macro on a contract 
event type
   --> src\events.rs:110:18
    |
110 |     env.events().publish(
    |                  ^^^^^^^

warning: use of deprecated method `soroban_sdk::events::Events::publish`: use the #[contractevent] macro on a contract 
event type
   --> src\events.rs:124:18
    |
124 |     env.events().publish(
    |                  ^^^^^^^

warning: use of deprecated method `soroban_sdk::events::Events::publish`: use the #[contractevent] macro on a contract 
event type
   --> src\events.rs:135:18
    |
135 |     env.events().publish(
    |                  ^^^^^^^

warning: use of deprecated method `soroban_sdk::events::Events::publish`: use the #[contractevent] macro on a contract 
event type
   --> src\events.rs:159:18
    |
159 |     env.events().publish(
    |                  ^^^^^^^

warning: use of deprecated method `soroban_sdk::events::Events::publish`: use the #[contractevent] macro on a contract 
event type
   --> src\events.rs:179:18
    |
179 |     env.events().publish(
    |                  ^^^^^^^

warning: use of deprecated method `soroban_sdk::events::Events::publish`: use the #[contractevent] macro on a contract 
event type
   --> src\events.rs:192:18
    |
192 |     env.events().publish(
    |                  ^^^^^^^

warning: use of deprecated method `soroban_sdk::events::Events::publish`: use the #[contractevent] macro on a contract 
event type
   --> src\events.rs:204:18
    |
204 |     env.events().publish(
    |                  ^^^^^^^

warning: use of deprecated method `soroban_sdk::events::Events::publish`: use the #[contractevent] macro on a contract 
event type
   --> src\events.rs:212:18
    |
212 |     env.events().publish(
    |                  ^^^^^^^

warning: use of deprecated method `soroban_sdk::events::Events::publish`: use the #[contractevent] macro on a contract 
event type
   --> src\events.rs:232:18
    |
232 |     env.events().publish(
    |                  ^^^^^^^

warning: use of deprecated method `soroban_sdk::events::Events::publish`: use the #[contractevent] macro on a contract 
event type
   --> src\events.rs:251:18
    |
251 |     env.events().publish(
    |                  ^^^^^^^

warning: use of deprecated method `soroban_sdk::events::Events::publish`: use the #[contractevent] macro on a contract 
event type
   --> src\events.rs:263:18
    |
263 |     env.events().publish(
    |                  ^^^^^^^

warning: use of deprecated method `soroban_sdk::events::Events::publish`: use the #[contractevent] macro on a contract 
event type
   --> src\events.rs:277:18
    |
277 |     env.events().publish(
    |                  ^^^^^^^

warning: use of deprecated method `soroban_sdk::events::Events::publish`: use the #[contractevent] macro on a contract 
event type
   --> src\events.rs:293:18
    |
293 |     env.events().publish(
    |                  ^^^^^^^

warning: use of deprecated method `soroban_sdk::events::Events::publish`: use the #[contractevent] macro on a contract 
event type
   --> src\events.rs:307:18
    |
307 |     env.events().publish(
    |                  ^^^^^^^

warning: use of deprecated method `soroban_sdk::events::Events::publish`: use the #[contractevent] macro on a contract 
event type
   --> src\events.rs:323:18
    |
323 |     env.events().publish(
    |                  ^^^^^^^

warning: use of deprecated method `soroban_sdk::events::Events::publish`: use the #[contractevent] macro on a contract 
event type
   --> src\events.rs:331:18
    |
331 |     env.events().publish(
    |                  ^^^^^^^

warning: use of deprecated method `soroban_sdk::events::Events::publish`: use the #[contractevent] macro on a contract 
event type
   --> src\events.rs:339:18
    |
339 |     env.events().publish(
    |                  ^^^^^^^

warning: use of deprecated method `soroban_sdk::events::Events::publish`: use the #[contractevent] macro on a contract 
event type
   --> src\events.rs:347:18
    |
347 |     env.events().publish(
    |                  ^^^^^^^

warning: use of deprecated method `soroban_sdk::events::Events::publish`: use the #[contractevent] macro on a contract 
event type
   --> src\events.rs:360:18
    |
360 |     env.events().publish(
    |                  ^^^^^^^

warning: use of deprecated method `soroban_sdk::events::Events::publish`: use the #[contractevent] macro on a contract 
event type
   --> src\events.rs:373:18
    |
373 |     env.events().publish(
    |                  ^^^^^^^

warning: use of deprecated method `soroban_sdk::events::Events::publish`: use the #[contractevent] macro on a contract 
event type
   --> src\events.rs:382:18
    |
382 |     env.events().publish(
    |                  ^^^^^^^

warning: use of deprecated method `soroban_sdk::events::Events::publish`: use the #[contractevent] macro on a contract 
event type
   --> src\events.rs:391:10
    |
391 |         .publish((symbol_short!("aud_qry"),), (query_type, result_count));
    |          ^^^^^^^

warning: use of deprecated method `soroban_sdk::events::Events::publish`: use the #[contractevent] macro on a contract 
event type
   --> src\events.rs:402:18
    |
402 |     env.events().publish(
    |                  ^^^^^^^

warning: use of deprecated method `soroban_sdk::events::Events::publish`: use the #[contractevent] macro on a contract 
event type
   --> src\events.rs:420:18
    |
420 |     env.events().publish(
    |                  ^^^^^^^

warning: use of deprecated method `soroban_sdk::events::Events::publish`: use the #[contractevent] macro on a contract 
event type
   --> src\events.rs:433:18
    |
433 |     env.events().publish(
    |                  ^^^^^^^

warning: use of deprecated method `soroban_sdk::events::Events::publish`: use the #[contractevent] macro on a contract 
event type
   --> src\events.rs:446:18
    |
446 |     env.events().publish(
    |                  ^^^^^^^

warning: use of deprecated method `soroban_sdk::events::Events::publish`: use the #[contractevent] macro on a contract 
event type
   --> src\events.rs:459:18
    |
459 |     env.events().publish(
    |                  ^^^^^^^

warning: use of deprecated method `soroban_sdk::events::Events::publish`: use the #[contractevent] macro on a contract 
event type
   --> src\events.rs:476:18
    |
476 |     env.events().publish(
    |                  ^^^^^^^

warning: use of deprecated method `soroban_sdk::events::Events::publish`: use the #[contractevent] macro on a contract 
event type
   --> src\events.rs:488:18
    |
488 |     env.events().publish(
    |                  ^^^^^^^

warning: use of deprecated method `soroban_sdk::events::Events::publish`: use the #[contractevent] macro on a contract 
event type
   --> src\events.rs:509:18
    |
509 |     env.events().publish(
    |                  ^^^^^^^

warning: use of deprecated method `soroban_sdk::events::Events::publish`: use the #[contractevent] macro on a contract 
event type
   --> src\events.rs:528:18
    |
528 |     env.events().publish(
    |                  ^^^^^^^

warning: use of deprecated method `soroban_sdk::events::Events::publish`: use the #[contractevent] macro on a contract 
event type
   --> src\events.rs:547:18
    |
547 |     env.events().publish(
    |                  ^^^^^^^

warning: use of deprecated method `soroban_sdk::events::Events::publish`: use the #[contractevent] macro on a contract 
event type
   --> src\events.rs:567:18
    |
567 |     env.events().publish(
    |                  ^^^^^^^

warning: use of deprecated method `soroban_sdk::events::Events::publish`: use the #[contractevent] macro on a contract 
event type
   --> src\events.rs:588:18
    |
588 |     env.events().publish(
    |                  ^^^^^^^

warning: use of deprecated method `soroban_sdk::events::Events::publish`: use the #[contractevent] macro on a contract 
event type
   --> src\events.rs:610:18
    |
610 |     env.events().publish(
    |                  ^^^^^^^

warning: use of deprecated method `soroban_sdk::events::Events::publish`: use the #[contractevent] macro on a contract 
event type
   --> src\events.rs:630:18
    |
630 |     env.events().publish(
    |                  ^^^^^^^

warning: use of deprecated method `soroban_sdk::events::Events::publish`: use the #[contractevent] macro on a contract 
event type
   --> src\events.rs:648:18
    |
648 |     env.events().publish(
    |                  ^^^^^^^

warning: use of deprecated method `soroban_sdk::events::Events::publish`: use the #[contractevent] macro on a contract 
event type
   --> src\events.rs:666:18
    |
666 |     env.events().publish(
    |                  ^^^^^^^

warning: use of deprecated method `soroban_sdk::events::Events::publish`: use the #[contractevent] macro on a contract 
event type
   --> src\events.rs:679:18
    |
679 |     env.events().publish(
    |                  ^^^^^^^

warning: use of deprecated method `soroban_sdk::events::Events::publish`: use the #[contractevent] macro on a contract 
event type
   --> src\events.rs:696:18
    |
696 |     env.events().publish(
    |                  ^^^^^^^

warning: use of deprecated method `soroban_sdk::events::Events::publish`: use the #[contractevent] macro on a contract 
event type
   --> src\events.rs:709:18
    |
709 |     env.events().publish(
    |                  ^^^^^^^

warning: use of deprecated method `soroban_sdk::events::Events::publish`: use the #[contractevent] macro on a contract 
event type
   --> src\events.rs:726:18
    |
726 |     env.events().publish(
    |                  ^^^^^^^

warning: use of deprecated method `soroban_sdk::events::Events::publish`: use the #[contractevent] macro on a contract 
event type
   --> src\events.rs:756:18
    |
756 |     env.events().publish(
    |                  ^^^^^^^

warning: use of deprecated method `soroban_sdk::events::Events::publish`: use the #[contractevent] macro on a contract 
event type
   --> src\fees.rs:220:22
    |
220 |         env.events().publish((symbol_short!("fee_upd"),), fee_bps);
    |                      ^^^^^^^

warning: use of deprecated method `soroban_sdk::events::Events::publish`: use the #[contractevent] macro on a contract 
event type
   --> src\init.rs:458:18
    |
458 |     env.events().publish(
    |                  ^^^^^^^

warning: use of deprecated method `soroban_sdk::events::Events::publish`: use the #[contractevent] macro on a contract 
event type
   --> src\init.rs:480:18
    |
480 |     env.events().publish(
    |                  ^^^^^^^

warning: use of deprecated method `soroban_sdk::events::Events::publish`: use the #[contractevent] macro on a contract 
event type
   --> src\init.rs:494:18
    |
494 |     env.events().publish(
    |                  ^^^^^^^

warning: use of deprecated method `soroban_sdk::events::Events::publish`: use the #[contractevent] macro on a contract 
event type
   --> src\init.rs:502:18
    |
502 |     env.events().publish(
    |                  ^^^^^^^

warning: use of deprecated method `soroban_sdk::events::Events::publish`: use the #[contractevent] macro on a contract 
event type
   --> src\notifications.rs:264:22
    |
264 |         env.events().publish(
    |                      ^^^^^^^

warning: use of deprecated method `soroban_sdk::events::Events::publish`: use the #[contractevent] macro on a contract 
event type
   --> src\notifications.rs:311:22
    |
311 |         env.events().publish(
    |                      ^^^^^^^

warning: use of deprecated method `soroban_sdk::events::Events::publish`: use the #[contractevent] macro on a contract 
event type
   --> src\notifications.rs:348:14
    |
348 |             .publish((symbol_short!("pref_up"),), (user.clone(),));
    |              ^^^^^^^

warning: use of deprecated method `soroban_sdk::events::Events::publish`: use the #[contractevent] macro on a contract 
event type
   --> src\settlement.rs:510:18
    |
510 |     env.events().publish(
    |                  ^^^^^^^

warning: use of deprecated method `soroban_sdk::events::Events::publish`: use the #[contractevent] macro on a contract 
event type
   --> src\settlement.rs:528:18
    |
528 |     env.events().publish(
    |                  ^^^^^^^

warning: use of deprecated method `soroban_sdk::events::Events::publish`: use the #[contractevent] macro on a contract 
event type
   --> src\verification.rs:680:18
    |
680 |     env.events().publish(
    |                  ^^^^^^^

warning: use of deprecated method `soroban_sdk::events::Events::publish`: use the #[contractevent] macro on a contract 
event type
   --> src\verification.rs:687:18
    |
687 |     env.events().publish(
    |                  ^^^^^^^

warning: use of deprecated method `soroban_sdk::events::Events::publish`: use the #[contractevent] macro on a contract 
event type
   --> src\verification.rs:694:18
    |
694 |     env.events().publish(
    |                  ^^^^^^^

warning: use of deprecated method `soroban_sdk::events::Events::publish`: use the #[contractevent] macro on a contract 
event type
   --> src\lib.rs:336:22
    |
336 |         env.events().publish(
    |                      ^^^^^^^

warning: use of deprecated method `soroban_sdk::events::Events::publish`: use the #[contractevent] macro on a contract 
event type
   --> src\lib.rs:613:22
    |
613 |         env.events().publish(
    |                      ^^^^^^^

warning: use of deprecated method `soroban_sdk::events::Events::publish`: use the #[contractevent] macro on a contract 
event type
    --> src\lib.rs:1143:14
     |
1143 |             .publish((symbol_short!("rated"),), (invoice_id, rating, rater));
     |              ^^^^^^^

warning: unused variable: `admin`
   --> src\fees.rs:204:9
    |
204 |         admin: &Address,
    |         ^^^^^ help: if this is intentional, prefix it with an underscore: `_admin`
    |
    = note: `#[warn(unused_variables)]` (part of `#[warn(unused)]`) on by default

warning: constant `MAX_PLATFORM_FEE_BPS` is never used
  --> src\fees.rs:10:7
   |
10 | const MAX_PLATFORM_FEE_BPS: u32 = 1000; // 10%
   |       ^^^^^^^^^^^^^^^^^^^^
   |
   = note: `#[warn(dead_code)]` (part of `#[warn(unused)]`) on by default

warning: constant `TREASURY_KEY` is never used
  --> src\init.rs:40:7
   |
40 | const TREASURY_KEY: Symbol = symbol_short!("treasury");
   |       ^^^^^^^^^^^^

warning: constant `FEE_BPS_KEY` is never used
  --> src\init.rs:43:7
   |
43 | const FEE_BPS_KEY: Symbol = symbol_short!("fee_bps");
   |       ^^^^^^^^^^^

warning: constant `WHITELIST_KEY` is never used
  --> src\init.rs:46:7
   |
46 | const WHITELIST_KEY: Symbol = symbol_short!("curr_wl");
   |       ^^^^^^^^^^^^^

warning: constant `DEFAULT_MIN_INVOICE_AMOUNT` is never used
  --> src\init.rs:49:7
   |
49 | const DEFAULT_MIN_INVOICE_AMOUNT: i128 = 1_000_000; // 1 token (6 decimals)
   |       ^^^^^^^^^^^^^^^^^^^^^^^^^^

warning: constant `DEFAULT_MAX_DUE_DATE_DAYS` is never used
  --> src\init.rs:50:7
   |
50 | const DEFAULT_MAX_DUE_DATE_DAYS: u64 = 365;
   |       ^^^^^^^^^^^^^^^^^^^^^^^^^

warning: constant `DEFAULT_GRACE_PERIOD_SECONDS` is never used
  --> src\init.rs:51:7
   |
51 | const DEFAULT_GRACE_PERIOD_SECONDS: u64 = 7 * 24 * 60 * 60; // 7 days
   |       ^^^^^^^^^^^^^^^^^^^^^^^^^^^^

warning: constant `DEFAULT_FEE_BPS` is never used
  --> src\init.rs:52:7
   |
52 | const DEFAULT_FEE_BPS: u32 = 200; // 2%
   |       ^^^^^^^^^^^^^^^

warning: multiple associated functions are never used
   --> src\init.rs:245:12
    |
101 | impl ProtocolInitializer {
    | ------------------------ associated functions in this implementation
...
245 |     pub fn set_protocol_config(
    |            ^^^^^^^^^^^^^^^^^^^
...
307 |     pub fn set_fee_config(
    |            ^^^^^^^^^^^^^^
...
344 |     pub fn set_treasury(
    |            ^^^^^^^^^^^^
...
385 |     pub fn get_fee_bps(env: &Env) -> u32 {
    |            ^^^^^^^^^^^
...
400 |     pub fn get_treasury(env: &Env) -> Option<Address> {
    |            ^^^^^^^^^^^^
...
411 |     pub fn get_min_invoice_amount(env: &Env) -> i128 {
    |            ^^^^^^^^^^^^^^^^^^^^^^
...
424 |     pub fn get_max_due_date_days(env: &Env) -> u64 {
    |            ^^^^^^^^^^^^^^^^^^^^^
...
437 |     pub fn get_grace_period_seconds(env: &Env) -> u64 {
    |            ^^^^^^^^^^^^^^^^^^^^^^^^

warning: function `emit_protocol_config_updated` is never used
   --> src\init.rs:473:4
    |
473 | fn emit_protocol_config_updated(
    |    ^^^^^^^^^^^^^^^^^^^^^^^^^^^^

warning: function `emit_fee_config_updated` is never used
   --> src\init.rs:493:4
    |
493 | fn emit_fee_config_updated(env: &Env, admin: &Address, fee_bps: u32) {
    |    ^^^^^^^^^^^^^^^^^^^^^^^

warning: function `emit_treasury_updated` is never used
   --> src\init.rs:501:4
    |
501 | fn emit_treasury_updated(env: &Env, admin: &Address, treasury: &Address) {
    |    ^^^^^^^^^^^^^^^^^^^^^

warning: constant `MAX_TAG_LENGTH` is never used
  --> src\protocol_limits.rs:35:11
   |
35 | pub const MAX_TAG_LENGTH: u32 = 50;
   |           ^^^^^^^^^^^^^^

warning: function `get_payment_count` is never used
   --> src\settlement.rs:293:8
    |
293 | pub fn get_payment_count(env: &Env, invoice_id: &BytesN<32>) -> Result<u32, QuickLendXError> {
    |        ^^^^^^^^^^^^^^^^^

warning: function `get_payment_records` is never used
   --> src\settlement.rs:312:8
    |
312 | pub fn get_payment_records(
    |        ^^^^^^^^^^^^^^^^^^^

warning: `quicklendx-contracts` (lib) generated 89 warnings (run `cargo fix --lib -p quicklendx-contracts` to apply 3 
suggestions)
   Compiling quicklendx-contracts v0.1.0 (C:\Users\ADMIN\Desktop\dripsWave\quicklendx-protocol\quicklendx-contracts)
warning: unused import: `BytesN`
  --> src\test_string_limits.rs:11:14
   |
11 |     Address, BytesN, Env, String, Vec,
   |              ^^^^^^

warning: unused import: `BytesN as _`
  --> src\test_dispute.rs:15:31
   |
15 |     testutils::{Address as _, BytesN as _},
   |                               ^^^^^^^^^^^

warning: unused import: `IntoVal`
 --> src\test_init.rs:6:38
  |
6 | use soroban_sdk::{Address, Env, Vec, IntoVal};
  |                                      ^^^^^^^

warning: unused imports: `PlatformFeeConfig` and `PlatformFee`
  --> src\test_storage.rs:18:22
   |
18 | use crate::profits::{PlatformFee, PlatformFeeConfig};
   |                      ^^^^^^^^^^^  ^^^^^^^^^^^^^^^^^

warning: unused import: `ConfigStorage`
  --> src\test_storage.rs:20:17
   |
20 |     BidStorage, ConfigStorage, Indexes, InvestmentStorage, InvoiceStorage, StorageKeys,
   |                 ^^^^^^^^^^^^^

warning: unused imports: `AnalyticsStorage`, `FinancialMetrics`, and `PlatformMetrics`
  --> src\test\test_analytics.rs:14:26
   |
14 |     AnalyticsCalculator, AnalyticsStorage, FinancialMetrics, PlatformMetrics, TimePeriod,
   |                          ^^^^^^^^^^^^^^^^  ^^^^^^^^^^^^^^^^  ^^^^^^^^^^^^^^^

warning: unused import: `InvoiceStatus`
 --> src\test\test_invoice_categories.rs:2:39
  |
2 | use crate::invoice::{InvoiceCategory, InvoiceStatus};
  |                                       ^^^^^^^^^^^^^

warning: unused import: `Ledger`
 --> src\test\test_invoice_metadata.rs:5:31
  |
5 |     testutils::{Address as _, Ledger},
  |                               ^^^^^^

warning: cannot test inner items
   --> src\test_bid.rs:259:1
    |
259 | #[test]
    | ^^^^^^^
    |
    = note: `#[warn(unnameable_test_items)]` on by default

warning: cannot test inner items
   --> src\test_bid.rs:278:1
    |
278 | #[test]
    | ^^^^^^^

warning: cannot test inner items
   --> src\test_bid.rs:300:1
    |
300 | #[test]
    | ^^^^^^^

warning: unused import: `crate::bid::BidStatus`
  --> src\test_bid_ranking.rs:10:5
   |
10 | use crate::bid::BidStatus;
   |     ^^^^^^^^^^^^^^^^^^^^^

warning: unused import: `Ledger`
  --> src\test_investor_kyc.rs:18:35
   |
18 |         testutils::{Address as _, Ledger},
   |                                   ^^^^^^

warning: unused import: `crate::errors::QuickLendXError`
 --> src\test_limit.rs:3:5
  |
3 | use crate::errors::QuickLendXError;
  |     ^^^^^^^^^^^^^^^^^^^^^^^^^^^^^^

error[E0599]: no method named `iter` found for struct `ContractEvents` in the current scope
   --> src\test_admin.rs:427:36
    |
427 |         let has_admin_set = events.iter().any(|evt| {
    |                                    ^^^^ method not found in `ContractEvents`

error[E0599]: no method named `len` found for struct `ContractEvents` in the current scope
   --> src\test_cancel_refund.rs:132:30
    |
132 |     let event_count = events.len();
    |                              ^^^ method not found in `ContractEvents`

error[E0599]: no method named `len` found for struct `ContractEvents` in the current scope
   --> src\test_cancel_refund.rs:219:20
    |
219 |     assert!(events.len() > 0, "Expected events to be emitted");
    |                    ^^^ method not found in `ContractEvents`

error[E0599]: no method named `len` found for struct `ContractEvents` in the current scope
   --> src\test_cancel_refund.rs:454:20
    |
454 |     assert!(events.len() > 0, "Expected refund events to be emitted");
    |                    ^^^ method not found in `ContractEvents`

error[E0599]: no method named `len` found for struct `ContractEvents` in the current scope
  --> src\test\test_analytics_export_query.rs:57:20
   |
57 |     assert!(events.len() > 0, "Expected at least one event");
   |                    ^^^ method not found in `ContractEvents`

warning: use of deprecated method `soroban_sdk::Env::register_stellar_asset_contract`: use 
[Env::register_stellar_asset_contract_v2]
   --> src\test.rs:448:24
    |
448 |     let currency = env.register_stellar_asset_contract(token_admin);
    |                        ^^^^^^^^^^^^^^^^^^^^^^^^^^^^^^^

warning: use of deprecated method `soroban_sdk::Env::register_stellar_asset_contract`: use 
[Env::register_stellar_asset_contract_v2]
    --> src\test.rs:1034:24
     |
1034 |     let currency = env.register_stellar_asset_contract(token_admin);
     |                        ^^^^^^^^^^^^^^^^^^^^^^^^^^^^^^^

warning: use of deprecated method `soroban_sdk::Env::register_stellar_asset_contract`: use 
[Env::register_stellar_asset_contract_v2]
    --> src\test.rs:1090:24
     |
1090 |     let currency = env.register_stellar_asset_contract(token_admin);
     |                        ^^^^^^^^^^^^^^^^^^^^^^^^^^^^^^^

warning: use of deprecated method `soroban_sdk::Env::register_stellar_asset_contract`: use 
[Env::register_stellar_asset_contract_v2]
    --> src\test.rs:1142:24
     |
1142 |     let currency = env.register_stellar_asset_contract(token_admin);
     |                        ^^^^^^^^^^^^^^^^^^^^^^^^^^^^^^^

warning: use of deprecated method `soroban_sdk::Env::register_stellar_asset_contract`: use 
[Env::register_stellar_asset_contract_v2]
    --> src\test.rs:1199:24
     |
1199 |     let currency = env.register_stellar_asset_contract(token_admin);
     |                        ^^^^^^^^^^^^^^^^^^^^^^^^^^^^^^^

warning: use of deprecated method `soroban_sdk::Env::register_stellar_asset_contract`: use 
[Env::register_stellar_asset_contract_v2]
    --> src\test.rs:1281:24
     |
1281 |     let currency = env.register_stellar_asset_contract(token_admin);
     |                        ^^^^^^^^^^^^^^^^^^^^^^^^^^^^^^^

error[E0061]: this method takes 4 arguments but 3 arguments were supplied
    --> src\test.rs:2252:12
     |
2252 |     client.set_backup_retention_policy(&3, &0, &true);
     |            ^^^^^^^^^^^^^^^^^^^^^^^^^^^ -- argument #1 of type `&soroban_sdk::Address` is missing
     |
note: method defined here
    --> src\lib.rs:2664:12
     |
2664 |     pub fn set_backup_retention_policy(
     |            ^^^^^^^^^^^^^^^^^^^^^^^^^^^
2665 |         env: Env,
2666 |         admin: Address,
     |         --------------
help: provide the argument
     |
2252 -     client.set_backup_retention_policy(&3, &0, &true);
2252 +     client.set_backup_retention_policy(/* &soroban_sdk::Address */, &0, &3, &true);
     |

error[E0308]: mismatched types
    --> src\test.rs:2264:30
     |
2264 |         client.create_backup(&desc);
     |                ------------- ^^^^^ expected `&Address`, found `&String`
     |                |
     |                arguments to this method are incorrect
     |
     = note: expected reference `&soroban_sdk::Address`
                found reference `&soroban_sdk::String`
note: method defined here
    --> src\lib.rs:2557:12
     |
2557 |     pub fn create_backup(env: Env, admin: Address) -> Result<BytesN<32>, QuickLendXError> {
     |            ^^^^^^^^^^^^^           --------------

error[E0061]: this method takes 4 arguments but 3 arguments were supplied
    --> src\test.rs:2288:12
     |
2288 |     client.set_backup_retention_policy(&0, &100, &false);
     |            ^^^^^^^^^^^^^^^^^^^^^^^^^^^ -- argument #1 of type `&soroban_sdk::Address` is missing
     |
note: method defined here
    --> src\lib.rs:2664:12
     |
2664 |     pub fn set_backup_retention_policy(
     |            ^^^^^^^^^^^^^^^^^^^^^^^^^^^
2665 |         env: Env,
2666 |         admin: Address,
     |         --------------
help: provide the argument
     |
2288 -     client.set_backup_retention_policy(&0, &100, &false);
2288 +     client.set_backup_retention_policy(/* &soroban_sdk::Address */, &100, &0, &false);
     |

error[E0308]: mismatched types
    --> src\test.rs:2292:40
     |
2292 |     let backup1 = client.create_backup(&String::from_str(&env, "Old backup 1"));
     |                          ------------- ^^^^^^^^^^^^^^^^^^^^^^^^^^^^^^^^^^^^^^^ expected `&Address`, found 
`&String`
     |                          |
     |                          arguments to this method are incorrect
     |
     = note: expected reference `&soroban_sdk::Address`
                found reference `&soroban_sdk::String`
note: method defined here
    --> src\lib.rs:2557:12
     |
2557 |     pub fn create_backup(env: Env, admin: Address) -> Result<BytesN<32>, QuickLendXError> {
     |            ^^^^^^^^^^^^^           --------------

error[E0308]: mismatched types
    --> src\test.rs:2295:40
     |
2295 |     let backup2 = client.create_backup(&String::from_str(&env, "Old backup 2"));
     |                          ------------- ^^^^^^^^^^^^^^^^^^^^^^^^^^^^^^^^^^^^^^^ expected `&Address`, found 
`&String`
     |                          |
     |                          arguments to this method are incorrect
     |
     = note: expected reference `&soroban_sdk::Address`
                found reference `&soroban_sdk::String`
note: method defined here
    --> src\lib.rs:2557:12
     |
2557 |     pub fn create_backup(env: Env, admin: Address) -> Result<BytesN<32>, QuickLendXError> {
     |            ^^^^^^^^^^^^^           --------------

error[E0308]: mismatched types
    --> src\test.rs:2298:40
     |
2298 |     let backup3 = client.create_backup(&String::from_str(&env, "Recent backup"));
     |                          ------------- ^^^^^^^^^^^^^^^^^^^^^^^^^^^^^^^^^^^^^^^^ expected `&Address`, found 
`&String`
     |                          |
     |                          arguments to this method are incorrect
     |
     = note: expected reference `&soroban_sdk::Address`
                found reference `&soroban_sdk::String`
note: method defined here
    --> src\lib.rs:2557:12
     |
2557 |     pub fn create_backup(env: Env, admin: Address) -> Result<BytesN<32>, QuickLendXError> {
     |            ^^^^^^^^^^^^^           --------------

error[E0061]: this method takes 1 argument but 0 arguments were supplied
    --> src\test.rs:2309:26
     |
2309 |     let removed = client.cleanup_backups();
     |                          ^^^^^^^^^^^^^^^-- argument #1 of type `&soroban_sdk::Address` is missing
     |
note: method defined here
    --> src\lib.rs:2695:12
     |
2695 |     pub fn cleanup_backups(env: Env, admin: Address) -> Result<u32, QuickLendXError> {
     |            ^^^^^^^^^^^^^^^           --------------
help: provide the argument
     |
2309 |     let removed = client.cleanup_backups(/* &soroban_sdk::Address */);
     |                                          +++++++++++++++++++++++++++

error[E0061]: this method takes 4 arguments but 3 arguments were supplied
    --> src\test.rs:2314:12
     |
2314 |     client.set_backup_retention_policy(&0, &100, &true);
     |            ^^^^^^^^^^^^^^^^^^^^^^^^^^^ -- argument #1 of type `&soroban_sdk::Address` is missing
     |
note: method defined here
    --> src\lib.rs:2664:12
     |
2664 |     pub fn set_backup_retention_policy(
     |            ^^^^^^^^^^^^^^^^^^^^^^^^^^^
2665 |         env: Env,
2666 |         admin: Address,
     |         --------------
help: provide the argument
     |
2314 -     client.set_backup_retention_policy(&0, &100, &true);
2314 +     client.set_backup_retention_policy(/* &soroban_sdk::Address */, &100, &0, &true);
     |

error[E0061]: this method takes 1 argument but 0 arguments were supplied
    --> src\test.rs:2318:26
     |
2318 |     let removed = client.cleanup_backups();
     |                          ^^^^^^^^^^^^^^^-- argument #1 of type `&soroban_sdk::Address` is missing
     |
note: method defined here
    --> src\lib.rs:2695:12
     |
2695 |     pub fn cleanup_backups(env: Env, admin: Address) -> Result<u32, QuickLendXError> {
     |            ^^^^^^^^^^^^^^^           --------------
help: provide the argument
     |
2318 |     let removed = client.cleanup_backups(/* &soroban_sdk::Address */);
     |                                          +++++++++++++++++++++++++++

error[E0061]: this method takes 4 arguments but 3 arguments were supplied
    --> src\test.rs:2342:12
     |
2342 |     client.set_backup_retention_policy(&5, &200, &true);
     |            ^^^^^^^^^^^^^^^^^^^^^^^^^^^ -- argument #1 of type `&soroban_sdk::Address` is missing
     |
note: method defined here
    --> src\lib.rs:2664:12
     |
2664 |     pub fn set_backup_retention_policy(
     |            ^^^^^^^^^^^^^^^^^^^^^^^^^^^
2665 |         env: Env,
2666 |         admin: Address,
     |         --------------
help: provide the argument
     |
2342 -     client.set_backup_retention_policy(&5, &200, &true);
2342 +     client.set_backup_retention_policy(/* &soroban_sdk::Address */, &200, &5, &true);
     |

error[E0308]: mismatched types
    --> src\test.rs:2347:30
     |
2347 |         client.create_backup(&String::from_str(&env, "Backup"));
     |                ------------- ^^^^^^^^^^^^^^^^^^^^^^^^^^^^^^^^^ expected `&Address`, found `&String`
     |                |
     |                arguments to this method are incorrect
     |
     = note: expected reference `&soroban_sdk::Address`
                found reference `&soroban_sdk::String`
note: method defined here
    --> src\lib.rs:2557:12
     |
2557 |     pub fn create_backup(env: Env, admin: Address) -> Result<BytesN<32>, QuickLendXError> {
     |            ^^^^^^^^^^^^^           --------------

error[E0308]: mismatched types
    --> src\test.rs:2360:26
     |
2360 |     client.create_backup(&String::from_str(&env, "New backup"));
     |            ------------- ^^^^^^^^^^^^^^^^^^^^^^^^^^^^^^^^^^^^^ expected `&Address`, found `&String`
     |            |
     |            arguments to this method are incorrect
     |
     = note: expected reference `&soroban_sdk::Address`
                found reference `&soroban_sdk::String`
note: method defined here
    --> src\lib.rs:2557:12
     |
2557 |     pub fn create_backup(env: Env, admin: Address) -> Result<BytesN<32>, QuickLendXError> {
     |            ^^^^^^^^^^^^^           --------------

error[E0061]: this method takes 4 arguments but 3 arguments were supplied
    --> src\test.rs:2380:12
     |
2380 |     client.set_backup_retention_policy(&2, &0, &false);
     |            ^^^^^^^^^^^^^^^^^^^^^^^^^^^ -- argument #1 of type `&soroban_sdk::Address` is missing
     |
note: method defined here
    --> src\lib.rs:2664:12
     |
2664 |     pub fn set_backup_retention_policy(
     |            ^^^^^^^^^^^^^^^^^^^^^^^^^^^
2665 |         env: Env,
2666 |         admin: Address,
     |         --------------
help: provide the argument
     |
2380 -     client.set_backup_retention_policy(&2, &0, &false);
2380 +     client.set_backup_retention_policy(/* &soroban_sdk::Address */, &0, &2, &false);
     |

error[E0308]: mismatched types
    --> src\test.rs:2385:30
     |
2385 |         client.create_backup(&String::from_str(&env, "Backup"));
     |                ------------- ^^^^^^^^^^^^^^^^^^^^^^^^^^^^^^^^^ expected `&Address`, found `&String`
     |                |
     |                arguments to this method are incorrect
     |
     = note: expected reference `&soroban_sdk::Address`
                found reference `&soroban_sdk::String`
note: method defined here
    --> src\lib.rs:2557:12
     |
2557 |     pub fn create_backup(env: Env, admin: Address) -> Result<BytesN<32>, QuickLendXError> {
     |            ^^^^^^^^^^^^^           --------------

error[E0061]: this method takes 4 arguments but 3 arguments were supplied
    --> src\test.rs:2406:12
     |
2406 |     client.set_backup_retention_policy(&0, &0, &true);
     |            ^^^^^^^^^^^^^^^^^^^^^^^^^^^ -- argument #1 of type `&soroban_sdk::Address` is missing
     |
note: method defined here
    --> src\lib.rs:2664:12
     |
2664 |     pub fn set_backup_retention_policy(
     |            ^^^^^^^^^^^^^^^^^^^^^^^^^^^
2665 |         env: Env,
2666 |         admin: Address,
     |         --------------
help: provide the argument
     |
2406 |     client.set_backup_retention_policy(/* &soroban_sdk::Address */, &0, &0, &true);
     |                                        ++++++++++++++++++++++++++++

error[E0308]: mismatched types
    --> src\test.rs:2411:30
     |
2411 |         client.create_backup(&String::from_str(&env, "Backup"));
     |                ------------- ^^^^^^^^^^^^^^^^^^^^^^^^^^^^^^^^^ expected `&Address`, found `&String`
     |                |
     |                arguments to this method are incorrect
     |
     = note: expected reference `&soroban_sdk::Address`
                found reference `&soroban_sdk::String`
note: method defined here
    --> src\lib.rs:2557:12
     |
2557 |     pub fn create_backup(env: Env, admin: Address) -> Result<BytesN<32>, QuickLendXError> {
     |            ^^^^^^^^^^^^^           --------------

error[E0061]: this method takes 4 arguments but 3 arguments were supplied
    --> src\test.rs:2432:12
     |
2432 |     client.set_backup_retention_policy(&2, &0, &true);
     |            ^^^^^^^^^^^^^^^^^^^^^^^^^^^ -- argument #1 of type `&soroban_sdk::Address` is missing
     |
note: method defined here
    --> src\lib.rs:2664:12
     |
2664 |     pub fn set_backup_retention_policy(
     |            ^^^^^^^^^^^^^^^^^^^^^^^^^^^
2665 |         env: Env,
2666 |         admin: Address,
     |         --------------
help: provide the argument
     |
2432 -     client.set_backup_retention_policy(&2, &0, &true);
2432 +     client.set_backup_retention_policy(/* &soroban_sdk::Address */, &0, &2, &true);
     |

error[E0308]: mismatched types
    --> src\test.rs:2436:40
     |
2436 |     let backup1 = client.create_backup(&String::from_str(&env, "Backup 1"));
     |                          ------------- ^^^^^^^^^^^^^^^^^^^^^^^^^^^^^^^^^^^ expected `&Address`, found `&String`
     |                          |
     |                          arguments to this method are incorrect
     |
     = note: expected reference `&soroban_sdk::Address`
                found reference `&soroban_sdk::String`
note: method defined here
    --> src\lib.rs:2557:12
     |
2557 |     pub fn create_backup(env: Env, admin: Address) -> Result<BytesN<32>, QuickLendXError> {
     |            ^^^^^^^^^^^^^           --------------

error[E0308]: mismatched types
    --> src\test.rs:2437:40
     |
2437 |     let backup2 = client.create_backup(&String::from_str(&env, "Backup 2"));
     |                          ------------- ^^^^^^^^^^^^^^^^^^^^^^^^^^^^^^^^^^^ expected `&Address`, found `&String`
     |                          |
     |                          arguments to this method are incorrect
     |
     = note: expected reference `&soroban_sdk::Address`
                found reference `&soroban_sdk::String`
note: method defined here
    --> src\lib.rs:2557:12
     |
2557 |     pub fn create_backup(env: Env, admin: Address) -> Result<BytesN<32>, QuickLendXError> {
     |            ^^^^^^^^^^^^^           --------------

error[E0061]: this method takes 2 arguments but 1 argument was supplied
    --> src\test.rs:2441:12
     |
2441 |     client.archive_backup(&backup1);
     |            ^^^^^^^^^^^^^^ -------- argument #1 of type `&soroban_sdk::Address` is missing
     |
note: method defined here
    --> src\lib.rs:2642:12
     |
2642 |     pub fn archive_backup(
     |            ^^^^^^^^^^^^^^
2643 |         env: Env,
2644 |         admin: Address,
     |         --------------
help: provide the argument
     |
2441 |     client.archive_backup(/* &soroban_sdk::Address */, &backup1);
     |                           ++++++++++++++++++++++++++++

error[E0308]: mismatched types
    --> src\test.rs:2443:40
     |
2443 |     let backup3 = client.create_backup(&String::from_str(&env, "Backup 3"));
     |                          ------------- ^^^^^^^^^^^^^^^^^^^^^^^^^^^^^^^^^^^ expected `&Address`, found `&String`
     |                          |
     |                          arguments to this method are incorrect
     |
     = note: expected reference `&soroban_sdk::Address`
                found reference `&soroban_sdk::String`
note: method defined here
    --> src\lib.rs:2557:12
     |
2557 |     pub fn create_backup(env: Env, admin: Address) -> Result<BytesN<32>, QuickLendXError> {
     |            ^^^^^^^^^^^^^           --------------

error[E0061]: this method takes 4 arguments but 3 arguments were supplied
    --> src\test.rs:2470:12
     |
2470 |     client.set_backup_retention_policy(&3, &0, &true);
     |            ^^^^^^^^^^^^^^^^^^^^^^^^^^^ -- argument #1 of type `&soroban_sdk::Address` is missing
     |
note: method defined here
    --> src\lib.rs:2664:12
     |
2664 |     pub fn set_backup_retention_policy(
     |            ^^^^^^^^^^^^^^^^^^^^^^^^^^^
2665 |         env: Env,
2666 |         admin: Address,
     |         --------------
help: provide the argument
     |
2470 -     client.set_backup_retention_policy(&3, &0, &true);
2470 +     client.set_backup_retention_policy(/* &soroban_sdk::Address */, &0, &3, &true);
     |

error[E0061]: this method takes 4 arguments but 3 arguments were supplied
    --> src\test.rs:2474:12
     |
2474 |     client.set_backup_retention_policy(&3, &0, &false);
     |            ^^^^^^^^^^^^^^^^^^^^^^^^^^^ -- argument #1 of type `&soroban_sdk::Address` is missing
     |
note: method defined here
    --> src\lib.rs:2664:12
     |
2664 |     pub fn set_backup_retention_policy(
     |            ^^^^^^^^^^^^^^^^^^^^^^^^^^^
2665 |         env: Env,
2666 |         admin: Address,
     |         --------------
help: provide the argument
     |
2474 -     client.set_backup_retention_policy(&3, &0, &false);
2474 +     client.set_backup_retention_policy(/* &soroban_sdk::Address */, &0, &3, &false);
     |

error[E0308]: mismatched types
    --> src\test.rs:2477:30
     |
2477 |         client.create_backup(&String::from_str(&env, "Backup"));
     |                ------------- ^^^^^^^^^^^^^^^^^^^^^^^^^^^^^^^^^ expected `&Address`, found `&String`
     |                |
     |                arguments to this method are incorrect
     |
     = note: expected reference `&soroban_sdk::Address`
                found reference `&soroban_sdk::String`
note: method defined here
    --> src\lib.rs:2557:12
     |
2557 |     pub fn create_backup(env: Env, admin: Address) -> Result<BytesN<32>, QuickLendXError> {
     |            ^^^^^^^^^^^^^           --------------

error[E0061]: this method takes 4 arguments but 3 arguments were supplied
    --> src\test.rs:2486:12
     |
2486 |     client.set_backup_retention_policy(&3, &0, &true);
     |            ^^^^^^^^^^^^^^^^^^^^^^^^^^^ -- argument #1 of type `&soroban_sdk::Address` is missing
     |
note: method defined here
    --> src\lib.rs:2664:12
     |
2664 |     pub fn set_backup_retention_policy(
     |            ^^^^^^^^^^^^^^^^^^^^^^^^^^^
2665 |         env: Env,
2666 |         admin: Address,
     |         --------------
help: provide the argument
     |
2486 -     client.set_backup_retention_policy(&3, &0, &true);
2486 +     client.set_backup_retention_policy(/* &soroban_sdk::Address */, &0, &3, &true);
     |

error[E0061]: this method takes 1 argument but 0 arguments were supplied
    --> src\test.rs:2490:26
     |
2490 |     let removed = client.cleanup_backups();
     |                          ^^^^^^^^^^^^^^^-- argument #1 of type `&soroban_sdk::Address` is missing
     |
note: method defined here
    --> src\lib.rs:2695:12
     |
2695 |     pub fn cleanup_backups(env: Env, admin: Address) -> Result<u32, QuickLendXError> {
     |            ^^^^^^^^^^^^^^^           --------------
help: provide the argument
     |
2490 |     let removed = client.cleanup_backups(/* &soroban_sdk::Address */);
     |                                          +++++++++++++++++++++++++++

error[E0308]: mismatched types
    --> src\test_bid.rs:1347:47
     |
1347 |     assert!(all_bid_ids.iter().any(|id| id == bid_id1), "bid_id1 should be in list");
     |                                         --    ^^^^^^^ expected `Bid`, found `BytesN<32>`
     |                                         |
     |                                         expected because this is `bid::Bid`
     |
     = note: expected struct `bid::Bid`
                found struct `soroban_sdk::BytesN<32>`

error[E0308]: mismatched types
    --> src\test_bid.rs:1348:47
     |
1348 |     assert!(all_bid_ids.iter().any(|id| id == bid_id2), "bid_id2 should be in list");
     |                                         --    ^^^^^^^ expected `Bid`, found `BytesN<32>`
     |                                         |
     |                                         expected because this is `bid::Bid`
     |
     = note: expected struct `bid::Bid`
                found struct `soroban_sdk::BytesN<32>`

error[E0308]: mismatched types
    --> src\test_bid.rs:1349:47
     |
1349 |     assert!(all_bid_ids.iter().any(|id| id == bid_id3), "bid_id3 should be in list");
     |                                         --    ^^^^^^^ expected `Bid`, found `BytesN<32>`
     |                                         |
     |                                         expected because this is `bid::Bid`
     |
     = note: expected struct `bid::Bid`
                found struct `soroban_sdk::BytesN<32>`

error[E0308]: mismatched types
    --> src\test_bid.rs:1350:47
     |
1350 |     assert!(all_bid_ids.iter().any(|id| id == bid_id4), "bid_id4 should be in list");
     |                                         --    ^^^^^^^ expected `Bid`, found `BytesN<32>`
     |                                         |
     |                                         expected because this is `bid::Bid`
     |
     = note: expected struct `bid::Bid`
                found struct `soroban_sdk::BytesN<32>`

error[E0308]: mismatched types
    --> src\test_bid.rs:1351:47
     |
1351 |     assert!(all_bid_ids.iter().any(|id| id == bid_id5), "bid_id5 should be in list");
     |                                         --    ^^^^^^^ expected `Bid`, found `BytesN<32>`
     |                                         |
     |                                         expected because this is `bid::Bid`
     |
     = note: expected struct `bid::Bid`
                found struct `soroban_sdk::BytesN<32>`

error[E0599]: no method named `get_investment_ids_by_investor` found for struct `QuickLendXContractClient<'a>` in the 
current scope
   --> src\test_queries.rs:637:33
    |
637 |     let investment_ids = client.get_investment_ids_by_investor(&investor);
    |                                 ^^^^^^^^^^^^^^^^^^^^^^^^^^^^^^
    |
   ::: src\lib.rs:103:1
    |
103 | #[contract]
    | ----------- method `get_investment_ids_by_investor` not found for this struct
    |
help: there is a method `get_investments_by_investor` with a similar name
    |
637 -     let investment_ids = client.get_investment_ids_by_investor(&investor);
637 +     let investment_ids = client.get_investments_by_investor(&investor);
    |

error[E0609]: no field `investor` on type `soroban_sdk::BytesN<32>`
   --> src\test_queries.rs:670:31
    |
670 |         assert_eq!(investment.investor, investor, "All investments should belong to investor");
    |                               ^^^^^^^^ unknown field

error[E0609]: no field `amount` on type `soroban_sdk::BytesN<32>`
   --> src\test_queries.rs:674:76
    |
674 |     let amounts: soroban_sdk::Vec<i128> = investments.iter().map(|inv| inv.amount).collect();
    |                                                                            ^^^^^^ unknown field

error[E0609]: no field `investor` on type `soroban_sdk::BytesN<32>`
   --> src\test_queries.rs:706:45
    |
706 |     assert_eq!(investments1.get(0).unwrap().investor, investor1);
    |                                             ^^^^^^^^ unknown field

error[E0609]: no field `amount` on type `soroban_sdk::BytesN<32>`
   --> src\test_queries.rs:707:45
    |
707 |     assert_eq!(investments1.get(0).unwrap().amount, 5_000);
    |                                             ^^^^^^ unknown field

error[E0609]: no field `investor` on type `soroban_sdk::BytesN<32>`
   --> src\test_queries.rs:712:45
    |
712 |     assert_eq!(investments2.get(0).unwrap().investor, investor2);
    |                                             ^^^^^^^^ unknown field

error[E0609]: no field `amount` on type `soroban_sdk::BytesN<32>`
   --> src\test_queries.rs:713:45
    |
713 |     assert_eq!(investments2.get(0).unwrap().amount, 7_500);
    |                                             ^^^^^^ unknown field

error[E0061]: this method takes 4 arguments but 3 arguments were supplied
    --> src\test_queries.rs:721:24
     |
 721 |     let paged = client.get_investor_investments_paged(&investor, &0u32, &10u32);
     |                        ^^^^^^^^^^^^^^^^^^^^^^^^^^^^^^            ----- argument #2 of type 
`&core::option::Option<investment::InvestmentStatus>` is missing
     |
note: method defined here
    --> src\lib.rs:2376:12
     |
2376 |     pub fn get_investor_investments_paged(
     |            ^^^^^^^^^^^^^^^^^^^^^^^^^^^^^^
...
2379 |         status_filter: Option<InvestmentStatus>,
     |         ---------------------------------------
help: provide the argument
     |
 721 -     let paged = client.get_investor_investments_paged(&investor, &0u32, &10u32);
 721 +     let paged = client.get_investor_investments_paged(&investor, /* 
&core::option::Option<investment::InvestmentStatus> */, &10u32, &0u32);
     |

error[E0061]: this method takes 4 arguments but 3 arguments were supplied
    --> src\test_queries.rs:751:24
     |
 751 |     let page1 = client.get_investor_investments_paged(&investor, &0u32, &2u32);
     |                        ^^^^^^^^^^^^^^^^^^^^^^^^^^^^^^            ----- argument #2 of type 
`&core::option::Option<investment::InvestmentStatus>` is missing
     |
note: method defined here
    --> src\lib.rs:2376:12
     |
2376 |     pub fn get_investor_investments_paged(
     |            ^^^^^^^^^^^^^^^^^^^^^^^^^^^^^^
...
2379 |         status_filter: Option<InvestmentStatus>,
     |         ---------------------------------------
help: provide the argument
     |
 751 -     let page1 = client.get_investor_investments_paged(&investor, &0u32, &2u32);
 751 +     let page1 = client.get_investor_investments_paged(&investor, /* 
&core::option::Option<investment::InvestmentStatus> */, &2u32, &0u32);
     |

error[E0061]: this method takes 4 arguments but 3 arguments were supplied
    --> src\test_queries.rs:755:24
     |
 755 |     let page2 = client.get_investor_investments_paged(&investor, &2u32, &2u32);
     |                        ^^^^^^^^^^^^^^^^^^^^^^^^^^^^^^            ----- argument #2 of type 
`&core::option::Option<investment::InvestmentStatus>` is missing
     |
note: method defined here
    --> src\lib.rs:2376:12
     |
2376 |     pub fn get_investor_investments_paged(
     |            ^^^^^^^^^^^^^^^^^^^^^^^^^^^^^^
...
2379 |         status_filter: Option<InvestmentStatus>,
     |         ---------------------------------------
help: provide the argument
     |
 755 |     let page2 = client.get_investor_investments_paged(&investor, /* 
&core::option::Option<investment::InvestmentStatus> */, &2u32, &2u32);
     |                                                                  
++++++++++++++++++++++++++++++++++++++++++++++++++++++++++

error[E0061]: this method takes 4 arguments but 3 arguments were supplied
    --> src\test_queries.rs:759:24
     |
 759 |     let page3 = client.get_investor_investments_paged(&investor, &4u32, &2u32);
     |                        ^^^^^^^^^^^^^^^^^^^^^^^^^^^^^^            ----- argument #2 of type 
`&core::option::Option<investment::InvestmentStatus>` is missing
     |
note: method defined here
    --> src\lib.rs:2376:12
     |
2376 |     pub fn get_investor_investments_paged(
     |            ^^^^^^^^^^^^^^^^^^^^^^^^^^^^^^
...
2379 |         status_filter: Option<InvestmentStatus>,
     |         ---------------------------------------
help: provide the argument
     |
 759 -     let page3 = client.get_investor_investments_paged(&investor, &4u32, &2u32);
 759 +     let page3 = client.get_investor_investments_paged(&investor, /* 
&core::option::Option<investment::InvestmentStatus> */, &2u32, &4u32);
     |

error[E0609]: no field `investment_id` on type `soroban_sdk::BytesN<32>`
   --> src\test_queries.rs:763:37
    |
763 |     let id1 = page1.get(0).unwrap().investment_id;
    |                                     ^^^^^^^^^^^^^ unknown field

error[E0609]: no field `investment_id` on type `soroban_sdk::BytesN<32>`
   --> src\test_queries.rs:764:37
    |
764 |     let id2 = page2.get(0).unwrap().investment_id;
    |                                     ^^^^^^^^^^^^^ unknown field

error[E0061]: this method takes 4 arguments but 3 arguments were supplied
    --> src\test_queries.rs:786:24
     |
 786 |     let paged = client.get_investor_investments_paged(&investor, &10u32, &5u32);
     |                        ^^^^^^^^^^^^^^^^^^^^^^^^^^^^^^            ------ argument #2 of type 
`&core::option::Option<investment::InvestmentStatus>` is missing
     |
note: method defined here
    --> src\lib.rs:2376:12
     |
2376 |     pub fn get_investor_investments_paged(
     |            ^^^^^^^^^^^^^^^^^^^^^^^^^^^^^^
...
2379 |         status_filter: Option<InvestmentStatus>,
     |         ---------------------------------------
help: provide the argument
     |
 786 -     let paged = client.get_investor_investments_paged(&investor, &10u32, &5u32);
 786 +     let paged = client.get_investor_investments_paged(&investor, /* 
&core::option::Option<investment::InvestmentStatus> */, &5u32, &10u32);
     |

error[E0061]: this method takes 4 arguments but 3 arguments were supplied
    --> src\test_queries.rs:806:24
     |
 806 |     let paged = client.get_investor_investments_paged(&investor, &0u32, &0u32);
     |                        ^^^^^^^^^^^^^^^^^^^^^^^^^^^^^^            ----- argument #2 of type 
`&core::option::Option<investment::InvestmentStatus>` is missing
     |
note: method defined here
    --> src\lib.rs:2376:12
     |
2376 |     pub fn get_investor_investments_paged(
     |            ^^^^^^^^^^^^^^^^^^^^^^^^^^^^^^
...
2379 |         status_filter: Option<InvestmentStatus>,
     |         ---------------------------------------
help: provide the argument
     |
 806 |     let paged = client.get_investor_investments_paged(&investor, /* 
&core::option::Option<investment::InvestmentStatus> */, &0u32, &0u32);
     |                                                                  
++++++++++++++++++++++++++++++++++++++++++++++++++++++++++

error[E0061]: this method takes 4 arguments but 3 arguments were supplied
    --> src\test_queries.rs:836:24
     |
 836 |     let paged = client.get_investor_investments_paged(&investor, &0u32, &500u32);
     |                        ^^^^^^^^^^^^^^^^^^^^^^^^^^^^^^            ----- argument #2 of type 
`&core::option::Option<investment::InvestmentStatus>` is missing
     |
note: method defined here
    --> src\lib.rs:2376:12
     |
2376 |     pub fn get_investor_investments_paged(
     |            ^^^^^^^^^^^^^^^^^^^^^^^^^^^^^^
...
2379 |         status_filter: Option<InvestmentStatus>,
     |         ---------------------------------------
help: provide the argument
     |
 836 -     let paged = client.get_investor_investments_paged(&investor, &0u32, &500u32);
 836 +     let paged = client.get_investor_investments_paged(&investor, /* 
&core::option::Option<investment::InvestmentStatus> */, &500u32, &0u32);
     |

error[E0609]: no field `amount` on type `soroban_sdk::BytesN<32>`
   --> src\test_queries.rs:879:76
    |
879 |     let amounts: soroban_sdk::Vec<i128> = investments.iter().map(|inv| inv.amount).collect();
    |                                                                            ^^^^^^ unknown field

error[E0061]: this method takes 4 arguments but 3 arguments were supplied
    --> src\test_queries.rs:928:24
     |
 928 |     let page1 = client.get_investor_investments_paged(&investor, &0u32, &2u32);
     |                        ^^^^^^^^^^^^^^^^^^^^^^^^^^^^^^            ----- argument #2 of type 
`&core::option::Option<investment::InvestmentStatus>` is missing
     |
note: method defined here
    --> src\lib.rs:2376:12
     |
2376 |     pub fn get_investor_investments_paged(
     |            ^^^^^^^^^^^^^^^^^^^^^^^^^^^^^^
...
2379 |         status_filter: Option<InvestmentStatus>,
     |         ---------------------------------------
help: provide the argument
     |
 928 -     let page1 = client.get_investor_investments_paged(&investor, &0u32, &2u32);
 928 +     let page1 = client.get_investor_investments_paged(&investor, /* 
&core::option::Option<investment::InvestmentStatus> */, &2u32, &0u32);
     |

error[E0061]: this method takes 4 arguments but 3 arguments were supplied
    --> src\test_queries.rs:931:24
     |
 931 |     let page2 = client.get_investor_investments_paged(&investor, &2u32, &2u32);
     |                        ^^^^^^^^^^^^^^^^^^^^^^^^^^^^^^            ----- argument #2 of type 
`&core::option::Option<investment::InvestmentStatus>` is missing
     |
note: method defined here
    --> src\lib.rs:2376:12
     |
2376 |     pub fn get_investor_investments_paged(
     |            ^^^^^^^^^^^^^^^^^^^^^^^^^^^^^^
...
2379 |         status_filter: Option<InvestmentStatus>,
     |         ---------------------------------------
help: provide the argument
     |
 931 |     let page2 = client.get_investor_investments_paged(&investor, /* 
&core::option::Option<investment::InvestmentStatus> */, &2u32, &2u32);
     |                                                                  
++++++++++++++++++++++++++++++++++++++++++++++++++++++++++

error[E0609]: no field `amount` on type `soroban_sdk::BytesN<32>`
   --> src\test_queries.rs:935:69
    |
935 |     let total_invested: i128 = all_investments.iter().map(|inv| inv.amount).fold(0i128, |acc, amt| acc + amt);
    |                                                                     ^^^^^^ unknown field

error[E0609]: no field `status` on type `soroban_sdk::BytesN<32>`
   --> src\test_queries.rs:940:31
    |
940 |         assert_eq!(investment.status, crate::investment::InvestmentStatus::Active);
    |                               ^^^^^^ unknown field

error[E0599]: no method named `iter` found for struct `ContractEvents` in the current scope
   --> src\test_escrow_refund.rs:329:44
    |
329 |     for (contract, topics, data) in events.iter() {
    |                                            ^^^^ method not found in `ContractEvents`

error[E0282]: type annotations needed
   --> src\test_escrow_refund.rs:330:35
    |
330 |         if let Some(topic0_val) = topics.get(0) {
    |                                   ^^^^^^ cannot infer type

error[E0282]: type annotations needed
   --> src\test_escrow_refund.rs:342:25
    |
342 |                     ) = data.try_into_val(&env).unwrap();
    |                         ^^^^ cannot infer type

error[E0599]: no method named `get_investment_by_invoice` found for struct `QuickLendXContractClient<'a>` in the 
current scope
    --> src\test_investor_kyc.rs:1505:34
     |
1505 |         let investment1 = client.get_investment_by_invoice(&invoice_id1);
     |                                  ^^^^^^^^^^^^^^^^^^^^^^^^^
     |
    ::: src\lib.rs:103:1
     |
 103 | #[contract]
     | ----------- method `get_investment_by_invoice` not found for this struct
     |
help: there is a method `get_investment` with a similar name
     |
1505 -         let investment1 = client.get_investment_by_invoice(&invoice_id1);
1505 +         let investment1 = client.get_investment(&invoice_id1);
     |

error[E0599]: no method named `get_investment_by_invoice` found for struct `QuickLendXContractClient<'a>` in the 
current scope
    --> src\test_investor_kyc.rs:1510:34
     |
1510 |         let investment2 = client.get_investment_by_invoice(&invoice_id2);
     |                                  ^^^^^^^^^^^^^^^^^^^^^^^^^
     |
    ::: src\lib.rs:103:1
     |
 103 | #[contract]
     | ----------- method `get_investment_by_invoice` not found for this struct
     |
help: there is a method `get_investment` with a similar name
     |
1510 -         let investment2 = client.get_investment_by_invoice(&invoice_id2);
1510 +         let investment2 = client.get_investment(&invoice_id2);
     |

error[E0599]: no method named `get_investment_by_invoice` found for struct `QuickLendXContractClient<'a>` in the 
current scope
    --> src\test_investor_kyc.rs:1515:34
     |
1515 |         let investment3 = client.get_investment_by_invoice(&invoice_id3);
     |                                  ^^^^^^^^^^^^^^^^^^^^^^^^^
     |
    ::: src\lib.rs:103:1
     |
 103 | #[contract]
     | ----------- method `get_investment_by_invoice` not found for this struct
     |
help: there is a method `get_investment` with a similar name
     |
1515 -         let investment3 = client.get_investment_by_invoice(&invoice_id3);
1515 +         let investment3 = client.get_investment(&invoice_id3);
     |

error[E0599]: no method named `get_investment_by_invoice` found for struct `QuickLendXContractClient<'a>` in the 
current scope
    --> src\test_investor_kyc.rs:1574:24
     |
1574 |         assert!(client.get_investment_by_invoice(&invoice_id1).is_some());
     |                        ^^^^^^^^^^^^^^^^^^^^^^^^^
     |
    ::: src\lib.rs:103:1
     |
 103 | #[contract]
     | ----------- method `get_investment_by_invoice` not found for this struct
     |
help: there is a method `get_investment` with a similar name
     |
1574 -         assert!(client.get_investment_by_invoice(&invoice_id1).is_some());
1574 +         assert!(client.get_investment(&invoice_id1).is_some());
     |

error[E0599]: no method named `get_investment_by_invoice` found for struct `QuickLendXContractClient<'a>` in the 
current scope
    --> src\test_investor_kyc.rs:1575:24
     |
1575 |         assert!(client.get_investment_by_invoice(&invoice_id3).is_some());
     |                        ^^^^^^^^^^^^^^^^^^^^^^^^^
     |
    ::: src\lib.rs:103:1
     |
 103 | #[contract]
     | ----------- method `get_investment_by_invoice` not found for this struct
     |
help: there is a method `get_investment` with a similar name
     |
1575 -         assert!(client.get_investment_by_invoice(&invoice_id3).is_some());
1575 +         assert!(client.get_investment(&invoice_id3).is_some());
     |

error[E0599]: no method named `get_investment_by_invoice` found for struct `QuickLendXContractClient<'a>` in the 
current scope
    --> src\test_investor_kyc.rs:1576:24
     |
1576 |         assert!(client.get_investment_by_invoice(&invoice_id5).is_some());
     |                        ^^^^^^^^^^^^^^^^^^^^^^^^^
     |
    ::: src\lib.rs:103:1
     |
 103 | #[contract]
     | ----------- method `get_investment_by_invoice` not found for this struct
     |
help: there is a method `get_investment` with a similar name
     |
1576 -         assert!(client.get_investment_by_invoice(&invoice_id5).is_some());
1576 +         assert!(client.get_investment(&invoice_id5).is_some());
     |

error[E0599]: no method named `get_investment_by_invoice` found for struct `QuickLendXContractClient<'a>` in the 
current scope
    --> src\test_investor_kyc.rs:1579:24
     |
1579 |         assert!(client.get_investment_by_invoice(&invoice_id2).is_none());
     |                        ^^^^^^^^^^^^^^^^^^^^^^^^^
     |
    ::: src\lib.rs:103:1
     |
 103 | #[contract]
     | ----------- method `get_investment_by_invoice` not found for this struct
     |
help: there is a method `get_investment` with a similar name
     |
1579 -         assert!(client.get_investment_by_invoice(&invoice_id2).is_none());
1579 +         assert!(client.get_investment(&invoice_id2).is_none());
     |

error[E0599]: no method named `get_investment_by_invoice` found for struct `QuickLendXContractClient<'a>` in the 
current scope
    --> src\test_investor_kyc.rs:1580:24
     |
1580 |         assert!(client.get_investment_by_invoice(&invoice_id4).is_none());
     |                        ^^^^^^^^^^^^^^^^^^^^^^^^^
     |
    ::: src\lib.rs:103:1
     |
 103 | #[contract]
     | ----------- method `get_investment_by_invoice` not found for this struct
     |
help: there is a method `get_investment` with a similar name
     |
1580 -         assert!(client.get_investment_by_invoice(&invoice_id4).is_none());
1580 +         assert!(client.get_investment(&invoice_id4).is_none());
     |

error[E0599]: no method named `into_val` found for struct `soroban_sdk::Symbol` in the current scope
   --> src\test_lifecycle.rs:97:27
    |
 97 |     let topic_val = topic.into_val(env);
    |                           ^^^^^^^^
    |
   ::: C:\Users\ADMIN\.cargo\registry\src\index.crates.io-1949cf8c6b5b557f\soroban-sdk-25.1.1\src\env.rs:90:8
    |
 90 |     fn into_val(&self, e: &E) -> T;
    |        -------- the method is available for `soroban_sdk::Symbol` here
    |
    = help: items from traits can only be used if the trait is in scope
help: there is a method `to_val` with a similar name, but with different arguments
   --> C:\Users\ADMIN\.cargo\registry\src\index.crates.io-1949cf8c6b5b557f\soroban-sdk-25.1.1\src\symbol.rs:276:5
    |
276 |     pub fn to_val(&self) -> Val {
    |     ^^^^^^^^^^^^^^^^^^^^^^^^^^^
help: trait `IntoVal` which provides `into_val` is implemented but not in scope; perhaps you want to import it
    |
 39 + use soroban_sdk::IntoVal;
    |

error[E0599]: no method named `all` found for struct `soroban_sdk::events::Events` in the current scope
   --> src\test_lifecycle.rs:98:18
    |
 98 |     env.events().all().iter().any(|evt| {
    |                  ^^^ method not found in `soroban_sdk::events::Events`
    |
   ::: C:\Users\ADMIN\.cargo\registry\src\index.crates.io-1949cf8c6b5b557f\soroban-sdk-25.1.1\src\testutils.rs:543:8
    |
543 |     fn all(&self) -> ContractEvents;
    |        --- the method is available for `soroban_sdk::events::Events` here
    |
    = help: items from traits can only be used if the trait is in scope
help: trait `Events` which provides `all` is implemented but not in scope; perhaps you want to import it
    |
 39 + use soroban_sdk::testutils::Events;
    |

error[E0282]: type annotations needed
  --> src\test_lifecycle.rs:98:36
   |
98 |     env.events().all().iter().any(|evt| {
   |                                    ^^^
99 |         let (_, topics, _): (_, soroban_sdk::Vec<soroban_sdk::Val>, _) = evt.clone();
   |                                                                          --- type must be known at this point
   |
help: consider giving this closure parameter an explicit type
   |
98 |     env.events().all().iter().any(|evt: /* Type */| {
   |                                       ++++++++++++

error[E0599]: no method named `all` found for struct `soroban_sdk::events::Events` in the current scope
   --> src\test_lifecycle.rs:110:28
    |
110 |     let all = env.events().all();
    |                            ^^^ method not found in `soroban_sdk::events::Events`
    |
   ::: C:\Users\ADMIN\.cargo\registry\src\index.crates.io-1949cf8c6b5b557f\soroban-sdk-25.1.1\src\testutils.rs:543:8
    |
543 |     fn all(&self) -> ContractEvents;
    |        --- the method is available for `soroban_sdk::events::Events` here
    |
    = help: items from traits can only be used if the trait is in scope
help: trait `Events` which provides `all` is implemented but not in scope; perhaps you want to import it
    |
 39 + use soroban_sdk::testutils::Events;
    |

error[E0599]: no method named `all` found for struct `soroban_sdk::events::Events` in the current scope
   --> src\test_lifecycle.rs:435:22
    |
435 |         env.events().all().len() >= 5,
    |                      ^^^ method not found in `soroban_sdk::events::Events`
    |
   ::: C:\Users\ADMIN\.cargo\registry\src\index.crates.io-1949cf8c6b5b557f\soroban-sdk-25.1.1\src\testutils.rs:543:8
    |
543 |     fn all(&self) -> ContractEvents;
    |        --- the method is available for `soroban_sdk::events::Events` here
    |
    = help: items from traits can only be used if the trait is in scope
help: trait `Events` which provides `all` is implemented but not in scope; perhaps you want to import it
    |
 39 + use soroban_sdk::testutils::Events;
    |

error[E0308]: mismatched types
    --> src\test_lifecycle.rs:514:52
     |
 514 |     let inv_ver = client.get_investor_verification(investor.clone()).unwrap();
     |                          ------------------------- ^^^^^^^^^^^^^^^^ expected `&Address`, found `Address`
     |                          |
     |                          arguments to this method are incorrect
     |
note: method defined here
    --> src\lib.rs:1228:12
     |
1228 |     pub fn get_investor_verification(env: Env, investor: Address) -> Option<InvestorVerification> {
     |            ^^^^^^^^^^^^^^^^^^^^^^^^^           -----------------
help: consider borrowing here
     |
 514 |     let inv_ver = client.get_investor_verification(&investor.clone()).unwrap();
     |                                                    +

error[E0599]: no method named `unwrap` found for struct `investment::Investment` in the current scope
   --> src\test_lifecycle.rs:537:52
    |
537 |         client.get_invoice_investment(&invoice_id).unwrap().status,
    |                                                    ^^^^^^ method not found in `investment::Investment`
    |
   ::: src\investment.rs:29:1
    |
 29 | pub struct Investment {
    | --------------------- method `unwrap` not found for this struct

error[E0599]: no method named `unwrap` found for struct `investment::Investment` in the current scope
   --> src\test_lifecycle.rs:555:52
    |
555 |         client.get_invoice_investment(&invoice_id).unwrap().status,
    |                                                    ^^^^^^ method not found in `investment::Investment`
    |
   ::: src\investment.rs:29:1
    |
 29 | pub struct Investment {
    | --------------------- method `unwrap` not found for this struct

warning: unused import: `Ledger`
 --> src\test_currency.rs:9:31
  |
9 |     testutils::{Address as _, Ledger},
  |                               ^^^^^^

warning: unused import: `Ledger`
 --> src\test_queries.rs:6:31
  |
6 |     testutils::{Address as _, Ledger},
  |                               ^^^^^^

warning: variable does not need to be mutable
   --> src\storage.rs:248:13
    |
248 |         let mut ids: Vec<BytesN<32>> = env.storage().persistent().get(&key).unwrap_or(Vec::new(env));
    |             ----^^^
    |             |
    |             help: remove this `mut`
    |
    = note: `#[warn(unused_mut)]` (part of `#[warn(unused)]`) on by default

warning: variable does not need to be mutable
   --> src\storage.rs:269:13
    |
269 |         let mut ids: Vec<BytesN<32>> = env.storage().persistent().get(&key).unwrap_or(Vec::new(env));
    |             ----^^^
    |             |
    |             help: remove this `mut`

warning: unused variable: `env`
   --> src\test_admin.rs:730:14
    |
730 |         let (env, client) = setup();
    |              ^^^ help: if this is intentional, prefix it with an underscore: `_env`

warning: unused variable: `env`
    --> src\test_business_kyc.rs:1012:10
     |
1012 |     let (env, client, _admin) = setup();
     |          ^^^ help: if this is intentional, prefix it with an underscore: `_env`

warning: unused variable: `env`
    --> src\test_business_kyc.rs:1020:10
     |
1020 |     let (env, client, _admin) = setup();
     |          ^^^ help: if this is intentional, prefix it with an underscore: `_env`

warning: unused variable: `env`
    --> src\test_business_kyc.rs:1028:10
     |
1028 |     let (env, client, _admin) = setup();
     |          ^^^ help: if this is intentional, prefix it with an underscore: `_env`

warning: unused variable: `result`
   --> src\test_cancel_refund.rs:548:9
    |
548 |     let result = client.try_cancel_invoice(&invoice_id);
    |         ^^^^^^ help: if this is intentional, prefix it with an underscore: `_result`

warning: unused variable: `result`
   --> src\test_cancel_refund.rs:571:9
    |
571 |     let result = client.try_cancel_invoice(&invoice_id);
    |         ^^^^^^ help: if this is intentional, prefix it with an underscore: `_result`

warning: unused variable: `invoice_id_3`
   --> src\test_dispute.rs:465:9
    |
465 |     let invoice_id_3 = create_test_invoice(&env, &client, &business, 200_000);
    |         ^^^^^^^^^^^^ help: if this is intentional, prefix it with an underscore: `_invoice_id_3`

warning: unused variable: `env`
   --> src\test_overflow.rs:159:10
    |
159 |     let (env, client, _admin) = setup_test();
    |          ^^^ help: if this is intentional, prefix it with an underscore: `_env`

warning: unused variable: `env`
   --> src\test_overflow.rs:293:9
    |
293 |     let env = Env::default();
    |         ^^^ help: if this is intentional, prefix it with an underscore: `_env`

warning: unused variable: `env`
   --> src\test_overflow.rs:333:10
    |
333 |     let (env, client, _admin) = setup_test();
    |          ^^^ help: if this is intentional, prefix it with an underscore: `_env`

warning: unused variable: `env`
   --> src\test\test_invoice_categories.rs:164:10
    |
164 |     let (env, client, _admin) = setup_env();
    |          ^^^ help: if this is intentional, prefix it with an underscore: `_env`

warning: unused variable: `env`
   --> src\test\test_invoice_categories.rs:271:10
    |
271 |     let (env, client, _admin) = setup_env();
    |          ^^^ help: if this is intentional, prefix it with an underscore: `_env`

warning: unused variable: `token_client`
   --> src\test.rs:449:9
    |
449 |     let token_client = token::Client::new(&env, &currency);
    |         ^^^^^^^^^^^^ help: if this is intentional, prefix it with an underscore: `_token_client`

warning: unused variable: `i`
    --> src\test.rs:2202:9
     |
2202 |     for i in 0..10 {
     |         ^ help: if this is intentional, prefix it with an underscore: `_i`

warning: unused variable: `bid1`
   --> src\test_bid_ranking.rs:172:9
    |
172 |     let bid1 = client.place_bid(&investor1, &invoice_id, &5_000, &6_000);
    |         ^^^^ help: if this is intentional, prefix it with an underscore: `_bid1`

warning: unused variable: `bid3`
   --> src\test_bid_ranking.rs:178:9
    |
178 |     let bid3 = client.place_bid(&investor3, &invoice_id, &5_000, &6_500);
    |         ^^^^ help: if this is intentional, prefix it with an underscore: `_bid3`

warning: unused variable: `admin`
  --> src\test_fees.rs:24:65
   |
24 | fn setup_investor(env: &Env, client: &QuickLendXContractClient, admin: &Address) -> Address {
   |                                                                 ^^^^^ help: if this is intentional, prefix it 
with an underscore: `_admin`

warning: unused variable: `admin`
   --> src\test_fees.rs:214:9
    |
214 |     let admin = setup_admin(&env, &client);
    |         ^^^^^ help: if this is intentional, prefix it with an underscore: `_admin`

warning: unused variable: `admin`
  --> src\test_audit.rs:53:23
   |
53 |     let (env, client, admin, business) = setup();
   |                       ^^^^^ help: if this is intentional, prefix it with an underscore: `_admin`

warning: unused variable: `admin`
   --> src\test_currency.rs:221:23
    |
221 |     let (env, client, admin) = setup();
    |                       ^^^^^ help: if this is intentional, prefix it with an underscore: `_admin`

warning: unused variable: `admin`
   --> src\test_errors.rs:207:23
    |
207 |     let (env, client, admin) = setup();
    |                       ^^^^^ help: if this is intentional, prefix it with an underscore: `_admin`

warning: unused variable: `token_client`
  --> src\test_events.rs:91:9
   |
91 |     let token_client = token::Client::new(&env, &currency);
   |         ^^^^^^^^^^^^ help: if this is intentional, prefix it with an underscore: `_token_client`

warning: unused variable: `invoice2`
   --> src\test_default.rs:509:9
    |
509 |     let invoice2 = client.get_invoice(&invoice2_id);
    |         ^^^^^^^^ help: if this is intentional, prefix it with an underscore: `_invoice2`

warning: unused variable: `admin`
   --> src\test_partial_payments.rs:542:5
    |
542 |     admin: &Address,
    |     ^^^^^ help: if this is intentional, prefix it with an underscore: `_admin`

warning: unused variable: `actor`
   --> src\test_queries.rs:403:9
    |
403 |     let actor = Address::generate(&env);
    |         ^^^^^ help: if this is intentional, prefix it with an underscore: `_actor`

warning: unused variable: `filter_inv1`
   --> src\test_queries.rs:449:9
    |
449 |     let filter_inv1 = AuditQueryFilter {
    |         ^^^^^^^^^^^ help: if this is intentional, prefix it with an underscore: `_filter_inv1`

warning: unused variable: `filter_created`
   --> src\test_queries.rs:472:9
    |
472 |     let filter_created = AuditQueryFilter {
    |         ^^^^^^^^^^^^^^ help: if this is intentional, prefix it with an underscore: `_filter_created`

warning: unused variable: `env`
   --> src\test_backup.rs:181:10
    |
181 |     let (env, client, admin) = setup();
    |          ^^^ help: if this is intentional, prefix it with an underscore: `_env`

warning: unused variable: `contract_id`
   --> src\test_insurance.rs:160:23
    |
160 |     let (env, client, contract_id) = setup();
    |                       ^^^^^^^^^^^ help: if this is intentional, prefix it with an underscore: `_contract_id`

warning: unused variable: `admin`
   --> src\test_investor_kyc.rs:103:27
    |
103 |         let (env, client, admin) = setup();
    |                           ^^^^^ help: if this is intentional, prefix it with an underscore: `_admin`

warning: unused variable: `non_admin`
   --> src\test_investor_kyc.rs:180:13
    |
180 |         let non_admin = Address::generate(&env);
    |             ^^^^^^^^^ help: if this is intentional, prefix it with an underscore: `_non_admin`

warning: unused variable: `result`
   --> src\test_investor_kyc.rs:193:13
    |
193 |         let result = client.try_verify_investor(&investor, &investment_limit);
    |             ^^^^^^ help: if this is intentional, prefix it with an underscore: `_result`

warning: unused variable: `admin`
   --> src\test_investor_kyc.rs:200:27
    |
200 |         let (env, client, admin) = setup();
    |                           ^^^^^ help: if this is intentional, prefix it with an underscore: `_admin`

warning: unused variable: `business`
   --> src\test_investor_kyc.rs:483:13
    |
483 |         let business = Address::generate(&env);
    |             ^^^^^^^^ help: if this is intentional, prefix it with an underscore: `_business`

warning: unused variable: `high_risk`
   --> src\test_investor_kyc.rs:611:13
    |
611 |         let high_risk = client.get_investors_by_risk_level(&InvestorRiskLevel::High);
    |             ^^^^^^^^^ help: if this is intentional, prefix it with an underscore: `_high_risk`

warning: unused variable: `admin`
   --> src\test_investor_kyc.rs:753:27
    |
753 |         let (env, client, admin) = setup();
    |                           ^^^^^ help: if this is intentional, prefix it with an underscore: `_admin`

warning: unused variable: `admin`
  --> src\test_profit_fee_formula.rs:40:65
   |
40 | fn setup_investor(env: &Env, client: &QuickLendXContractClient, admin: &Address) -> Address {
   |                                                                 ^^^^^ help: if this is intentional, prefix it 
with an underscore: `_admin`

warning: unused variable: `admin`
  --> src\test_profit_fee_formula.rs:80:9
   |
80 |     let admin = setup_admin(&env, &client);
   |         ^^^^^ help: if this is intentional, prefix it with an underscore: `_admin`

warning: unused variable: `admin`
   --> src\test_profit_fee_formula.rs:103:9
    |
103 |     let admin = setup_admin(&env, &client);
    |         ^^^^^ help: if this is intentional, prefix it with an underscore: `_admin`

warning: unused variable: `admin`
   --> src\test_profit_fee_formula.rs:126:9
    |
126 |     let admin = setup_admin(&env, &client);
    |         ^^^^^ help: if this is intentional, prefix it with an underscore: `_admin`

warning: unused variable: `admin`
   --> src\test_profit_fee_formula.rs:301:9
    |
301 |     let admin = setup_admin(&env, &client);
    |         ^^^^^ help: if this is intentional, prefix it with an underscore: `_admin`

warning: unused variable: `admin`
   --> src\test_profit_fee_formula.rs:343:9
    |
343 |     let admin = setup_admin(&env, &client);
    |         ^^^^^ help: if this is intentional, prefix it with an underscore: `_admin`

warning: unused variable: `admin`
   --> src\test_profit_fee_formula.rs:374:9
    |
374 |     let admin = setup_admin(&env, &client);
    |         ^^^^^ help: if this is intentional, prefix it with an underscore: `_admin`

warning: unused variable: `admin`
   --> src\test_profit_fee_formula.rs:590:9
    |
590 |     let admin = setup_admin(&env, &client);
    |         ^^^^^ help: if this is intentional, prefix it with an underscore: `_admin`

warning: unused variable: `admin`
   --> src\test_profit_fee_formula.rs:604:9
    |
604 |     let admin = setup_admin(&env, &client);
    |         ^^^^^ help: if this is intentional, prefix it with an underscore: `_admin`

warning: unused variable: `bid_id_placed`
  --> src\test_bid_queries.rs:77:9
   |
77 |     let bid_id_placed = client.place_bid(&investor, &invoice_id, &1_000, &1_200);
   |         ^^^^^^^^^^^^^ help: if this is intentional, prefix it with an underscore: `_bid_id_placed`

warning: unused variable: `bid_id_expired`
  --> src\test_bid_queries.rs:90:9
   |
90 |     let bid_id_expired = client.place_bid(&investor, &invoice_id, &4_000, &4_800);
   |         ^^^^^^^^^^^^^^ help: if this is intentional, prefix it with an underscore: `_bid_id_expired`

Some errors have detailed explanations: E0061, E0282, E0308, E0599, E0609.
For more information about an error, try `rustc --explain E0061`.
warning: `quicklendx-contracts` (lib test) generated 145 warnings (74 duplicates)
error: could not compile `quicklendx-contracts` (lib test) due to 76 previous errors; 145 warnings emitted
